Determining if the Q_WS_WIN exist failed with the following output:
Change Dir: /home/matthew/CSC232/Lab3/build/CMakeFiles/CMakeTmp

Run Build Command:/usr/bin/make "cmTryCompileExec2840061860/fast"
/usr/bin/make -f CMakeFiles/cmTryCompileExec2840061860.dir/build.make CMakeFiles/cmTryCompileExec2840061860.dir/build
make[1]: Entering directory `/home/matthew/CSC232/Lab3/build/CMakeFiles/CMakeTmp'
/usr/bin/cmake -E cmake_progress_report /home/matthew/CSC232/Lab3/build/CMakeFiles/CMakeTmp/CMakeFiles 1
Building CXX object CMakeFiles/cmTryCompileExec2840061860.dir/CheckSymbolExists.cxx.o
/usr/bin/c++    -I/usr/include/qt4    -o CMakeFiles/cmTryCompileExec2840061860.dir/CheckSymbolExists.cxx.o -c /home/matthew/CSC232/Lab3/build/CMakeFiles/CMakeTmp/CheckSymbolExists.cxx
/home/matthew/CSC232/Lab3/build/CMakeFiles/CMakeTmp/CheckSymbolExists.cxx: In function ‘int main(int, char**)’:
/home/matthew/CSC232/Lab3/build/CMakeFiles/CMakeTmp/CheckSymbolExists.cxx:8:19: error: ‘Q_WS_WIN’ was not declared in this scope
   return ((int*)(&Q_WS_WIN))[argc];
                   ^
make[1]: *** [CMakeFiles/cmTryCompileExec2840061860.dir/CheckSymbolExists.cxx.o] Error 1
make[1]: Leaving directory `/home/matthew/CSC232/Lab3/build/CMakeFiles/CMakeTmp'
make: *** [cmTryCompileExec2840061860/fast] Error 2

File /home/matthew/CSC232/Lab3/build/CMakeFiles/CMakeTmp/CheckSymbolExists.cxx:
/* */
#include <QtCore/qglobal.h>

int main(int argc, char** argv)
{
  (void)argv;
#ifndef Q_WS_WIN
  return ((int*)(&Q_WS_WIN))[argc];
#else
  (void)argc;
  return 0;
#endif
}

Determining if the Q_WS_QWS exist failed with the following output:
Change Dir: /home/matthew/CSC232/Lab3/build/CMakeFiles/CMakeTmp

Run Build Command:/usr/bin/make "cmTryCompileExec2469531723/fast"
/usr/bin/make -f CMakeFiles/cmTryCompileExec2469531723.dir/build.make CMakeFiles/cmTryCompileExec2469531723.dir/build
make[1]: Entering directory `/home/matthew/CSC232/Lab3/build/CMakeFiles/CMakeTmp'
/usr/bin/cmake -E cmake_progress_report /home/matthew/CSC232/Lab3/build/CMakeFiles/CMakeTmp/CMakeFiles 1
Building CXX object CMakeFiles/cmTryCompileExec2469531723.dir/CheckSymbolExists.cxx.o
/usr/bin/c++    -I/usr/include/qt4    -o CMakeFiles/cmTryCompileExec2469531723.dir/CheckSymbolExists.cxx.o -c /home/matthew/CSC232/Lab3/build/CMakeFiles/CMakeTmp/CheckSymbolExists.cxx
/home/matthew/CSC232/Lab3/build/CMakeFiles/CMakeTmp/CheckSymbolExists.cxx: In function ‘int main(int, char**)’:
/home/matthew/CSC232/Lab3/build/CMakeFiles/CMakeTmp/CheckSymbolExists.cxx:8:19: error: ‘Q_WS_QWS’ was not declared in this scope
   return ((int*)(&Q_WS_QWS))[argc];
                   ^
make[1]: *** [CMakeFiles/cmTryCompileExec2469531723.dir/CheckSymbolExists.cxx.o] Error 1
make[1]: Leaving directory `/home/matthew/CSC232/Lab3/build/CMakeFiles/CMakeTmp'
make: *** [cmTryCompileExec2469531723/fast] Error 2

File /home/matthew/CSC232/Lab3/build/CMakeFiles/CMakeTmp/CheckSymbolExists.cxx:
/* */
#include <QtCore/qglobal.h>

int main(int argc, char** argv)
{
  (void)argv;
#ifndef Q_WS_QWS
  return ((int*)(&Q_WS_QWS))[argc];
#else
  (void)argc;
  return 0;
#endif
}

Determining if the Q_WS_MAC exist failed with the following output:
Change Dir: /home/matthew/CSC232/Lab3/build/CMakeFiles/CMakeTmp

Run Build Command:/usr/bin/make "cmTryCompileExec2555551367/fast"
/usr/bin/make -f CMakeFiles/cmTryCompileExec2555551367.dir/build.make CMakeFiles/cmTryCompileExec2555551367.dir/build
make[1]: Entering directory `/home/matthew/CSC232/Lab3/build/CMakeFiles/CMakeTmp'
/usr/bin/cmake -E cmake_progress_report /home/matthew/CSC232/Lab3/build/CMakeFiles/CMakeTmp/CMakeFiles 1
Building CXX object CMakeFiles/cmTryCompileExec2555551367.dir/CheckSymbolExists.cxx.o
/usr/bin/c++    -I/usr/include/qt4    -o CMakeFiles/cmTryCompileExec2555551367.dir/CheckSymbolExists.cxx.o -c /home/matthew/CSC232/Lab3/build/CMakeFiles/CMakeTmp/CheckSymbolExists.cxx
/home/matthew/CSC232/Lab3/build/CMakeFiles/CMakeTmp/CheckSymbolExists.cxx: In function ‘int main(int, char**)’:
/home/matthew/CSC232/Lab3/build/CMakeFiles/CMakeTmp/CheckSymbolExists.cxx:8:19: error: ‘Q_WS_MAC’ was not declared in this scope
   return ((int*)(&Q_WS_MAC))[argc];
                   ^
make[1]: *** [CMakeFiles/cmTryCompileExec2555551367.dir/CheckSymbolExists.cxx.o] Error 1
make[1]: Leaving directory `/home/matthew/CSC232/Lab3/build/CMakeFiles/CMakeTmp'
make: *** [cmTryCompileExec2555551367/fast] Error 2

File /home/matthew/CSC232/Lab3/build/CMakeFiles/CMakeTmp/CheckSymbolExists.cxx:
/* */
#include <QtCore/qglobal.h>

int main(int argc, char** argv)
{
  (void)argv;
#ifndef Q_WS_MAC
  return ((int*)(&Q_WS_MAC))[argc];
#else
  (void)argc;
  return 0;
#endif
}

Determining if the Q_WS_WIN exist failed with the following output:
Change Dir: /home/matthew/CSC232/Lab3/build/CMakeFiles/CMakeTmp

Run Build Command:/usr/bin/make "cmTryCompileExec3453771194/fast"
/usr/bin/make -f CMakeFiles/cmTryCompileExec3453771194.dir/build.make CMakeFiles/cmTryCompileExec3453771194.dir/build
make[1]: Entering directory `/home/matthew/CSC232/Lab3/build/CMakeFiles/CMakeTmp'
/usr/bin/cmake -E cmake_progress_report /home/matthew/CSC232/Lab3/build/CMakeFiles/CMakeTmp/CMakeFiles 1
Building CXX object CMakeFiles/cmTryCompileExec3453771194.dir/CheckSymbolExists.cxx.o
/usr/bin/c++    -I/usr/include/qt4    -o CMakeFiles/cmTryCompileExec3453771194.dir/CheckSymbolExists.cxx.o -c /home/matthew/CSC232/Lab3/build/CMakeFiles/CMakeTmp/CheckSymbolExists.cxx
/home/matthew/CSC232/Lab3/build/CMakeFiles/CMakeTmp/CheckSymbolExists.cxx: In function ‘int main(int, char**)’:
/home/matthew/CSC232/Lab3/build/CMakeFiles/CMakeTmp/CheckSymbolExists.cxx:8:19: error: ‘Q_WS_WIN’ was not declared in this scope
   return ((int*)(&Q_WS_WIN))[argc];
                   ^
make[1]: *** [CMakeFiles/cmTryCompileExec3453771194.dir/CheckSymbolExists.cxx.o] Error 1
make[1]: Leaving directory `/home/matthew/CSC232/Lab3/build/CMakeFiles/CMakeTmp'
make: *** [cmTryCompileExec3453771194/fast] Error 2

File /home/matthew/CSC232/Lab3/build/CMakeFiles/CMakeTmp/CheckSymbolExists.cxx:
/* */
#include <QtCore/qglobal.h>

int main(int argc, char** argv)
{
  (void)argv;
#ifndef Q_WS_WIN
  return ((int*)(&Q_WS_WIN))[argc];
#else
  (void)argc;
  return 0;
#endif
}

Determining if the Q_WS_QWS exist failed with the following output:
Change Dir: /home/matthew/CSC232/Lab3/build/CMakeFiles/CMakeTmp

Run Build Command:/usr/bin/make "cmTryCompileExec74286897/fast"
/usr/bin/make -f CMakeFiles/cmTryCompileExec74286897.dir/build.make CMakeFiles/cmTryCompileExec74286897.dir/build
make[1]: Entering directory `/home/matthew/CSC232/Lab3/build/CMakeFiles/CMakeTmp'
/usr/bin/cmake -E cmake_progress_report /home/matthew/CSC232/Lab3/build/CMakeFiles/CMakeTmp/CMakeFiles 1
Building CXX object CMakeFiles/cmTryCompileExec74286897.dir/CheckSymbolExists.cxx.o
/usr/bin/c++    -I/usr/include/qt4    -o CMakeFiles/cmTryCompileExec74286897.dir/CheckSymbolExists.cxx.o -c /home/matthew/CSC232/Lab3/build/CMakeFiles/CMakeTmp/CheckSymbolExists.cxx
/home/matthew/CSC232/Lab3/build/CMakeFiles/CMakeTmp/CheckSymbolExists.cxx: In function ‘int main(int, char**)’:
/home/matthew/CSC232/Lab3/build/CMakeFiles/CMakeTmp/CheckSymbolExists.cxx:8:19: error: ‘Q_WS_QWS’ was not declared in this scope
   return ((int*)(&Q_WS_QWS))[argc];
                   ^
make[1]: *** [CMakeFiles/cmTryCompileExec74286897.dir/CheckSymbolExists.cxx.o] Error 1
make[1]: Leaving directory `/home/matthew/CSC232/Lab3/build/CMakeFiles/CMakeTmp'
make: *** [cmTryCompileExec74286897/fast] Error 2

File /home/matthew/CSC232/Lab3/build/CMakeFiles/CMakeTmp/CheckSymbolExists.cxx:
/* */
#include <QtCore/qglobal.h>

int main(int argc, char** argv)
{
  (void)argv;
#ifndef Q_WS_QWS
  return ((int*)(&Q_WS_QWS))[argc];
#else
  (void)argc;
  return 0;
#endif
}

Determining if the Q_WS_MAC exist failed with the following output:
Change Dir: /home/matthew/CSC232/Lab3/build/CMakeFiles/CMakeTmp

Run Build Command:/usr/bin/make "cmTryCompileExec102632903/fast"
/usr/bin/make -f CMakeFiles/cmTryCompileExec102632903.dir/build.make CMakeFiles/cmTryCompileExec102632903.dir/build
make[1]: Entering directory `/home/matthew/CSC232/Lab3/build/CMakeFiles/CMakeTmp'
/usr/bin/cmake -E cmake_progress_report /home/matthew/CSC232/Lab3/build/CMakeFiles/CMakeTmp/CMakeFiles 1
Building CXX object CMakeFiles/cmTryCompileExec102632903.dir/CheckSymbolExists.cxx.o
/usr/bin/c++    -I/usr/include/qt4    -o CMakeFiles/cmTryCompileExec102632903.dir/CheckSymbolExists.cxx.o -c /home/matthew/CSC232/Lab3/build/CMakeFiles/CMakeTmp/CheckSymbolExists.cxx
/home/matthew/CSC232/Lab3/build/CMakeFiles/CMakeTmp/CheckSymbolExists.cxx: In function ‘int main(int, char**)’:
/home/matthew/CSC232/Lab3/build/CMakeFiles/CMakeTmp/CheckSymbolExists.cxx:8:19: error: ‘Q_WS_MAC’ was not declared in this scope
   return ((int*)(&Q_WS_MAC))[argc];
                   ^
make[1]: *** [CMakeFiles/cmTryCompileExec102632903.dir/CheckSymbolExists.cxx.o] Error 1
make[1]: Leaving directory `/home/matthew/CSC232/Lab3/build/CMakeFiles/CMakeTmp'
make: *** [cmTryCompileExec102632903/fast] Error 2

File /home/matthew/CSC232/Lab3/build/CMakeFiles/CMakeTmp/CheckSymbolExists.cxx:
/* */
#include <QtCore/qglobal.h>

int main(int argc, char** argv)
{
  (void)argv;
#ifndef Q_WS_MAC
  return ((int*)(&Q_WS_MAC))[argc];
#else
  (void)argc;
  return 0;
#endif
}

Determining if the Q_WS_WIN exist failed with the following output:
Change Dir: /home/matthew/CSC232/Lab3/build/CMakeFiles/CMakeTmp

Run Build Command:/usr/bin/make "cmTryCompileExec/fast"
/usr/bin/make -f CMakeFiles/cmTryCompileExec.dir/build.make CMakeFiles/cmTryCompileExec.dir/build
make[1]: Entering directory `/home/matthew/CSC232/Lab3/build/CMakeFiles/CMakeTmp'
/usr/bin/cmake -E cmake_progress_report /home/matthew/CSC232/Lab3/build/CMakeFiles/CMakeTmp/CMakeFiles 1
Building CXX object CMakeFiles/cmTryCompileExec.dir/CheckSymbolExists.cxx.o
/usr/bin/c++    -I/usr/include/qt4    -o CMakeFiles/cmTryCompileExec.dir/CheckSymbolExists.cxx.o -c /home/matthew/CSC232/Lab3/build/CMakeFiles/CMakeTmp/CheckSymbolExists.cxx
/home/matthew/CSC232/Lab3/build/CMakeFiles/CMakeTmp/CheckSymbolExists.cxx: In function 'int main()':
/home/matthew/CSC232/Lab3/build/CMakeFiles/CMakeTmp/CheckSymbolExists.cxx:8:25: error: 'Q_WS_WIN' was not declared in this scope
make[1]: *** [CMakeFiles/cmTryCompileExec.dir/CheckSymbolExists.cxx.o] Error 1
make[1]: Leaving directory `/home/matthew/CSC232/Lab3/build/CMakeFiles/CMakeTmp'
make: *** [cmTryCompileExec/fast] Error 2

File /home/matthew/CSC232/Lab3/build/CMakeFiles/CMakeTmp/CheckSymbolExists.cxx:
/* */
#include <QtCore/qglobal.h>

void cmakeRequireSymbol(int dummy,...){(void)dummy;}
int main()
{
#ifndef Q_WS_WIN
  cmakeRequireSymbol(0,&Q_WS_WIN);
#endif
  return 0;
}

Determining if the Q_WS_QWS exist failed with the following output:
Change Dir: /home/matthew/CSC232/Lab3/build/CMakeFiles/CMakeTmp

Run Build Command:/usr/bin/make "cmTryCompileExec/fast"
/usr/bin/make -f CMakeFiles/cmTryCompileExec.dir/build.make CMakeFiles/cmTryCompileExec.dir/build
make[1]: Entering directory `/home/matthew/CSC232/Lab3/build/CMakeFiles/CMakeTmp'
/usr/bin/cmake -E cmake_progress_report /home/matthew/CSC232/Lab3/build/CMakeFiles/CMakeTmp/CMakeFiles 1
Building CXX object CMakeFiles/cmTryCompileExec.dir/CheckSymbolExists.cxx.o
/usr/bin/c++    -I/usr/include/qt4    -o CMakeFiles/cmTryCompileExec.dir/CheckSymbolExists.cxx.o -c /home/matthew/CSC232/Lab3/build/CMakeFiles/CMakeTmp/CheckSymbolExists.cxx
/home/matthew/CSC232/Lab3/build/CMakeFiles/CMakeTmp/CheckSymbolExists.cxx: In function 'int main()':
/home/matthew/CSC232/Lab3/build/CMakeFiles/CMakeTmp/CheckSymbolExists.cxx:8:25: error: 'Q_WS_QWS' was not declared in this scope
make[1]: *** [CMakeFiles/cmTryCompileExec.dir/CheckSymbolExists.cxx.o] Error 1
make[1]: Leaving directory `/home/matthew/CSC232/Lab3/build/CMakeFiles/CMakeTmp'
make: *** [cmTryCompileExec/fast] Error 2

File /home/matthew/CSC232/Lab3/build/CMakeFiles/CMakeTmp/CheckSymbolExists.cxx:
/* */
#include <QtCore/qglobal.h>

void cmakeRequireSymbol(int dummy,...){(void)dummy;}
int main()
{
#ifndef Q_WS_QWS
  cmakeRequireSymbol(0,&Q_WS_QWS);
#endif
  return 0;
}

Determining if the Q_WS_MAC exist failed with the following output:
Change Dir: /home/matthew/CSC232/Lab3/build/CMakeFiles/CMakeTmp

Run Build Command:/usr/bin/make "cmTryCompileExec/fast"
/usr/bin/make -f CMakeFiles/cmTryCompileExec.dir/build.make CMakeFiles/cmTryCompileExec.dir/build
make[1]: Entering directory `/home/matthew/CSC232/Lab3/build/CMakeFiles/CMakeTmp'
/usr/bin/cmake -E cmake_progress_report /home/matthew/CSC232/Lab3/build/CMakeFiles/CMakeTmp/CMakeFiles 1
Building CXX object CMakeFiles/cmTryCompileExec.dir/CheckSymbolExists.cxx.o
/usr/bin/c++    -I/usr/include/qt4    -o CMakeFiles/cmTryCompileExec.dir/CheckSymbolExists.cxx.o -c /home/matthew/CSC232/Lab3/build/CMakeFiles/CMakeTmp/CheckSymbolExists.cxx
/home/matthew/CSC232/Lab3/build/CMakeFiles/CMakeTmp/CheckSymbolExists.cxx: In function 'int main()':
/home/matthew/CSC232/Lab3/build/CMakeFiles/CMakeTmp/CheckSymbolExists.cxx:8:25: error: 'Q_WS_MAC' was not declared in this scope
make[1]: *** [CMakeFiles/cmTryCompileExec.dir/CheckSymbolExists.cxx.o] Error 1
make[1]: Leaving directory `/home/matthew/CSC232/Lab3/build/CMakeFiles/CMakeTmp'
make: *** [cmTryCompileExec/fast] Error 2

File /home/matthew/CSC232/Lab3/build/CMakeFiles/CMakeTmp/CheckSymbolExists.cxx:
/* */
#include <QtCore/qglobal.h>

void cmakeRequireSymbol(int dummy,...){(void)dummy;}
int main()
{
#ifndef Q_WS_MAC
  cmakeRequireSymbol(0,&Q_WS_MAC);
#endif
  return 0;
}

