Determining if the Q_WS_WIN exist failed with the following output:
Change Dir: /home/matthew/CSC232/Lab4/build/CMakeFiles/CMakeTmp

Run Build Command:/usr/bin/make "cmTryCompileExec2005686626/fast"
make[1]: Entering directory `/home/matthew/CSC232/Lab4/build/CMakeFiles/CMakeTmp'
/usr/bin/make -f CMakeFiles/cmTryCompileExec2005686626.dir/build.make CMakeFiles/cmTryCompileExec2005686626.dir/build
make[2]: Entering directory `/home/matthew/CSC232/Lab4/build/CMakeFiles/CMakeTmp'
/usr/bin/cmake -E cmake_progress_report /home/matthew/CSC232/Lab4/build/CMakeFiles/CMakeTmp/CMakeFiles 1
Building CXX object CMakeFiles/cmTryCompileExec2005686626.dir/CheckSymbolExists.cxx.o
/usr/bin/c++    -I/usr/include/qt4    -o CMakeFiles/cmTryCompileExec2005686626.dir/CheckSymbolExists.cxx.o -c /home/matthew/CSC232/Lab4/build/CMakeFiles/CMakeTmp/CheckSymbolExists.cxx
/home/matthew/CSC232/Lab4/build/CMakeFiles/CMakeTmp/CheckSymbolExists.cxx: In function ‘int main(int, char**)’:
/home/matthew/CSC232/Lab4/build/CMakeFiles/CMakeTmp/CheckSymbolExists.cxx:8:19: error: ‘Q_WS_WIN’ was not declared in this scope
   return ((int*)(&Q_WS_WIN))[argc];
                   ^
make[2]: *** [CMakeFiles/cmTryCompileExec2005686626.dir/CheckSymbolExists.cxx.o] Error 1
make[2]: Leaving directory `/home/matthew/CSC232/Lab4/build/CMakeFiles/CMakeTmp'
make[1]: *** [cmTryCompileExec2005686626/fast] Error 2
make[1]: Leaving directory `/home/matthew/CSC232/Lab4/build/CMakeFiles/CMakeTmp'

File /home/matthew/CSC232/Lab4/build/CMakeFiles/CMakeTmp/CheckSymbolExists.cxx:
/* */
#include <QtCore/qglobal.h>

int main(int argc, char** argv)
{
  (void)argv;
#ifndef Q_WS_WIN
  return ((int*)(&Q_WS_WIN))[argc];
#else
  (void)argc;
  return 0;
#endif
}

Determining if the Q_WS_QWS exist failed with the following output:
Change Dir: /home/matthew/CSC232/Lab4/build/CMakeFiles/CMakeTmp

Run Build Command:/usr/bin/make "cmTryCompileExec3845850416/fast"
make[1]: Entering directory `/home/matthew/CSC232/Lab4/build/CMakeFiles/CMakeTmp'
/usr/bin/make -f CMakeFiles/cmTryCompileExec3845850416.dir/build.make CMakeFiles/cmTryCompileExec3845850416.dir/build
make[2]: Entering directory `/home/matthew/CSC232/Lab4/build/CMakeFiles/CMakeTmp'
/usr/bin/cmake -E cmake_progress_report /home/matthew/CSC232/Lab4/build/CMakeFiles/CMakeTmp/CMakeFiles 1
Building CXX object CMakeFiles/cmTryCompileExec3845850416.dir/CheckSymbolExists.cxx.o
/usr/bin/c++    -I/usr/include/qt4    -o CMakeFiles/cmTryCompileExec3845850416.dir/CheckSymbolExists.cxx.o -c /home/matthew/CSC232/Lab4/build/CMakeFiles/CMakeTmp/CheckSymbolExists.cxx
/home/matthew/CSC232/Lab4/build/CMakeFiles/CMakeTmp/CheckSymbolExists.cxx: In function ‘int main(int, char**)’:
/home/matthew/CSC232/Lab4/build/CMakeFiles/CMakeTmp/CheckSymbolExists.cxx:8:19: error: ‘Q_WS_QWS’ was not declared in this scope
   return ((int*)(&Q_WS_QWS))[argc];
                   ^
make[2]: Leaving directory `/home/matthew/CSC232/Lab4/build/CMakeFiles/CMakeTmp'
make[2]: *** [CMakeFiles/cmTryCompileExec3845850416.dir/CheckSymbolExists.cxx.o] Error 1
make[1]: *** [cmTryCompileExec3845850416/fast] Error 2
make[1]: Leaving directory `/home/matthew/CSC232/Lab4/build/CMakeFiles/CMakeTmp'

File /home/matthew/CSC232/Lab4/build/CMakeFiles/CMakeTmp/CheckSymbolExists.cxx:
/* */
#include <QtCore/qglobal.h>

int main(int argc, char** argv)
{
  (void)argv;
#ifndef Q_WS_QWS
  return ((int*)(&Q_WS_QWS))[argc];
#else
  (void)argc;
  return 0;
#endif
}

Determining if the Q_WS_MAC exist failed with the following output:
Change Dir: /home/matthew/CSC232/Lab4/build/CMakeFiles/CMakeTmp

Run Build Command:/usr/bin/make "cmTryCompileExec2874571694/fast"
make[1]: Entering directory `/home/matthew/CSC232/Lab4/build/CMakeFiles/CMakeTmp'
/usr/bin/make -f CMakeFiles/cmTryCompileExec2874571694.dir/build.make CMakeFiles/cmTryCompileExec2874571694.dir/build
make[2]: Entering directory `/home/matthew/CSC232/Lab4/build/CMakeFiles/CMakeTmp'
/usr/bin/cmake -E cmake_progress_report /home/matthew/CSC232/Lab4/build/CMakeFiles/CMakeTmp/CMakeFiles 1
Building CXX object CMakeFiles/cmTryCompileExec2874571694.dir/CheckSymbolExists.cxx.o
/usr/bin/c++    -I/usr/include/qt4    -o CMakeFiles/cmTryCompileExec2874571694.dir/CheckSymbolExists.cxx.o -c /home/matthew/CSC232/Lab4/build/CMakeFiles/CMakeTmp/CheckSymbolExists.cxx
/home/matthew/CSC232/Lab4/build/CMakeFiles/CMakeTmp/CheckSymbolExists.cxx: In function ‘int main(int, char**)’:
/home/matthew/CSC232/Lab4/build/CMakeFiles/CMakeTmp/CheckSymbolExists.cxx:8:19: error: ‘Q_WS_MAC’ was not declared in this scope
   return ((int*)(&Q_WS_MAC))[argc];
                   ^
make[2]: *** [CMakeFiles/cmTryCompileExec2874571694.dir/CheckSymbolExists.cxx.o] Error 1
make[2]: Leaving directory `/home/matthew/CSC232/Lab4/build/CMakeFiles/CMakeTmp'
make[1]: *** [cmTryCompileExec2874571694/fast] Error 2
make[1]: Leaving directory `/home/matthew/CSC232/Lab4/build/CMakeFiles/CMakeTmp'

File /home/matthew/CSC232/Lab4/build/CMakeFiles/CMakeTmp/CheckSymbolExists.cxx:
/* */
#include <QtCore/qglobal.h>

int main(int argc, char** argv)
{
  (void)argv;
#ifndef Q_WS_MAC
  return ((int*)(&Q_WS_MAC))[argc];
#else
  (void)argc;
  return 0;
#endif
}

Determining if the Q_WS_WIN exist failed with the following output:
Change Dir: /home/matthew/CSC232/Lab4/build/CMakeFiles/CMakeTmp

Run Build Command:/usr/bin/make "cmTryCompileExec1898206149/fast"
/usr/bin/make -f CMakeFiles/cmTryCompileExec1898206149.dir/build.make CMakeFiles/cmTryCompileExec1898206149.dir/build
make[1]: Entering directory `/home/matthew/CSC232/Lab4/build/CMakeFiles/CMakeTmp'
/usr/bin/cmake -E cmake_progress_report /home/matthew/CSC232/Lab4/build/CMakeFiles/CMakeTmp/CMakeFiles 1
Building CXX object CMakeFiles/cmTryCompileExec1898206149.dir/CheckSymbolExists.cxx.o
/usr/bin/c++    -I/usr/include/qt4    -o CMakeFiles/cmTryCompileExec1898206149.dir/CheckSymbolExists.cxx.o -c /home/matthew/CSC232/Lab4/build/CMakeFiles/CMakeTmp/CheckSymbolExists.cxx
/home/matthew/CSC232/Lab4/build/CMakeFiles/CMakeTmp/CheckSymbolExists.cxx: In function ‘int main(int, char**)’:
/home/matthew/CSC232/Lab4/build/CMakeFiles/CMakeTmp/CheckSymbolExists.cxx:8:19: error: ‘Q_WS_WIN’ was not declared in this scope
   return ((int*)(&Q_WS_WIN))[argc];
                   ^
make[1]: *** [CMakeFiles/cmTryCompileExec1898206149.dir/CheckSymbolExists.cxx.o] Error 1
make[1]: Leaving directory `/home/matthew/CSC232/Lab4/build/CMakeFiles/CMakeTmp'
make: *** [cmTryCompileExec1898206149/fast] Error 2

File /home/matthew/CSC232/Lab4/build/CMakeFiles/CMakeTmp/CheckSymbolExists.cxx:
/* */
#include <QtCore/qglobal.h>

int main(int argc, char** argv)
{
  (void)argv;
#ifndef Q_WS_WIN
  return ((int*)(&Q_WS_WIN))[argc];
#else
  (void)argc;
  return 0;
#endif
}

Determining if the Q_WS_QWS exist failed with the following output:
Change Dir: /home/matthew/CSC232/Lab4/build/CMakeFiles/CMakeTmp

Run Build Command:/usr/bin/make "cmTryCompileExec2541895020/fast"
/usr/bin/make -f CMakeFiles/cmTryCompileExec2541895020.dir/build.make CMakeFiles/cmTryCompileExec2541895020.dir/build
make[1]: Entering directory `/home/matthew/CSC232/Lab4/build/CMakeFiles/CMakeTmp'
/usr/bin/cmake -E cmake_progress_report /home/matthew/CSC232/Lab4/build/CMakeFiles/CMakeTmp/CMakeFiles 1
Building CXX object CMakeFiles/cmTryCompileExec2541895020.dir/CheckSymbolExists.cxx.o
/usr/bin/c++    -I/usr/include/qt4    -o CMakeFiles/cmTryCompileExec2541895020.dir/CheckSymbolExists.cxx.o -c /home/matthew/CSC232/Lab4/build/CMakeFiles/CMakeTmp/CheckSymbolExists.cxx
/home/matthew/CSC232/Lab4/build/CMakeFiles/CMakeTmp/CheckSymbolExists.cxx: In function ‘int main(int, char**)’:
/home/matthew/CSC232/Lab4/build/CMakeFiles/CMakeTmp/CheckSymbolExists.cxx:8:19: error: ‘Q_WS_QWS’ was not declared in this scope
   return ((int*)(&Q_WS_QWS))[argc];
                   ^
make[1]: Leaving directory `/home/matthew/CSC232/Lab4/build/CMakeFiles/CMakeTmp'
make[1]: *** [CMakeFiles/cmTryCompileExec2541895020.dir/CheckSymbolExists.cxx.o] Error 1
make: *** [cmTryCompileExec2541895020/fast] Error 2

File /home/matthew/CSC232/Lab4/build/CMakeFiles/CMakeTmp/CheckSymbolExists.cxx:
/* */
#include <QtCore/qglobal.h>

int main(int argc, char** argv)
{
  (void)argv;
#ifndef Q_WS_QWS
  return ((int*)(&Q_WS_QWS))[argc];
#else
  (void)argc;
  return 0;
#endif
}

Determining if the Q_WS_MAC exist failed with the following output:
Change Dir: /home/matthew/CSC232/Lab4/build/CMakeFiles/CMakeTmp

Run Build Command:/usr/bin/make "cmTryCompileExec656928608/fast"
/usr/bin/make -f CMakeFiles/cmTryCompileExec656928608.dir/build.make CMakeFiles/cmTryCompileExec656928608.dir/build
make[1]: Entering directory `/home/matthew/CSC232/Lab4/build/CMakeFiles/CMakeTmp'
/usr/bin/cmake -E cmake_progress_report /home/matthew/CSC232/Lab4/build/CMakeFiles/CMakeTmp/CMakeFiles 1
Building CXX object CMakeFiles/cmTryCompileExec656928608.dir/CheckSymbolExists.cxx.o
/usr/bin/c++    -I/usr/include/qt4    -o CMakeFiles/cmTryCompileExec656928608.dir/CheckSymbolExists.cxx.o -c /home/matthew/CSC232/Lab4/build/CMakeFiles/CMakeTmp/CheckSymbolExists.cxx
/home/matthew/CSC232/Lab4/build/CMakeFiles/CMakeTmp/CheckSymbolExists.cxx: In function ‘int main(int, char**)’:
/home/matthew/CSC232/Lab4/build/CMakeFiles/CMakeTmp/CheckSymbolExists.cxx:8:19: error: ‘Q_WS_MAC’ was not declared in this scope
   return ((int*)(&Q_WS_MAC))[argc];
                   ^
make[1]: *** [CMakeFiles/cmTryCompileExec656928608.dir/CheckSymbolExists.cxx.o] Error 1
make[1]: Leaving directory `/home/matthew/CSC232/Lab4/build/CMakeFiles/CMakeTmp'
make: *** [cmTryCompileExec656928608/fast] Error 2

File /home/matthew/CSC232/Lab4/build/CMakeFiles/CMakeTmp/CheckSymbolExists.cxx:
/* */
#include <QtCore/qglobal.h>

int main(int argc, char** argv)
{
  (void)argv;
#ifndef Q_WS_MAC
  return ((int*)(&Q_WS_MAC))[argc];
#else
  (void)argc;
  return 0;
#endif
}

Determining if the Q_WS_WIN exist failed with the following output:
Change Dir: /home/matthew/CSC232/Lab4/build/CMakeFiles/CMakeTmp

Run Build Command:/usr/bin/make "cmTryCompileExec3218481544/fast"
/usr/bin/make -f CMakeFiles/cmTryCompileExec3218481544.dir/build.make CMakeFiles/cmTryCompileExec3218481544.dir/build
make[1]: Entering directory `/home/matthew/CSC232/Lab4/build/CMakeFiles/CMakeTmp'
/usr/bin/cmake -E cmake_progress_report /home/matthew/CSC232/Lab4/build/CMakeFiles/CMakeTmp/CMakeFiles 1
Building CXX object CMakeFiles/cmTryCompileExec3218481544.dir/CheckSymbolExists.cxx.o
/usr/bin/c++    -I/usr/include/qt4    -o CMakeFiles/cmTryCompileExec3218481544.dir/CheckSymbolExists.cxx.o -c /home/matthew/CSC232/Lab4/build/CMakeFiles/CMakeTmp/CheckSymbolExists.cxx
/home/matthew/CSC232/Lab4/build/CMakeFiles/CMakeTmp/CheckSymbolExists.cxx: In function ‘int main(int, char**)’:
/home/matthew/CSC232/Lab4/build/CMakeFiles/CMakeTmp/CheckSymbolExists.cxx:8:19: error: ‘Q_WS_WIN’ was not declared in this scope
   return ((int*)(&Q_WS_WIN))[argc];
                   ^
make[1]: *** [CMakeFiles/cmTryCompileExec3218481544.dir/CheckSymbolExists.cxx.o] Error 1
make[1]: Leaving directory `/home/matthew/CSC232/Lab4/build/CMakeFiles/CMakeTmp'
make: *** [cmTryCompileExec3218481544/fast] Error 2

File /home/matthew/CSC232/Lab4/build/CMakeFiles/CMakeTmp/CheckSymbolExists.cxx:
/* */
#include <QtCore/qglobal.h>

int main(int argc, char** argv)
{
  (void)argv;
#ifndef Q_WS_WIN
  return ((int*)(&Q_WS_WIN))[argc];
#else
  (void)argc;
  return 0;
#endif
}

Determining if the Q_WS_QWS exist failed with the following output:
Change Dir: /home/matthew/CSC232/Lab4/build/CMakeFiles/CMakeTmp

Run Build Command:/usr/bin/make "cmTryCompileExec4037969810/fast"
/usr/bin/make -f CMakeFiles/cmTryCompileExec4037969810.dir/build.make CMakeFiles/cmTryCompileExec4037969810.dir/build
make[1]: Entering directory `/home/matthew/CSC232/Lab4/build/CMakeFiles/CMakeTmp'
/usr/bin/cmake -E cmake_progress_report /home/matthew/CSC232/Lab4/build/CMakeFiles/CMakeTmp/CMakeFiles 1
Building CXX object CMakeFiles/cmTryCompileExec4037969810.dir/CheckSymbolExists.cxx.o
/usr/bin/c++    -I/usr/include/qt4    -o CMakeFiles/cmTryCompileExec4037969810.dir/CheckSymbolExists.cxx.o -c /home/matthew/CSC232/Lab4/build/CMakeFiles/CMakeTmp/CheckSymbolExists.cxx
/home/matthew/CSC232/Lab4/build/CMakeFiles/CMakeTmp/CheckSymbolExists.cxx: In function ‘int main(int, char**)’:
/home/matthew/CSC232/Lab4/build/CMakeFiles/CMakeTmp/CheckSymbolExists.cxx:8:19: error: ‘Q_WS_QWS’ was not declared in this scope
   return ((int*)(&Q_WS_QWS))[argc];
                   ^
make[1]: *** [CMakeFiles/cmTryCompileExec4037969810.dir/CheckSymbolExists.cxx.o] Error 1
make[1]: Leaving directory `/home/matthew/CSC232/Lab4/build/CMakeFiles/CMakeTmp'
make: *** [cmTryCompileExec4037969810/fast] Error 2

File /home/matthew/CSC232/Lab4/build/CMakeFiles/CMakeTmp/CheckSymbolExists.cxx:
/* */
#include <QtCore/qglobal.h>

int main(int argc, char** argv)
{
  (void)argv;
#ifndef Q_WS_QWS
  return ((int*)(&Q_WS_QWS))[argc];
#else
  (void)argc;
  return 0;
#endif
}

Determining if the Q_WS_MAC exist failed with the following output:
Change Dir: /home/matthew/CSC232/Lab4/build/CMakeFiles/CMakeTmp

Run Build Command:/usr/bin/make "cmTryCompileExec2148753136/fast"
/usr/bin/make -f CMakeFiles/cmTryCompileExec2148753136.dir/build.make CMakeFiles/cmTryCompileExec2148753136.dir/build
make[1]: Entering directory `/home/matthew/CSC232/Lab4/build/CMakeFiles/CMakeTmp'
/usr/bin/cmake -E cmake_progress_report /home/matthew/CSC232/Lab4/build/CMakeFiles/CMakeTmp/CMakeFiles 1
Building CXX object CMakeFiles/cmTryCompileExec2148753136.dir/CheckSymbolExists.cxx.o
/usr/bin/c++    -I/usr/include/qt4    -o CMakeFiles/cmTryCompileExec2148753136.dir/CheckSymbolExists.cxx.o -c /home/matthew/CSC232/Lab4/build/CMakeFiles/CMakeTmp/CheckSymbolExists.cxx
/home/matthew/CSC232/Lab4/build/CMakeFiles/CMakeTmp/CheckSymbolExists.cxx: In function ‘int main(int, char**)’:
/home/matthew/CSC232/Lab4/build/CMakeFiles/CMakeTmp/CheckSymbolExists.cxx:8:19: error: ‘Q_WS_MAC’ was not declared in this scope
   return ((int*)(&Q_WS_MAC))[argc];
                   ^
make[1]: *** [CMakeFiles/cmTryCompileExec2148753136.dir/CheckSymbolExists.cxx.o] Error 1
make[1]: Leaving directory `/home/matthew/CSC232/Lab4/build/CMakeFiles/CMakeTmp'
make: *** [cmTryCompileExec2148753136/fast] Error 2

File /home/matthew/CSC232/Lab4/build/CMakeFiles/CMakeTmp/CheckSymbolExists.cxx:
/* */
#include <QtCore/qglobal.h>

int main(int argc, char** argv)
{
  (void)argv;
#ifndef Q_WS_MAC
  return ((int*)(&Q_WS_MAC))[argc];
#else
  (void)argc;
  return 0;
#endif
}

Determining if the Q_WS_WIN exist failed with the following output:
Change Dir: /home/matthew/CSC232/Lab4/build/CMakeFiles/CMakeTmp

Run Build Command:/usr/bin/make "cmTryCompileExec/fast"
/usr/bin/make -f CMakeFiles/cmTryCompileExec.dir/build.make CMakeFiles/cmTryCompileExec.dir/build
make[1]: Entering directory `/home/matthew/CSC232/Lab4/build/CMakeFiles/CMakeTmp'
/usr/bin/cmake -E cmake_progress_report /home/matthew/CSC232/Lab4/build/CMakeFiles/CMakeTmp/CMakeFiles 1
Building CXX object CMakeFiles/cmTryCompileExec.dir/CheckSymbolExists.cxx.o
/usr/bin/c++    -I/usr/include/qt4    -o CMakeFiles/cmTryCompileExec.dir/CheckSymbolExists.cxx.o -c /home/matthew/CSC232/Lab4/build/CMakeFiles/CMakeTmp/CheckSymbolExists.cxx
/home/matthew/CSC232/Lab4/build/CMakeFiles/CMakeTmp/CheckSymbolExists.cxx: In function 'int main()':
/home/matthew/CSC232/Lab4/build/CMakeFiles/CMakeTmp/CheckSymbolExists.cxx:8:25: error: 'Q_WS_WIN' was not declared in this scope
make[1]: *** [CMakeFiles/cmTryCompileExec.dir/CheckSymbolExists.cxx.o] Error 1
make[1]: Leaving directory `/home/matthew/CSC232/Lab4/build/CMakeFiles/CMakeTmp'
make: *** [cmTryCompileExec/fast] Error 2

File /home/matthew/CSC232/Lab4/build/CMakeFiles/CMakeTmp/CheckSymbolExists.cxx:
/* */
#include <QtCore/qglobal.h>

void cmakeRequireSymbol(int dummy,...){(void)dummy;}
int main()
{
#ifndef Q_WS_WIN
  cmakeRequireSymbol(0,&Q_WS_WIN);
#endif
  return 0;
}

Determining if the Q_WS_QWS exist failed with the following output:
Change Dir: /home/matthew/CSC232/Lab4/build/CMakeFiles/CMakeTmp

Run Build Command:/usr/bin/make "cmTryCompileExec/fast"
/usr/bin/make -f CMakeFiles/cmTryCompileExec.dir/build.make CMakeFiles/cmTryCompileExec.dir/build
make[1]: Entering directory `/home/matthew/CSC232/Lab4/build/CMakeFiles/CMakeTmp'
/usr/bin/cmake -E cmake_progress_report /home/matthew/CSC232/Lab4/build/CMakeFiles/CMakeTmp/CMakeFiles 1
Building CXX object CMakeFiles/cmTryCompileExec.dir/CheckSymbolExists.cxx.o
/usr/bin/c++    -I/usr/include/qt4    -o CMakeFiles/cmTryCompileExec.dir/CheckSymbolExists.cxx.o -c /home/matthew/CSC232/Lab4/build/CMakeFiles/CMakeTmp/CheckSymbolExists.cxx
/home/matthew/CSC232/Lab4/build/CMakeFiles/CMakeTmp/CheckSymbolExists.cxx: In function 'int main()':
/home/matthew/CSC232/Lab4/build/CMakeFiles/CMakeTmp/CheckSymbolExists.cxx:8:25: error: 'Q_WS_QWS' was not declared in this scope
make[1]: *** [CMakeFiles/cmTryCompileExec.dir/CheckSymbolExists.cxx.o] Error 1
make[1]: Leaving directory `/home/matthew/CSC232/Lab4/build/CMakeFiles/CMakeTmp'
make: *** [cmTryCompileExec/fast] Error 2

File /home/matthew/CSC232/Lab4/build/CMakeFiles/CMakeTmp/CheckSymbolExists.cxx:
/* */
#include <QtCore/qglobal.h>

void cmakeRequireSymbol(int dummy,...){(void)dummy;}
int main()
{
#ifndef Q_WS_QWS
  cmakeRequireSymbol(0,&Q_WS_QWS);
#endif
  return 0;
}

Determining if the Q_WS_MAC exist failed with the following output:
Change Dir: /home/matthew/CSC232/Lab4/build/CMakeFiles/CMakeTmp

Run Build Command:/usr/bin/make "cmTryCompileExec/fast"
/usr/bin/make -f CMakeFiles/cmTryCompileExec.dir/build.make CMakeFiles/cmTryCompileExec.dir/build
make[1]: Entering directory `/home/matthew/CSC232/Lab4/build/CMakeFiles/CMakeTmp'
/usr/bin/cmake -E cmake_progress_report /home/matthew/CSC232/Lab4/build/CMakeFiles/CMakeTmp/CMakeFiles 1
Building CXX object CMakeFiles/cmTryCompileExec.dir/CheckSymbolExists.cxx.o
/usr/bin/c++    -I/usr/include/qt4    -o CMakeFiles/cmTryCompileExec.dir/CheckSymbolExists.cxx.o -c /home/matthew/CSC232/Lab4/build/CMakeFiles/CMakeTmp/CheckSymbolExists.cxx
/home/matthew/CSC232/Lab4/build/CMakeFiles/CMakeTmp/CheckSymbolExists.cxx: In function 'int main()':
/home/matthew/CSC232/Lab4/build/CMakeFiles/CMakeTmp/CheckSymbolExists.cxx:8:25: error: 'Q_WS_MAC' was not declared in this scope
make[1]: *** [CMakeFiles/cmTryCompileExec.dir/CheckSymbolExists.cxx.o] Error 1
make[1]: Leaving directory `/home/matthew/CSC232/Lab4/build/CMakeFiles/CMakeTmp'
make: *** [cmTryCompileExec/fast] Error 2

File /home/matthew/CSC232/Lab4/build/CMakeFiles/CMakeTmp/CheckSymbolExists.cxx:
/* */
#include <QtCore/qglobal.h>

void cmakeRequireSymbol(int dummy,...){(void)dummy;}
int main()
{
#ifndef Q_WS_MAC
  cmakeRequireSymbol(0,&Q_WS_MAC);
#endif
  return 0;
}

Determining if the Q_WS_WIN exist failed with the following output:
Change Dir: /home/matthew/CSC232/Lab4/build/CMakeFiles/CMakeTmp

Run Build Command:/usr/bin/make "cmTryCompileExec2629243116/fast"
/usr/bin/make -f CMakeFiles/cmTryCompileExec2629243116.dir/build.make CMakeFiles/cmTryCompileExec2629243116.dir/build
make[1]: Entering directory `/home/matthew/CSC232/Lab4/build/CMakeFiles/CMakeTmp'
/usr/bin/cmake -E cmake_progress_report /home/matthew/CSC232/Lab4/build/CMakeFiles/CMakeTmp/CMakeFiles 1
Building CXX object CMakeFiles/cmTryCompileExec2629243116.dir/CheckSymbolExists.cxx.o
/usr/bin/c++    -I/usr/include/qt4    -o CMakeFiles/cmTryCompileExec2629243116.dir/CheckSymbolExists.cxx.o -c /home/matthew/CSC232/Lab4/build/CMakeFiles/CMakeTmp/CheckSymbolExists.cxx
/home/matthew/CSC232/Lab4/build/CMakeFiles/CMakeTmp/CheckSymbolExists.cxx: In function ‘int main(int, char**)’:
/home/matthew/CSC232/Lab4/build/CMakeFiles/CMakeTmp/CheckSymbolExists.cxx:8:19: error: ‘Q_WS_WIN’ was not declared in this scope
   return ((int*)(&Q_WS_WIN))[argc];
                   ^
make[1]: *** [CMakeFiles/cmTryCompileExec2629243116.dir/CheckSymbolExists.cxx.o] Error 1
make[1]: Leaving directory `/home/matthew/CSC232/Lab4/build/CMakeFiles/CMakeTmp'
make: *** [cmTryCompileExec2629243116/fast] Error 2

File /home/matthew/CSC232/Lab4/build/CMakeFiles/CMakeTmp/CheckSymbolExists.cxx:
/* */
#include <QtCore/qglobal.h>

int main(int argc, char** argv)
{
  (void)argv;
#ifndef Q_WS_WIN
  return ((int*)(&Q_WS_WIN))[argc];
#else
  (void)argc;
  return 0;
#endif
}

Determining if the Q_WS_QWS exist failed with the following output:
Change Dir: /home/matthew/CSC232/Lab4/build/CMakeFiles/CMakeTmp

Run Build Command:/usr/bin/make "cmTryCompileExec1931777977/fast"
/usr/bin/make -f CMakeFiles/cmTryCompileExec1931777977.dir/build.make CMakeFiles/cmTryCompileExec1931777977.dir/build
make[1]: Entering directory `/home/matthew/CSC232/Lab4/build/CMakeFiles/CMakeTmp'
/usr/bin/cmake -E cmake_progress_report /home/matthew/CSC232/Lab4/build/CMakeFiles/CMakeTmp/CMakeFiles 1
Building CXX object CMakeFiles/cmTryCompileExec1931777977.dir/CheckSymbolExists.cxx.o
/usr/bin/c++    -I/usr/include/qt4    -o CMakeFiles/cmTryCompileExec1931777977.dir/CheckSymbolExists.cxx.o -c /home/matthew/CSC232/Lab4/build/CMakeFiles/CMakeTmp/CheckSymbolExists.cxx
/home/matthew/CSC232/Lab4/build/CMakeFiles/CMakeTmp/CheckSymbolExists.cxx: In function ‘int main(int, char**)’:
/home/matthew/CSC232/Lab4/build/CMakeFiles/CMakeTmp/CheckSymbolExists.cxx:8:19: error: ‘Q_WS_QWS’ was not declared in this scope
   return ((int*)(&Q_WS_QWS))[argc];
                   ^
make[1]: Leaving directory `/home/matthew/CSC232/Lab4/build/CMakeFiles/CMakeTmp'
make[1]: *** [CMakeFiles/cmTryCompileExec1931777977.dir/CheckSymbolExists.cxx.o] Error 1
make: *** [cmTryCompileExec1931777977/fast] Error 2

File /home/matthew/CSC232/Lab4/build/CMakeFiles/CMakeTmp/CheckSymbolExists.cxx:
/* */
#include <QtCore/qglobal.h>

int main(int argc, char** argv)
{
  (void)argv;
#ifndef Q_WS_QWS
  return ((int*)(&Q_WS_QWS))[argc];
#else
  (void)argc;
  return 0;
#endif
}

Determining if the Q_WS_MAC exist failed with the following output:
Change Dir: /home/matthew/CSC232/Lab4/build/CMakeFiles/CMakeTmp

Run Build Command:/usr/bin/make "cmTryCompileExec480960333/fast"
/usr/bin/make -f CMakeFiles/cmTryCompileExec480960333.dir/build.make CMakeFiles/cmTryCompileExec480960333.dir/build
make[1]: Entering directory `/home/matthew/CSC232/Lab4/build/CMakeFiles/CMakeTmp'
/usr/bin/cmake -E cmake_progress_report /home/matthew/CSC232/Lab4/build/CMakeFiles/CMakeTmp/CMakeFiles 1
Building CXX object CMakeFiles/cmTryCompileExec480960333.dir/CheckSymbolExists.cxx.o
/usr/bin/c++    -I/usr/include/qt4    -o CMakeFiles/cmTryCompileExec480960333.dir/CheckSymbolExists.cxx.o -c /home/matthew/CSC232/Lab4/build/CMakeFiles/CMakeTmp/CheckSymbolExists.cxx
/home/matthew/CSC232/Lab4/build/CMakeFiles/CMakeTmp/CheckSymbolExists.cxx: In function ‘int main(int, char**)’:
/home/matthew/CSC232/Lab4/build/CMakeFiles/CMakeTmp/CheckSymbolExists.cxx:8:19: error: ‘Q_WS_MAC’ was not declared in this scope
   return ((int*)(&Q_WS_MAC))[argc];
                   ^
make[1]: *** [CMakeFiles/cmTryCompileExec480960333.dir/CheckSymbolExists.cxx.o] Error 1
make[1]: Leaving directory `/home/matthew/CSC232/Lab4/build/CMakeFiles/CMakeTmp'
make: *** [cmTryCompileExec480960333/fast] Error 2

File /home/matthew/CSC232/Lab4/build/CMakeFiles/CMakeTmp/CheckSymbolExists.cxx:
/* */
#include <QtCore/qglobal.h>

int main(int argc, char** argv)
{
  (void)argv;
#ifndef Q_WS_MAC
  return ((int*)(&Q_WS_MAC))[argc];
#else
  (void)argc;
  return 0;
#endif
}

Determining if the Q_WS_WIN exist failed with the following output:
Change Dir: /tmp/guest-h1YQJU/CSC232/Lab4/build/CMakeFiles/CMakeTmp

Run Build Command:/usr/bin/make "cmTryCompileExec16043160/fast"
/usr/bin/make -f CMakeFiles/cmTryCompileExec16043160.dir/build.make CMakeFiles/cmTryCompileExec16043160.dir/build
make[1]: Entering directory `/tmp/guest-h1YQJU/CSC232/Lab4/build/CMakeFiles/CMakeTmp'
/usr/bin/cmake -E cmake_progress_report /tmp/guest-h1YQJU/CSC232/Lab4/build/CMakeFiles/CMakeTmp/CMakeFiles 1
Building CXX object CMakeFiles/cmTryCompileExec16043160.dir/CheckSymbolExists.cxx.o
/usr/bin/c++    -I/usr/include/qt4    -o CMakeFiles/cmTryCompileExec16043160.dir/CheckSymbolExists.cxx.o -c /tmp/guest-h1YQJU/CSC232/Lab4/build/CMakeFiles/CMakeTmp/CheckSymbolExists.cxx
/tmp/guest-h1YQJU/CSC232/Lab4/build/CMakeFiles/CMakeTmp/CheckSymbolExists.cxx: In function ‘int main(int, char**)’:
/tmp/guest-h1YQJU/CSC232/Lab4/build/CMakeFiles/CMakeTmp/CheckSymbolExists.cxx:8:19: error: ‘Q_WS_WIN’ was not declared in this scope
   return ((int*)(&Q_WS_WIN))[argc];
                   ^
make[1]: *** [CMakeFiles/cmTryCompileExec16043160.dir/CheckSymbolExists.cxx.o] Error 1
make[1]: Leaving directory `/tmp/guest-h1YQJU/CSC232/Lab4/build/CMakeFiles/CMakeTmp'
make: *** [cmTryCompileExec16043160/fast] Error 2

File /tmp/guest-h1YQJU/CSC232/Lab4/build/CMakeFiles/CMakeTmp/CheckSymbolExists.cxx:
/* */
#include <QtCore/qglobal.h>

int main(int argc, char** argv)
{
  (void)argv;
#ifndef Q_WS_WIN
  return ((int*)(&Q_WS_WIN))[argc];
#else
  (void)argc;
  return 0;
#endif
}

Determining if the Q_WS_QWS exist failed with the following output:
Change Dir: /tmp/guest-h1YQJU/CSC232/Lab4/build/CMakeFiles/CMakeTmp

Run Build Command:/usr/bin/make "cmTryCompileExec2869819423/fast"
/usr/bin/make -f CMakeFiles/cmTryCompileExec2869819423.dir/build.make CMakeFiles/cmTryCompileExec2869819423.dir/build
make[1]: Entering directory `/tmp/guest-h1YQJU/CSC232/Lab4/build/CMakeFiles/CMakeTmp'
/usr/bin/cmake -E cmake_progress_report /tmp/guest-h1YQJU/CSC232/Lab4/build/CMakeFiles/CMakeTmp/CMakeFiles 1
Building CXX object CMakeFiles/cmTryCompileExec2869819423.dir/CheckSymbolExists.cxx.o
/usr/bin/c++    -I/usr/include/qt4    -o CMakeFiles/cmTryCompileExec2869819423.dir/CheckSymbolExists.cxx.o -c /tmp/guest-h1YQJU/CSC232/Lab4/build/CMakeFiles/CMakeTmp/CheckSymbolExists.cxx
/tmp/guest-h1YQJU/CSC232/Lab4/build/CMakeFiles/CMakeTmp/CheckSymbolExists.cxx: In function ‘int main(int, char**)’:
/tmp/guest-h1YQJU/CSC232/Lab4/build/CMakeFiles/CMakeTmp/CheckSymbolExists.cxx:8:19: error: ‘Q_WS_QWS’ was not declared in this scope
   return ((int*)(&Q_WS_QWS))[argc];
                   ^
make[1]: *** [CMakeFiles/cmTryCompileExec2869819423.dir/CheckSymbolExists.cxx.o] Error 1
make[1]: Leaving directory `/tmp/guest-h1YQJU/CSC232/Lab4/build/CMakeFiles/CMakeTmp'
make: *** [cmTryCompileExec2869819423/fast] Error 2

File /tmp/guest-h1YQJU/CSC232/Lab4/build/CMakeFiles/CMakeTmp/CheckSymbolExists.cxx:
/* */
#include <QtCore/qglobal.h>

int main(int argc, char** argv)
{
  (void)argv;
#ifndef Q_WS_QWS
  return ((int*)(&Q_WS_QWS))[argc];
#else
  (void)argc;
  return 0;
#endif
}

Determining if the Q_WS_MAC exist failed with the following output:
Change Dir: /tmp/guest-h1YQJU/CSC232/Lab4/build/CMakeFiles/CMakeTmp

Run Build Command:/usr/bin/make "cmTryCompileExec1522390667/fast"
/usr/bin/make -f CMakeFiles/cmTryCompileExec1522390667.dir/build.make CMakeFiles/cmTryCompileExec1522390667.dir/build
make[1]: Entering directory `/tmp/guest-h1YQJU/CSC232/Lab4/build/CMakeFiles/CMakeTmp'
/usr/bin/cmake -E cmake_progress_report /tmp/guest-h1YQJU/CSC232/Lab4/build/CMakeFiles/CMakeTmp/CMakeFiles 1
Building CXX object CMakeFiles/cmTryCompileExec1522390667.dir/CheckSymbolExists.cxx.o
/usr/bin/c++    -I/usr/include/qt4    -o CMakeFiles/cmTryCompileExec1522390667.dir/CheckSymbolExists.cxx.o -c /tmp/guest-h1YQJU/CSC232/Lab4/build/CMakeFiles/CMakeTmp/CheckSymbolExists.cxx
/tmp/guest-h1YQJU/CSC232/Lab4/build/CMakeFiles/CMakeTmp/CheckSymbolExists.cxx: In function ‘int main(int, char**)’:
/tmp/guest-h1YQJU/CSC232/Lab4/build/CMakeFiles/CMakeTmp/CheckSymbolExists.cxx:8:19: error: ‘Q_WS_MAC’ was not declared in this scope
   return ((int*)(&Q_WS_MAC))[argc];
                   ^
make[1]: *** [CMakeFiles/cmTryCompileExec1522390667.dir/CheckSymbolExists.cxx.o] Error 1
make[1]: Leaving directory `/tmp/guest-h1YQJU/CSC232/Lab4/build/CMakeFiles/CMakeTmp'
make: *** [cmTryCompileExec1522390667/fast] Error 2

File /tmp/guest-h1YQJU/CSC232/Lab4/build/CMakeFiles/CMakeTmp/CheckSymbolExists.cxx:
/* */
#include <QtCore/qglobal.h>

int main(int argc, char** argv)
{
  (void)argv;
#ifndef Q_WS_MAC
  return ((int*)(&Q_WS_MAC))[argc];
#else
  (void)argc;
  return 0;
#endif
}

Determining if the Q_WS_WIN exist failed with the following output:
Change Dir: /home/matthew/CSC232/Lab4/build/CMakeFiles/CMakeTmp

Run Build Command:/usr/bin/make "cmTryCompileExec/fast"
/usr/bin/make -f CMakeFiles/cmTryCompileExec.dir/build.make CMakeFiles/cmTryCompileExec.dir/build
make[1]: Entering directory `/home/matthew/CSC232/Lab4/build/CMakeFiles/CMakeTmp'
/usr/bin/cmake -E cmake_progress_report /home/matthew/CSC232/Lab4/build/CMakeFiles/CMakeTmp/CMakeFiles 1
Building CXX object CMakeFiles/cmTryCompileExec.dir/CheckSymbolExists.cxx.o
/usr/bin/c++    -I/usr/include/qt4    -o CMakeFiles/cmTryCompileExec.dir/CheckSymbolExists.cxx.o -c /home/matthew/CSC232/Lab4/build/CMakeFiles/CMakeTmp/CheckSymbolExists.cxx
/home/matthew/CSC232/Lab4/build/CMakeFiles/CMakeTmp/CheckSymbolExists.cxx: In function 'int main()':
/home/matthew/CSC232/Lab4/build/CMakeFiles/CMakeTmp/CheckSymbolExists.cxx:8:25: error: 'Q_WS_WIN' was not declared in this scope
make[1]: *** [CMakeFiles/cmTryCompileExec.dir/CheckSymbolExists.cxx.o] Error 1
make[1]: Leaving directory `/home/matthew/CSC232/Lab4/build/CMakeFiles/CMakeTmp'
make: *** [cmTryCompileExec/fast] Error 2

File /home/matthew/CSC232/Lab4/build/CMakeFiles/CMakeTmp/CheckSymbolExists.cxx:
/* */
#include <QtCore/qglobal.h>

void cmakeRequireSymbol(int dummy,...){(void)dummy;}
int main()
{
#ifndef Q_WS_WIN
  cmakeRequireSymbol(0,&Q_WS_WIN);
#endif
  return 0;
}

Determining if the Q_WS_QWS exist failed with the following output:
Change Dir: /home/matthew/CSC232/Lab4/build/CMakeFiles/CMakeTmp

Run Build Command:/usr/bin/make "cmTryCompileExec/fast"
/usr/bin/make -f CMakeFiles/cmTryCompileExec.dir/build.make CMakeFiles/cmTryCompileExec.dir/build
make[1]: Entering directory `/home/matthew/CSC232/Lab4/build/CMakeFiles/CMakeTmp'
/usr/bin/cmake -E cmake_progress_report /home/matthew/CSC232/Lab4/build/CMakeFiles/CMakeTmp/CMakeFiles 1
Building CXX object CMakeFiles/cmTryCompileExec.dir/CheckSymbolExists.cxx.o
/usr/bin/c++    -I/usr/include/qt4    -o CMakeFiles/cmTryCompileExec.dir/CheckSymbolExists.cxx.o -c /home/matthew/CSC232/Lab4/build/CMakeFiles/CMakeTmp/CheckSymbolExists.cxx
/home/matthew/CSC232/Lab4/build/CMakeFiles/CMakeTmp/CheckSymbolExists.cxx: In function 'int main()':
/home/matthew/CSC232/Lab4/build/CMakeFiles/CMakeTmp/CheckSymbolExists.cxx:8:25: error: 'Q_WS_QWS' was not declared in this scope
make[1]: *** [CMakeFiles/cmTryCompileExec.dir/CheckSymbolExists.cxx.o] Error 1
make[1]: Leaving directory `/home/matthew/CSC232/Lab4/build/CMakeFiles/CMakeTmp'
make: *** [cmTryCompileExec/fast] Error 2

File /home/matthew/CSC232/Lab4/build/CMakeFiles/CMakeTmp/CheckSymbolExists.cxx:
/* */
#include <QtCore/qglobal.h>

void cmakeRequireSymbol(int dummy,...){(void)dummy;}
int main()
{
#ifndef Q_WS_QWS
  cmakeRequireSymbol(0,&Q_WS_QWS);
#endif
  return 0;
}

Determining if the Q_WS_MAC exist failed with the following output:
Change Dir: /home/matthew/CSC232/Lab4/build/CMakeFiles/CMakeTmp

Run Build Command:/usr/bin/make "cmTryCompileExec/fast"
/usr/bin/make -f CMakeFiles/cmTryCompileExec.dir/build.make CMakeFiles/cmTryCompileExec.dir/build
make[1]: Entering directory `/home/matthew/CSC232/Lab4/build/CMakeFiles/CMakeTmp'
/usr/bin/cmake -E cmake_progress_report /home/matthew/CSC232/Lab4/build/CMakeFiles/CMakeTmp/CMakeFiles 1
Building CXX object CMakeFiles/cmTryCompileExec.dir/CheckSymbolExists.cxx.o
/usr/bin/c++    -I/usr/include/qt4    -o CMakeFiles/cmTryCompileExec.dir/CheckSymbolExists.cxx.o -c /home/matthew/CSC232/Lab4/build/CMakeFiles/CMakeTmp/CheckSymbolExists.cxx
/home/matthew/CSC232/Lab4/build/CMakeFiles/CMakeTmp/CheckSymbolExists.cxx: In function 'int main()':
/home/matthew/CSC232/Lab4/build/CMakeFiles/CMakeTmp/CheckSymbolExists.cxx:8:25: error: 'Q_WS_MAC' was not declared in this scope
make[1]: *** [CMakeFiles/cmTryCompileExec.dir/CheckSymbolExists.cxx.o] Error 1
make[1]: Leaving directory `/home/matthew/CSC232/Lab4/build/CMakeFiles/CMakeTmp'
make: *** [cmTryCompileExec/fast] Error 2

File /home/matthew/CSC232/Lab4/build/CMakeFiles/CMakeTmp/CheckSymbolExists.cxx:
/* */
#include <QtCore/qglobal.h>

void cmakeRequireSymbol(int dummy,...){(void)dummy;}
int main()
{
#ifndef Q_WS_MAC
  cmakeRequireSymbol(0,&Q_WS_MAC);
#endif
  return 0;
}

Determining if the Q_WS_WIN exist failed with the following output:
Change Dir: /home/matthew/CSC232/Lab4/build/CMakeFiles/CMakeTmp

Run Build Command:/usr/bin/make "cmTryCompileExec/fast"
/usr/bin/make -f CMakeFiles/cmTryCompileExec.dir/build.make CMakeFiles/cmTryCompileExec.dir/build
make[1]: Entering directory `/home/matthew/CSC232/Lab4/build/CMakeFiles/CMakeTmp'
/usr/bin/cmake -E cmake_progress_report /home/matthew/CSC232/Lab4/build/CMakeFiles/CMakeTmp/CMakeFiles 1
Building CXX object CMakeFiles/cmTryCompileExec.dir/CheckSymbolExists.cxx.o
/usr/bin/c++    -I/usr/include/qt4    -o CMakeFiles/cmTryCompileExec.dir/CheckSymbolExists.cxx.o -c /home/matthew/CSC232/Lab4/build/CMakeFiles/CMakeTmp/CheckSymbolExists.cxx
/home/matthew/CSC232/Lab4/build/CMakeFiles/CMakeTmp/CheckSymbolExists.cxx: In function 'int main()':
/home/matthew/CSC232/Lab4/build/CMakeFiles/CMakeTmp/CheckSymbolExists.cxx:8:25: error: 'Q_WS_WIN' was not declared in this scope
make[1]: Leaving directory `/home/matthew/CSC232/Lab4/build/CMakeFiles/CMakeTmp'
make[1]: *** [CMakeFiles/cmTryCompileExec.dir/CheckSymbolExists.cxx.o] Error 1
make: *** [cmTryCompileExec/fast] Error 2

File /home/matthew/CSC232/Lab4/build/CMakeFiles/CMakeTmp/CheckSymbolExists.cxx:
/* */
#include <QtCore/qglobal.h>

void cmakeRequireSymbol(int dummy,...){(void)dummy;}
int main()
{
#ifndef Q_WS_WIN
  cmakeRequireSymbol(0,&Q_WS_WIN);
#endif
  return 0;
}

Determining if the Q_WS_QWS exist failed with the following output:
Change Dir: /home/matthew/CSC232/Lab4/build/CMakeFiles/CMakeTmp

Run Build Command:/usr/bin/make "cmTryCompileExec/fast"
/usr/bin/make -f CMakeFiles/cmTryCompileExec.dir/build.make CMakeFiles/cmTryCompileExec.dir/build
make[1]: Entering directory `/home/matthew/CSC232/Lab4/build/CMakeFiles/CMakeTmp'
/usr/bin/cmake -E cmake_progress_report /home/matthew/CSC232/Lab4/build/CMakeFiles/CMakeTmp/CMakeFiles 1
Building CXX object CMakeFiles/cmTryCompileExec.dir/CheckSymbolExists.cxx.o
/usr/bin/c++    -I/usr/include/qt4    -o CMakeFiles/cmTryCompileExec.dir/CheckSymbolExists.cxx.o -c /home/matthew/CSC232/Lab4/build/CMakeFiles/CMakeTmp/CheckSymbolExists.cxx
/home/matthew/CSC232/Lab4/build/CMakeFiles/CMakeTmp/CheckSymbolExists.cxx: In function 'int main()':
/home/matthew/CSC232/Lab4/build/CMakeFiles/CMakeTmp/CheckSymbolExists.cxx:8:25: error: 'Q_WS_QWS' was not declared in this scope
make[1]: *** [CMakeFiles/cmTryCompileExec.dir/CheckSymbolExists.cxx.o] Error 1
make[1]: Leaving directory `/home/matthew/CSC232/Lab4/build/CMakeFiles/CMakeTmp'
make: *** [cmTryCompileExec/fast] Error 2

File /home/matthew/CSC232/Lab4/build/CMakeFiles/CMakeTmp/CheckSymbolExists.cxx:
/* */
#include <QtCore/qglobal.h>

void cmakeRequireSymbol(int dummy,...){(void)dummy;}
int main()
{
#ifndef Q_WS_QWS
  cmakeRequireSymbol(0,&Q_WS_QWS);
#endif
  return 0;
}

Determining if the Q_WS_MAC exist failed with the following output:
Change Dir: /home/matthew/CSC232/Lab4/build/CMakeFiles/CMakeTmp

Run Build Command:/usr/bin/make "cmTryCompileExec/fast"
/usr/bin/make -f CMakeFiles/cmTryCompileExec.dir/build.make CMakeFiles/cmTryCompileExec.dir/build
make[1]: Entering directory `/home/matthew/CSC232/Lab4/build/CMakeFiles/CMakeTmp'
/usr/bin/cmake -E cmake_progress_report /home/matthew/CSC232/Lab4/build/CMakeFiles/CMakeTmp/CMakeFiles 1
Building CXX object CMakeFiles/cmTryCompileExec.dir/CheckSymbolExists.cxx.o
/usr/bin/c++    -I/usr/include/qt4    -o CMakeFiles/cmTryCompileExec.dir/CheckSymbolExists.cxx.o -c /home/matthew/CSC232/Lab4/build/CMakeFiles/CMakeTmp/CheckSymbolExists.cxx
/home/matthew/CSC232/Lab4/build/CMakeFiles/CMakeTmp/CheckSymbolExists.cxx: In function 'int main()':
/home/matthew/CSC232/Lab4/build/CMakeFiles/CMakeTmp/CheckSymbolExists.cxx:8:25: error: 'Q_WS_MAC' was not declared in this scope
make[1]: *** [CMakeFiles/cmTryCompileExec.dir/CheckSymbolExists.cxx.o] Error 1
make[1]: Leaving directory `/home/matthew/CSC232/Lab4/build/CMakeFiles/CMakeTmp'
make: *** [cmTryCompileExec/fast] Error 2

File /home/matthew/CSC232/Lab4/build/CMakeFiles/CMakeTmp/CheckSymbolExists.cxx:
/* */
#include <QtCore/qglobal.h>

void cmakeRequireSymbol(int dummy,...){(void)dummy;}
int main()
{
#ifndef Q_WS_MAC
  cmakeRequireSymbol(0,&Q_WS_MAC);
#endif
  return 0;
}

Determining if the Q_WS_WIN exist failed with the following output:
Change Dir: /home/matthew/CSC232/Lab5/build/CMakeFiles/CMakeTmp

Run Build Command:/usr/bin/make "cmTryCompileExec/fast"
/usr/bin/make -f CMakeFiles/cmTryCompileExec.dir/build.make CMakeFiles/cmTryCompileExec.dir/build
make[1]: Entering directory `/home/matthew/CSC232/Lab5/build/CMakeFiles/CMakeTmp'
/usr/bin/cmake -E cmake_progress_report /home/matthew/CSC232/Lab5/build/CMakeFiles/CMakeTmp/CMakeFiles 1
Building CXX object CMakeFiles/cmTryCompileExec.dir/CheckSymbolExists.cxx.o
/usr/bin/c++    -I/usr/include/qt4    -o CMakeFiles/cmTryCompileExec.dir/CheckSymbolExists.cxx.o -c /home/matthew/CSC232/Lab5/build/CMakeFiles/CMakeTmp/CheckSymbolExists.cxx
/home/matthew/CSC232/Lab5/build/CMakeFiles/CMakeTmp/CheckSymbolExists.cxx: In function 'int main()':
/home/matthew/CSC232/Lab5/build/CMakeFiles/CMakeTmp/CheckSymbolExists.cxx:8:25: error: 'Q_WS_WIN' was not declared in this scope
make[1]: *** [CMakeFiles/cmTryCompileExec.dir/CheckSymbolExists.cxx.o] Error 1
make[1]: Leaving directory `/home/matthew/CSC232/Lab5/build/CMakeFiles/CMakeTmp'
make: *** [cmTryCompileExec/fast] Error 2

File /home/matthew/CSC232/Lab5/build/CMakeFiles/CMakeTmp/CheckSymbolExists.cxx:
/* */
#include <QtCore/qglobal.h>

void cmakeRequireSymbol(int dummy,...){(void)dummy;}
int main()
{
#ifndef Q_WS_WIN
  cmakeRequireSymbol(0,&Q_WS_WIN);
#endif
  return 0;
}

Determining if the Q_WS_QWS exist failed with the following output:
Change Dir: /home/matthew/CSC232/Lab5/build/CMakeFiles/CMakeTmp

Run Build Command:/usr/bin/make "cmTryCompileExec/fast"
/usr/bin/make -f CMakeFiles/cmTryCompileExec.dir/build.make CMakeFiles/cmTryCompileExec.dir/build
make[1]: Entering directory `/home/matthew/CSC232/Lab5/build/CMakeFiles/CMakeTmp'
/usr/bin/cmake -E cmake_progress_report /home/matthew/CSC232/Lab5/build/CMakeFiles/CMakeTmp/CMakeFiles 1
Building CXX object CMakeFiles/cmTryCompileExec.dir/CheckSymbolExists.cxx.o
/usr/bin/c++    -I/usr/include/qt4    -o CMakeFiles/cmTryCompileExec.dir/CheckSymbolExists.cxx.o -c /home/matthew/CSC232/Lab5/build/CMakeFiles/CMakeTmp/CheckSymbolExists.cxx
/home/matthew/CSC232/Lab5/build/CMakeFiles/CMakeTmp/CheckSymbolExists.cxx: In function 'int main()':
/home/matthew/CSC232/Lab5/build/CMakeFiles/CMakeTmp/CheckSymbolExists.cxx:8:25: error: 'Q_WS_QWS' was not declared in this scope
make[1]: *** [CMakeFiles/cmTryCompileExec.dir/CheckSymbolExists.cxx.o] Error 1
make[1]: Leaving directory `/home/matthew/CSC232/Lab5/build/CMakeFiles/CMakeTmp'
make: *** [cmTryCompileExec/fast] Error 2

File /home/matthew/CSC232/Lab5/build/CMakeFiles/CMakeTmp/CheckSymbolExists.cxx:
/* */
#include <QtCore/qglobal.h>

void cmakeRequireSymbol(int dummy,...){(void)dummy;}
int main()
{
#ifndef Q_WS_QWS
  cmakeRequireSymbol(0,&Q_WS_QWS);
#endif
  return 0;
}

Determining if the Q_WS_MAC exist failed with the following output:
Change Dir: /home/matthew/CSC232/Lab5/build/CMakeFiles/CMakeTmp

Run Build Command:/usr/bin/make "cmTryCompileExec/fast"
/usr/bin/make -f CMakeFiles/cmTryCompileExec.dir/build.make CMakeFiles/cmTryCompileExec.dir/build
make[1]: Entering directory `/home/matthew/CSC232/Lab5/build/CMakeFiles/CMakeTmp'
/usr/bin/cmake -E cmake_progress_report /home/matthew/CSC232/Lab5/build/CMakeFiles/CMakeTmp/CMakeFiles 1
Building CXX object CMakeFiles/cmTryCompileExec.dir/CheckSymbolExists.cxx.o
/usr/bin/c++    -I/usr/include/qt4    -o CMakeFiles/cmTryCompileExec.dir/CheckSymbolExists.cxx.o -c /home/matthew/CSC232/Lab5/build/CMakeFiles/CMakeTmp/CheckSymbolExists.cxx
/home/matthew/CSC232/Lab5/build/CMakeFiles/CMakeTmp/CheckSymbolExists.cxx: In function 'int main()':
/home/matthew/CSC232/Lab5/build/CMakeFiles/CMakeTmp/CheckSymbolExists.cxx:8:25: error: 'Q_WS_MAC' was not declared in this scope
make[1]: Leaving directory `/home/matthew/CSC232/Lab5/build/CMakeFiles/CMakeTmp'
make[1]: *** [CMakeFiles/cmTryCompileExec.dir/CheckSymbolExists.cxx.o] Error 1
make: *** [cmTryCompileExec/fast] Error 2

File /home/matthew/CSC232/Lab5/build/CMakeFiles/CMakeTmp/CheckSymbolExists.cxx:
/* */
#include <QtCore/qglobal.h>

void cmakeRequireSymbol(int dummy,...){(void)dummy;}
int main()
{
#ifndef Q_WS_MAC
  cmakeRequireSymbol(0,&Q_WS_MAC);
#endif
  return 0;
}

Determining if the Q_WS_WIN exist failed with the following output:
Change Dir: /home/matthew/CSC232/Lab5/build/CMakeFiles/CMakeTmp

Run Build Command:/usr/bin/make "cmTryCompileExec2634654737/fast"
/usr/bin/make -f CMakeFiles/cmTryCompileExec2634654737.dir/build.make CMakeFiles/cmTryCompileExec2634654737.dir/build
make[1]: Entering directory `/home/matthew/CSC232/Lab5/build/CMakeFiles/CMakeTmp'
/usr/bin/cmake -E cmake_progress_report /home/matthew/CSC232/Lab5/build/CMakeFiles/CMakeTmp/CMakeFiles 1
Building CXX object CMakeFiles/cmTryCompileExec2634654737.dir/CheckSymbolExists.cxx.o
/usr/bin/c++    -I/usr/include/qt4    -o CMakeFiles/cmTryCompileExec2634654737.dir/CheckSymbolExists.cxx.o -c /home/matthew/CSC232/Lab5/build/CMakeFiles/CMakeTmp/CheckSymbolExists.cxx
/home/matthew/CSC232/Lab5/build/CMakeFiles/CMakeTmp/CheckSymbolExists.cxx: In function ‘int main(int, char**)’:
/home/matthew/CSC232/Lab5/build/CMakeFiles/CMakeTmp/CheckSymbolExists.cxx:8:19: error: ‘Q_WS_WIN’ was not declared in this scope
   return ((int*)(&Q_WS_WIN))[argc];
                   ^
make[1]: *** [CMakeFiles/cmTryCompileExec2634654737.dir/CheckSymbolExists.cxx.o] Error 1
make[1]: Leaving directory `/home/matthew/CSC232/Lab5/build/CMakeFiles/CMakeTmp'
make: *** [cmTryCompileExec2634654737/fast] Error 2

File /home/matthew/CSC232/Lab5/build/CMakeFiles/CMakeTmp/CheckSymbolExists.cxx:
/* */
#include <QtCore/qglobal.h>

int main(int argc, char** argv)
{
  (void)argv;
#ifndef Q_WS_WIN
  return ((int*)(&Q_WS_WIN))[argc];
#else
  (void)argc;
  return 0;
#endif
}

Determining if the Q_WS_QWS exist failed with the following output:
Change Dir: /home/matthew/CSC232/Lab5/build/CMakeFiles/CMakeTmp

Run Build Command:/usr/bin/make "cmTryCompileExec1218288299/fast"
/usr/bin/make -f CMakeFiles/cmTryCompileExec1218288299.dir/build.make CMakeFiles/cmTryCompileExec1218288299.dir/build
make[1]: Entering directory `/home/matthew/CSC232/Lab5/build/CMakeFiles/CMakeTmp'
/usr/bin/cmake -E cmake_progress_report /home/matthew/CSC232/Lab5/build/CMakeFiles/CMakeTmp/CMakeFiles 1
Building CXX object CMakeFiles/cmTryCompileExec1218288299.dir/CheckSymbolExists.cxx.o
/usr/bin/c++    -I/usr/include/qt4    -o CMakeFiles/cmTryCompileExec1218288299.dir/CheckSymbolExists.cxx.o -c /home/matthew/CSC232/Lab5/build/CMakeFiles/CMakeTmp/CheckSymbolExists.cxx
/home/matthew/CSC232/Lab5/build/CMakeFiles/CMakeTmp/CheckSymbolExists.cxx: In function ‘int main(int, char**)’:
/home/matthew/CSC232/Lab5/build/CMakeFiles/CMakeTmp/CheckSymbolExists.cxx:8:19: error: ‘Q_WS_QWS’ was not declared in this scope
   return ((int*)(&Q_WS_QWS))[argc];
                   ^
make[1]: *** [CMakeFiles/cmTryCompileExec1218288299.dir/CheckSymbolExists.cxx.o] Error 1
make[1]: Leaving directory `/home/matthew/CSC232/Lab5/build/CMakeFiles/CMakeTmp'
make: *** [cmTryCompileExec1218288299/fast] Error 2

File /home/matthew/CSC232/Lab5/build/CMakeFiles/CMakeTmp/CheckSymbolExists.cxx:
/* */
#include <QtCore/qglobal.h>

int main(int argc, char** argv)
{
  (void)argv;
#ifndef Q_WS_QWS
  return ((int*)(&Q_WS_QWS))[argc];
#else
  (void)argc;
  return 0;
#endif
}

Determining if the Q_WS_MAC exist failed with the following output:
Change Dir: /home/matthew/CSC232/Lab5/build/CMakeFiles/CMakeTmp

Run Build Command:/usr/bin/make "cmTryCompileExec433250222/fast"
/usr/bin/make -f CMakeFiles/cmTryCompileExec433250222.dir/build.make CMakeFiles/cmTryCompileExec433250222.dir/build
make[1]: Entering directory `/home/matthew/CSC232/Lab5/build/CMakeFiles/CMakeTmp'
/usr/bin/cmake -E cmake_progress_report /home/matthew/CSC232/Lab5/build/CMakeFiles/CMakeTmp/CMakeFiles 1
Building CXX object CMakeFiles/cmTryCompileExec433250222.dir/CheckSymbolExists.cxx.o
/usr/bin/c++    -I/usr/include/qt4    -o CMakeFiles/cmTryCompileExec433250222.dir/CheckSymbolExists.cxx.o -c /home/matthew/CSC232/Lab5/build/CMakeFiles/CMakeTmp/CheckSymbolExists.cxx
/home/matthew/CSC232/Lab5/build/CMakeFiles/CMakeTmp/CheckSymbolExists.cxx: In function ‘int main(int, char**)’:
/home/matthew/CSC232/Lab5/build/CMakeFiles/CMakeTmp/CheckSymbolExists.cxx:8:19: error: ‘Q_WS_MAC’ was not declared in this scope
   return ((int*)(&Q_WS_MAC))[argc];
                   ^
make[1]: *** [CMakeFiles/cmTryCompileExec433250222.dir/CheckSymbolExists.cxx.o] Error 1
make[1]: Leaving directory `/home/matthew/CSC232/Lab5/build/CMakeFiles/CMakeTmp'
make: *** [cmTryCompileExec433250222/fast] Error 2

File /home/matthew/CSC232/Lab5/build/CMakeFiles/CMakeTmp/CheckSymbolExists.cxx:
/* */
#include <QtCore/qglobal.h>

int main(int argc, char** argv)
{
  (void)argv;
#ifndef Q_WS_MAC
  return ((int*)(&Q_WS_MAC))[argc];
#else
  (void)argc;
  return 0;
#endif
}

