Determining if the Q_WS_WIN exist failed with the following output:
Change Dir: /home/matthew/CSC232/Lab4/build/CMakeFiles/CMakeTmp

Run Build Command:/usr/bin/make "cmTryCompileExec984831654/fast"
/usr/bin/make -f CMakeFiles/cmTryCompileExec984831654.dir/build.make CMakeFiles/cmTryCompileExec984831654.dir/build
make[1]: Entering directory `/home/matthew/CSC232/Lab4/build/CMakeFiles/CMakeTmp'
/usr/bin/cmake -E cmake_progress_report /home/matthew/CSC232/Lab4/build/CMakeFiles/CMakeTmp/CMakeFiles 1
Building CXX object CMakeFiles/cmTryCompileExec984831654.dir/CheckSymbolExists.cxx.o
/usr/bin/c++    -I/usr/include/qt4    -o CMakeFiles/cmTryCompileExec984831654.dir/CheckSymbolExists.cxx.o -c /home/matthew/CSC232/Lab4/build/CMakeFiles/CMakeTmp/CheckSymbolExists.cxx
/home/matthew/CSC232/Lab4/build/CMakeFiles/CMakeTmp/CheckSymbolExists.cxx: In function ‘int main(int, char**)’:
/home/matthew/CSC232/Lab4/build/CMakeFiles/CMakeTmp/CheckSymbolExists.cxx:8:19: error: ‘Q_WS_WIN’ was not declared in this scope
   return ((int*)(&Q_WS_WIN))[argc];
                   ^
make[1]: *** [CMakeFiles/cmTryCompileExec984831654.dir/CheckSymbolExists.cxx.o] Error 1
make[1]: Leaving directory `/home/matthew/CSC232/Lab4/build/CMakeFiles/CMakeTmp'
make: *** [cmTryCompileExec984831654/fast] Error 2

File /home/matthew/CSC232/Lab4/build/CMakeFiles/CMakeTmp/CheckSymbolExists.cxx:
/* */
#include <QtCore/qglobal.h>

int main(int argc, char** argv)
{
  (void)argv;
#ifndef Q_WS_WIN
  return ((int*)(&Q_WS_WIN))[argc];
#else
  (void)argc;
  return 0;
#endif
}

Determining if the Q_WS_QWS exist failed with the following output:
Change Dir: /home/matthew/CSC232/Lab4/build/CMakeFiles/CMakeTmp

Run Build Command:/usr/bin/make "cmTryCompileExec1236951794/fast"
/usr/bin/make -f CMakeFiles/cmTryCompileExec1236951794.dir/build.make CMakeFiles/cmTryCompileExec1236951794.dir/build
make[1]: Entering directory `/home/matthew/CSC232/Lab4/build/CMakeFiles/CMakeTmp'
/usr/bin/cmake -E cmake_progress_report /home/matthew/CSC232/Lab4/build/CMakeFiles/CMakeTmp/CMakeFiles 1
Building CXX object CMakeFiles/cmTryCompileExec1236951794.dir/CheckSymbolExists.cxx.o
/usr/bin/c++    -I/usr/include/qt4    -o CMakeFiles/cmTryCompileExec1236951794.dir/CheckSymbolExists.cxx.o -c /home/matthew/CSC232/Lab4/build/CMakeFiles/CMakeTmp/CheckSymbolExists.cxx
/home/matthew/CSC232/Lab4/build/CMakeFiles/CMakeTmp/CheckSymbolExists.cxx: In function ‘int main(int, char**)’:
/home/matthew/CSC232/Lab4/build/CMakeFiles/CMakeTmp/CheckSymbolExists.cxx:8:19: error: ‘Q_WS_QWS’ was not declared in this scope
   return ((int*)(&Q_WS_QWS))[argc];
                   ^
make[1]: *** [CMakeFiles/cmTryCompileExec1236951794.dir/CheckSymbolExists.cxx.o] Error 1
make[1]: Leaving directory `/home/matthew/CSC232/Lab4/build/CMakeFiles/CMakeTmp'
make: *** [cmTryCompileExec1236951794/fast] Error 2

File /home/matthew/CSC232/Lab4/build/CMakeFiles/CMakeTmp/CheckSymbolExists.cxx:
/* */
#include <QtCore/qglobal.h>

int main(int argc, char** argv)
{
  (void)argv;
#ifndef Q_WS_QWS
  return ((int*)(&Q_WS_QWS))[argc];
#else
  (void)argc;
  return 0;
#endif
}

Determining if the Q_WS_MAC exist failed with the following output:
Change Dir: /home/matthew/CSC232/Lab4/build/CMakeFiles/CMakeTmp

Run Build Command:/usr/bin/make "cmTryCompileExec2233643745/fast"
/usr/bin/make -f CMakeFiles/cmTryCompileExec2233643745.dir/build.make CMakeFiles/cmTryCompileExec2233643745.dir/build
make[1]: Entering directory `/home/matthew/CSC232/Lab4/build/CMakeFiles/CMakeTmp'
/usr/bin/cmake -E cmake_progress_report /home/matthew/CSC232/Lab4/build/CMakeFiles/CMakeTmp/CMakeFiles 1
Building CXX object CMakeFiles/cmTryCompileExec2233643745.dir/CheckSymbolExists.cxx.o
/usr/bin/c++    -I/usr/include/qt4    -o CMakeFiles/cmTryCompileExec2233643745.dir/CheckSymbolExists.cxx.o -c /home/matthew/CSC232/Lab4/build/CMakeFiles/CMakeTmp/CheckSymbolExists.cxx
/home/matthew/CSC232/Lab4/build/CMakeFiles/CMakeTmp/CheckSymbolExists.cxx: In function ‘int main(int, char**)’:
/home/matthew/CSC232/Lab4/build/CMakeFiles/CMakeTmp/CheckSymbolExists.cxx:8:19: error: ‘Q_WS_MAC’ was not declared in this scope
   return ((int*)(&Q_WS_MAC))[argc];
                   ^
make[1]: *** [CMakeFiles/cmTryCompileExec2233643745.dir/CheckSymbolExists.cxx.o] Error 1
make[1]: Leaving directory `/home/matthew/CSC232/Lab4/build/CMakeFiles/CMakeTmp'
make: *** [cmTryCompileExec2233643745/fast] Error 2

File /home/matthew/CSC232/Lab4/build/CMakeFiles/CMakeTmp/CheckSymbolExists.cxx:
/* */
#include <QtCore/qglobal.h>

int main(int argc, char** argv)
{
  (void)argv;
#ifndef Q_WS_MAC
  return ((int*)(&Q_WS_MAC))[argc];
#else
  (void)argc;
  return 0;
#endif
}

Determining if the Q_WS_WIN exist failed with the following output:
Change Dir: /home/matthew/CSC232/Lab4/build/CMakeFiles/CMakeTmp

Run Build Command:/usr/bin/make "cmTryCompileExec1949241579/fast"
/usr/bin/make -f CMakeFiles/cmTryCompileExec1949241579.dir/build.make CMakeFiles/cmTryCompileExec1949241579.dir/build
make[1]: Entering directory `/home/matthew/CSC232/Lab4/build/CMakeFiles/CMakeTmp'
/usr/bin/cmake -E cmake_progress_report /home/matthew/CSC232/Lab4/build/CMakeFiles/CMakeTmp/CMakeFiles 1
Building CXX object CMakeFiles/cmTryCompileExec1949241579.dir/CheckSymbolExists.cxx.o
/usr/bin/c++    -I/usr/include/qt4    -o CMakeFiles/cmTryCompileExec1949241579.dir/CheckSymbolExists.cxx.o -c /home/matthew/CSC232/Lab4/build/CMakeFiles/CMakeTmp/CheckSymbolExists.cxx
/home/matthew/CSC232/Lab4/build/CMakeFiles/CMakeTmp/CheckSymbolExists.cxx: In function ‘int main(int, char**)’:
/home/matthew/CSC232/Lab4/build/CMakeFiles/CMakeTmp/CheckSymbolExists.cxx:8:19: error: ‘Q_WS_WIN’ was not declared in this scope
   return ((int*)(&Q_WS_WIN))[argc];
                   ^
make[1]: *** [CMakeFiles/cmTryCompileExec1949241579.dir/CheckSymbolExists.cxx.o] Error 1
make[1]: Leaving directory `/home/matthew/CSC232/Lab4/build/CMakeFiles/CMakeTmp'
make: *** [cmTryCompileExec1949241579/fast] Error 2

File /home/matthew/CSC232/Lab4/build/CMakeFiles/CMakeTmp/CheckSymbolExists.cxx:
/* */
#include <QtCore/qglobal.h>

int main(int argc, char** argv)
{
  (void)argv;
#ifndef Q_WS_WIN
  return ((int*)(&Q_WS_WIN))[argc];
#else
  (void)argc;
  return 0;
#endif
}

Determining if the Q_WS_QWS exist failed with the following output:
Change Dir: /home/matthew/CSC232/Lab4/build/CMakeFiles/CMakeTmp

Run Build Command:/usr/bin/make "cmTryCompileExec1755313452/fast"
/usr/bin/make -f CMakeFiles/cmTryCompileExec1755313452.dir/build.make CMakeFiles/cmTryCompileExec1755313452.dir/build
make[1]: Entering directory `/home/matthew/CSC232/Lab4/build/CMakeFiles/CMakeTmp'
/usr/bin/cmake -E cmake_progress_report /home/matthew/CSC232/Lab4/build/CMakeFiles/CMakeTmp/CMakeFiles 1
Building CXX object CMakeFiles/cmTryCompileExec1755313452.dir/CheckSymbolExists.cxx.o
/usr/bin/c++    -I/usr/include/qt4    -o CMakeFiles/cmTryCompileExec1755313452.dir/CheckSymbolExists.cxx.o -c /home/matthew/CSC232/Lab4/build/CMakeFiles/CMakeTmp/CheckSymbolExists.cxx
/home/matthew/CSC232/Lab4/build/CMakeFiles/CMakeTmp/CheckSymbolExists.cxx: In function ‘int main(int, char**)’:
/home/matthew/CSC232/Lab4/build/CMakeFiles/CMakeTmp/CheckSymbolExists.cxx:8:19: error: ‘Q_WS_QWS’ was not declared in this scope
   return ((int*)(&Q_WS_QWS))[argc];
                   ^
make[1]: *** [CMakeFiles/cmTryCompileExec1755313452.dir/CheckSymbolExists.cxx.o] Error 1
make[1]: Leaving directory `/home/matthew/CSC232/Lab4/build/CMakeFiles/CMakeTmp'
make: *** [cmTryCompileExec1755313452/fast] Error 2

File /home/matthew/CSC232/Lab4/build/CMakeFiles/CMakeTmp/CheckSymbolExists.cxx:
/* */
#include <QtCore/qglobal.h>

int main(int argc, char** argv)
{
  (void)argv;
#ifndef Q_WS_QWS
  return ((int*)(&Q_WS_QWS))[argc];
#else
  (void)argc;
  return 0;
#endif
}

Determining if the Q_WS_MAC exist failed with the following output:
Change Dir: /home/matthew/CSC232/Lab4/build/CMakeFiles/CMakeTmp

Run Build Command:/usr/bin/make "cmTryCompileExec75347644/fast"
/usr/bin/make -f CMakeFiles/cmTryCompileExec75347644.dir/build.make CMakeFiles/cmTryCompileExec75347644.dir/build
make[1]: Entering directory `/home/matthew/CSC232/Lab4/build/CMakeFiles/CMakeTmp'
/usr/bin/cmake -E cmake_progress_report /home/matthew/CSC232/Lab4/build/CMakeFiles/CMakeTmp/CMakeFiles 1
Building CXX object CMakeFiles/cmTryCompileExec75347644.dir/CheckSymbolExists.cxx.o
/usr/bin/c++    -I/usr/include/qt4    -o CMakeFiles/cmTryCompileExec75347644.dir/CheckSymbolExists.cxx.o -c /home/matthew/CSC232/Lab4/build/CMakeFiles/CMakeTmp/CheckSymbolExists.cxx
/home/matthew/CSC232/Lab4/build/CMakeFiles/CMakeTmp/CheckSymbolExists.cxx: In function ‘int main(int, char**)’:
/home/matthew/CSC232/Lab4/build/CMakeFiles/CMakeTmp/CheckSymbolExists.cxx:8:19: error: ‘Q_WS_MAC’ was not declared in this scope
   return ((int*)(&Q_WS_MAC))[argc];
                   ^
make[1]: *** [CMakeFiles/cmTryCompileExec75347644.dir/CheckSymbolExists.cxx.o] Error 1
make[1]: Leaving directory `/home/matthew/CSC232/Lab4/build/CMakeFiles/CMakeTmp'
make: *** [cmTryCompileExec75347644/fast] Error 2

File /home/matthew/CSC232/Lab4/build/CMakeFiles/CMakeTmp/CheckSymbolExists.cxx:
/* */
#include <QtCore/qglobal.h>

int main(int argc, char** argv)
{
  (void)argv;
#ifndef Q_WS_MAC
  return ((int*)(&Q_WS_MAC))[argc];
#else
  (void)argc;
  return 0;
#endif
}

Determining if the Q_WS_WIN exist failed with the following output:
Change Dir: /home/matthew/CSC232/Lab4/build/CMakeFiles/CMakeTmp

Run Build Command:/usr/bin/make "cmTryCompileExec2401957918/fast"
/usr/bin/make -f CMakeFiles/cmTryCompileExec2401957918.dir/build.make CMakeFiles/cmTryCompileExec2401957918.dir/build
make[1]: Entering directory `/home/matthew/CSC232/Lab4/build/CMakeFiles/CMakeTmp'
/usr/bin/cmake -E cmake_progress_report /home/matthew/CSC232/Lab4/build/CMakeFiles/CMakeTmp/CMakeFiles 1
Building CXX object CMakeFiles/cmTryCompileExec2401957918.dir/CheckSymbolExists.cxx.o
/usr/bin/c++    -I/usr/include/qt4    -o CMakeFiles/cmTryCompileExec2401957918.dir/CheckSymbolExists.cxx.o -c /home/matthew/CSC232/Lab4/build/CMakeFiles/CMakeTmp/CheckSymbolExists.cxx
/home/matthew/CSC232/Lab4/build/CMakeFiles/CMakeTmp/CheckSymbolExists.cxx: In function ‘int main(int, char**)’:
/home/matthew/CSC232/Lab4/build/CMakeFiles/CMakeTmp/CheckSymbolExists.cxx:8:19: error: ‘Q_WS_WIN’ was not declared in this scope
   return ((int*)(&Q_WS_WIN))[argc];
                   ^
make[1]: *** [CMakeFiles/cmTryCompileExec2401957918.dir/CheckSymbolExists.cxx.o] Error 1
make[1]: Leaving directory `/home/matthew/CSC232/Lab4/build/CMakeFiles/CMakeTmp'
make: *** [cmTryCompileExec2401957918/fast] Error 2

File /home/matthew/CSC232/Lab4/build/CMakeFiles/CMakeTmp/CheckSymbolExists.cxx:
/* */
#include <QtCore/qglobal.h>

int main(int argc, char** argv)
{
  (void)argv;
#ifndef Q_WS_WIN
  return ((int*)(&Q_WS_WIN))[argc];
#else
  (void)argc;
  return 0;
#endif
}

Determining if the Q_WS_QWS exist failed with the following output:
Change Dir: /home/matthew/CSC232/Lab4/build/CMakeFiles/CMakeTmp

Run Build Command:/usr/bin/make "cmTryCompileExec809700288/fast"
/usr/bin/make -f CMakeFiles/cmTryCompileExec809700288.dir/build.make CMakeFiles/cmTryCompileExec809700288.dir/build
make[1]: Entering directory `/home/matthew/CSC232/Lab4/build/CMakeFiles/CMakeTmp'
/usr/bin/cmake -E cmake_progress_report /home/matthew/CSC232/Lab4/build/CMakeFiles/CMakeTmp/CMakeFiles 1
Building CXX object CMakeFiles/cmTryCompileExec809700288.dir/CheckSymbolExists.cxx.o
/usr/bin/c++    -I/usr/include/qt4    -o CMakeFiles/cmTryCompileExec809700288.dir/CheckSymbolExists.cxx.o -c /home/matthew/CSC232/Lab4/build/CMakeFiles/CMakeTmp/CheckSymbolExists.cxx
/home/matthew/CSC232/Lab4/build/CMakeFiles/CMakeTmp/CheckSymbolExists.cxx: In function ‘int main(int, char**)’:
/home/matthew/CSC232/Lab4/build/CMakeFiles/CMakeTmp/CheckSymbolExists.cxx:8:19: error: ‘Q_WS_QWS’ was not declared in this scope
   return ((int*)(&Q_WS_QWS))[argc];
                   ^
make[1]: *** [CMakeFiles/cmTryCompileExec809700288.dir/CheckSymbolExists.cxx.o] Error 1
make[1]: Leaving directory `/home/matthew/CSC232/Lab4/build/CMakeFiles/CMakeTmp'
make: *** [cmTryCompileExec809700288/fast] Error 2

File /home/matthew/CSC232/Lab4/build/CMakeFiles/CMakeTmp/CheckSymbolExists.cxx:
/* */
#include <QtCore/qglobal.h>

int main(int argc, char** argv)
{
  (void)argv;
#ifndef Q_WS_QWS
  return ((int*)(&Q_WS_QWS))[argc];
#else
  (void)argc;
  return 0;
#endif
}

Determining if the Q_WS_MAC exist failed with the following output:
Change Dir: /home/matthew/CSC232/Lab4/build/CMakeFiles/CMakeTmp

Run Build Command:/usr/bin/make "cmTryCompileExec83390169/fast"
/usr/bin/make -f CMakeFiles/cmTryCompileExec83390169.dir/build.make CMakeFiles/cmTryCompileExec83390169.dir/build
make[1]: Entering directory `/home/matthew/CSC232/Lab4/build/CMakeFiles/CMakeTmp'
/usr/bin/cmake -E cmake_progress_report /home/matthew/CSC232/Lab4/build/CMakeFiles/CMakeTmp/CMakeFiles 1
Building CXX object CMakeFiles/cmTryCompileExec83390169.dir/CheckSymbolExists.cxx.o
/usr/bin/c++    -I/usr/include/qt4    -o CMakeFiles/cmTryCompileExec83390169.dir/CheckSymbolExists.cxx.o -c /home/matthew/CSC232/Lab4/build/CMakeFiles/CMakeTmp/CheckSymbolExists.cxx
/home/matthew/CSC232/Lab4/build/CMakeFiles/CMakeTmp/CheckSymbolExists.cxx: In function ‘int main(int, char**)’:
/home/matthew/CSC232/Lab4/build/CMakeFiles/CMakeTmp/CheckSymbolExists.cxx:8:19: error: ‘Q_WS_MAC’ was not declared in this scope
   return ((int*)(&Q_WS_MAC))[argc];
                   ^
make[1]: *** [CMakeFiles/cmTryCompileExec83390169.dir/CheckSymbolExists.cxx.o] Error 1
make[1]: Leaving directory `/home/matthew/CSC232/Lab4/build/CMakeFiles/CMakeTmp'
make: *** [cmTryCompileExec83390169/fast] Error 2

File /home/matthew/CSC232/Lab4/build/CMakeFiles/CMakeTmp/CheckSymbolExists.cxx:
/* */
#include <QtCore/qglobal.h>

int main(int argc, char** argv)
{
  (void)argv;
#ifndef Q_WS_MAC
  return ((int*)(&Q_WS_MAC))[argc];
#else
  (void)argc;
  return 0;
#endif
}

Determining if the Q_WS_WIN exist failed with the following output:
Change Dir: /home/matthew/CSC232/Lab4/build/CMakeFiles/CMakeTmp

Run Build Command:/usr/bin/make "cmTryCompileExec1168696514/fast"
/usr/bin/make -f CMakeFiles/cmTryCompileExec1168696514.dir/build.make CMakeFiles/cmTryCompileExec1168696514.dir/build
make[1]: Entering directory `/home/matthew/CSC232/Lab4/build/CMakeFiles/CMakeTmp'
/usr/bin/cmake -E cmake_progress_report /home/matthew/CSC232/Lab4/build/CMakeFiles/CMakeTmp/CMakeFiles 1
Building CXX object CMakeFiles/cmTryCompileExec1168696514.dir/CheckSymbolExists.cxx.o
/usr/bin/c++    -I/usr/include/qt4    -o CMakeFiles/cmTryCompileExec1168696514.dir/CheckSymbolExists.cxx.o -c /home/matthew/CSC232/Lab4/build/CMakeFiles/CMakeTmp/CheckSymbolExists.cxx
/home/matthew/CSC232/Lab4/build/CMakeFiles/CMakeTmp/CheckSymbolExists.cxx: In function ‘int main(int, char**)’:
/home/matthew/CSC232/Lab4/build/CMakeFiles/CMakeTmp/CheckSymbolExists.cxx:8:19: error: ‘Q_WS_WIN’ was not declared in this scope
   return ((int*)(&Q_WS_WIN))[argc];
                   ^
make[1]: *** [CMakeFiles/cmTryCompileExec1168696514.dir/CheckSymbolExists.cxx.o] Error 1
make[1]: Leaving directory `/home/matthew/CSC232/Lab4/build/CMakeFiles/CMakeTmp'
make: *** [cmTryCompileExec1168696514/fast] Error 2

File /home/matthew/CSC232/Lab4/build/CMakeFiles/CMakeTmp/CheckSymbolExists.cxx:
/* */
#include <QtCore/qglobal.h>

int main(int argc, char** argv)
{
  (void)argv;
#ifndef Q_WS_WIN
  return ((int*)(&Q_WS_WIN))[argc];
#else
  (void)argc;
  return 0;
#endif
}

Determining if the Q_WS_QWS exist failed with the following output:
Change Dir: /home/matthew/CSC232/Lab4/build/CMakeFiles/CMakeTmp

Run Build Command:/usr/bin/make "cmTryCompileExec1330789059/fast"
/usr/bin/make -f CMakeFiles/cmTryCompileExec1330789059.dir/build.make CMakeFiles/cmTryCompileExec1330789059.dir/build
make[1]: Entering directory `/home/matthew/CSC232/Lab4/build/CMakeFiles/CMakeTmp'
/usr/bin/cmake -E cmake_progress_report /home/matthew/CSC232/Lab4/build/CMakeFiles/CMakeTmp/CMakeFiles 1
Building CXX object CMakeFiles/cmTryCompileExec1330789059.dir/CheckSymbolExists.cxx.o
/usr/bin/c++    -I/usr/include/qt4    -o CMakeFiles/cmTryCompileExec1330789059.dir/CheckSymbolExists.cxx.o -c /home/matthew/CSC232/Lab4/build/CMakeFiles/CMakeTmp/CheckSymbolExists.cxx
/home/matthew/CSC232/Lab4/build/CMakeFiles/CMakeTmp/CheckSymbolExists.cxx: In function ‘int main(int, char**)’:
/home/matthew/CSC232/Lab4/build/CMakeFiles/CMakeTmp/CheckSymbolExists.cxx:8:19: error: ‘Q_WS_QWS’ was not declared in this scope
   return ((int*)(&Q_WS_QWS))[argc];
                   ^
make[1]: Leaving directory `/home/matthew/CSC232/Lab4/build/CMakeFiles/CMakeTmp'
make[1]: *** [CMakeFiles/cmTryCompileExec1330789059.dir/CheckSymbolExists.cxx.o] Error 1
make: *** [cmTryCompileExec1330789059/fast] Error 2

File /home/matthew/CSC232/Lab4/build/CMakeFiles/CMakeTmp/CheckSymbolExists.cxx:
/* */
#include <QtCore/qglobal.h>

int main(int argc, char** argv)
{
  (void)argv;
#ifndef Q_WS_QWS
  return ((int*)(&Q_WS_QWS))[argc];
#else
  (void)argc;
  return 0;
#endif
}

Determining if the Q_WS_MAC exist failed with the following output:
Change Dir: /home/matthew/CSC232/Lab4/build/CMakeFiles/CMakeTmp

Run Build Command:/usr/bin/make "cmTryCompileExec1884740149/fast"
/usr/bin/make -f CMakeFiles/cmTryCompileExec1884740149.dir/build.make CMakeFiles/cmTryCompileExec1884740149.dir/build
make[1]: Entering directory `/home/matthew/CSC232/Lab4/build/CMakeFiles/CMakeTmp'
/usr/bin/cmake -E cmake_progress_report /home/matthew/CSC232/Lab4/build/CMakeFiles/CMakeTmp/CMakeFiles 1
Building CXX object CMakeFiles/cmTryCompileExec1884740149.dir/CheckSymbolExists.cxx.o
/usr/bin/c++    -I/usr/include/qt4    -o CMakeFiles/cmTryCompileExec1884740149.dir/CheckSymbolExists.cxx.o -c /home/matthew/CSC232/Lab4/build/CMakeFiles/CMakeTmp/CheckSymbolExists.cxx
/home/matthew/CSC232/Lab4/build/CMakeFiles/CMakeTmp/CheckSymbolExists.cxx: In function ‘int main(int, char**)’:
/home/matthew/CSC232/Lab4/build/CMakeFiles/CMakeTmp/CheckSymbolExists.cxx:8:19: error: ‘Q_WS_MAC’ was not declared in this scope
   return ((int*)(&Q_WS_MAC))[argc];
                   ^
make[1]: *** [CMakeFiles/cmTryCompileExec1884740149.dir/CheckSymbolExists.cxx.o] Error 1
make[1]: Leaving directory `/home/matthew/CSC232/Lab4/build/CMakeFiles/CMakeTmp'
make: *** [cmTryCompileExec1884740149/fast] Error 2

File /home/matthew/CSC232/Lab4/build/CMakeFiles/CMakeTmp/CheckSymbolExists.cxx:
/* */
#include <QtCore/qglobal.h>

int main(int argc, char** argv)
{
  (void)argv;
#ifndef Q_WS_MAC
  return ((int*)(&Q_WS_MAC))[argc];
#else
  (void)argc;
  return 0;
#endif
}

Determining if the Q_WS_WIN exist failed with the following output:
Change Dir: /home/matthew/CSC232/Lab4/build/CMakeFiles/CMakeTmp

Run Build Command:/usr/bin/make "cmTryCompileExec3300733769/fast"
/usr/bin/make -f CMakeFiles/cmTryCompileExec3300733769.dir/build.make CMakeFiles/cmTryCompileExec3300733769.dir/build
make[1]: Entering directory `/home/matthew/CSC232/Lab4/build/CMakeFiles/CMakeTmp'
/usr/bin/cmake -E cmake_progress_report /home/matthew/CSC232/Lab4/build/CMakeFiles/CMakeTmp/CMakeFiles 1
Building CXX object CMakeFiles/cmTryCompileExec3300733769.dir/CheckSymbolExists.cxx.o
/usr/bin/c++    -I/usr/include/qt4    -o CMakeFiles/cmTryCompileExec3300733769.dir/CheckSymbolExists.cxx.o -c /home/matthew/CSC232/Lab4/build/CMakeFiles/CMakeTmp/CheckSymbolExists.cxx
/home/matthew/CSC232/Lab4/build/CMakeFiles/CMakeTmp/CheckSymbolExists.cxx: In function ‘int main(int, char**)’:
/home/matthew/CSC232/Lab4/build/CMakeFiles/CMakeTmp/CheckSymbolExists.cxx:8:19: error: ‘Q_WS_WIN’ was not declared in this scope
   return ((int*)(&Q_WS_WIN))[argc];
                   ^
make[1]: *** [CMakeFiles/cmTryCompileExec3300733769.dir/CheckSymbolExists.cxx.o] Error 1
make[1]: Leaving directory `/home/matthew/CSC232/Lab4/build/CMakeFiles/CMakeTmp'
make: *** [cmTryCompileExec3300733769/fast] Error 2

File /home/matthew/CSC232/Lab4/build/CMakeFiles/CMakeTmp/CheckSymbolExists.cxx:
/* */
#include <QtCore/qglobal.h>

int main(int argc, char** argv)
{
  (void)argv;
#ifndef Q_WS_WIN
  return ((int*)(&Q_WS_WIN))[argc];
#else
  (void)argc;
  return 0;
#endif
}

Determining if the Q_WS_QWS exist failed with the following output:
Change Dir: /home/matthew/CSC232/Lab4/build/CMakeFiles/CMakeTmp

Run Build Command:/usr/bin/make "cmTryCompileExec545186638/fast"
/usr/bin/make -f CMakeFiles/cmTryCompileExec545186638.dir/build.make CMakeFiles/cmTryCompileExec545186638.dir/build
make[1]: Entering directory `/home/matthew/CSC232/Lab4/build/CMakeFiles/CMakeTmp'
/usr/bin/cmake -E cmake_progress_report /home/matthew/CSC232/Lab4/build/CMakeFiles/CMakeTmp/CMakeFiles 1
Building CXX object CMakeFiles/cmTryCompileExec545186638.dir/CheckSymbolExists.cxx.o
/usr/bin/c++    -I/usr/include/qt4    -o CMakeFiles/cmTryCompileExec545186638.dir/CheckSymbolExists.cxx.o -c /home/matthew/CSC232/Lab4/build/CMakeFiles/CMakeTmp/CheckSymbolExists.cxx
/home/matthew/CSC232/Lab4/build/CMakeFiles/CMakeTmp/CheckSymbolExists.cxx: In function ‘int main(int, char**)’:
/home/matthew/CSC232/Lab4/build/CMakeFiles/CMakeTmp/CheckSymbolExists.cxx:8:19: error: ‘Q_WS_QWS’ was not declared in this scope
   return ((int*)(&Q_WS_QWS))[argc];
                   ^
make[1]: *** [CMakeFiles/cmTryCompileExec545186638.dir/CheckSymbolExists.cxx.o] Error 1
make[1]: Leaving directory `/home/matthew/CSC232/Lab4/build/CMakeFiles/CMakeTmp'
make: *** [cmTryCompileExec545186638/fast] Error 2

File /home/matthew/CSC232/Lab4/build/CMakeFiles/CMakeTmp/CheckSymbolExists.cxx:
/* */
#include <QtCore/qglobal.h>

int main(int argc, char** argv)
{
  (void)argv;
#ifndef Q_WS_QWS
  return ((int*)(&Q_WS_QWS))[argc];
#else
  (void)argc;
  return 0;
#endif
}

Determining if the Q_WS_MAC exist failed with the following output:
Change Dir: /home/matthew/CSC232/Lab4/build/CMakeFiles/CMakeTmp

Run Build Command:/usr/bin/make "cmTryCompileExec507743076/fast"
/usr/bin/make -f CMakeFiles/cmTryCompileExec507743076.dir/build.make CMakeFiles/cmTryCompileExec507743076.dir/build
make[1]: Entering directory `/home/matthew/CSC232/Lab4/build/CMakeFiles/CMakeTmp'
/usr/bin/cmake -E cmake_progress_report /home/matthew/CSC232/Lab4/build/CMakeFiles/CMakeTmp/CMakeFiles 1
Building CXX object CMakeFiles/cmTryCompileExec507743076.dir/CheckSymbolExists.cxx.o
/usr/bin/c++    -I/usr/include/qt4    -o CMakeFiles/cmTryCompileExec507743076.dir/CheckSymbolExists.cxx.o -c /home/matthew/CSC232/Lab4/build/CMakeFiles/CMakeTmp/CheckSymbolExists.cxx
/home/matthew/CSC232/Lab4/build/CMakeFiles/CMakeTmp/CheckSymbolExists.cxx: In function ‘int main(int, char**)’:
/home/matthew/CSC232/Lab4/build/CMakeFiles/CMakeTmp/CheckSymbolExists.cxx:8:19: error: ‘Q_WS_MAC’ was not declared in this scope
   return ((int*)(&Q_WS_MAC))[argc];
                   ^
make[1]: *** [CMakeFiles/cmTryCompileExec507743076.dir/CheckSymbolExists.cxx.o] Error 1
make[1]: Leaving directory `/home/matthew/CSC232/Lab4/build/CMakeFiles/CMakeTmp'
make: *** [cmTryCompileExec507743076/fast] Error 2

File /home/matthew/CSC232/Lab4/build/CMakeFiles/CMakeTmp/CheckSymbolExists.cxx:
/* */
#include <QtCore/qglobal.h>

int main(int argc, char** argv)
{
  (void)argv;
#ifndef Q_WS_MAC
  return ((int*)(&Q_WS_MAC))[argc];
#else
  (void)argc;
  return 0;
#endif
}

Determining if the Q_WS_WIN exist failed with the following output:
Change Dir: /home/matthew/CSC232/Lab4/build/CMakeFiles/CMakeTmp

Run Build Command:/usr/bin/make "cmTryCompileExec3146699219/fast"
/usr/bin/make -f CMakeFiles/cmTryCompileExec3146699219.dir/build.make CMakeFiles/cmTryCompileExec3146699219.dir/build
make[1]: Entering directory `/home/matthew/CSC232/Lab4/build/CMakeFiles/CMakeTmp'
/usr/bin/cmake -E cmake_progress_report /home/matthew/CSC232/Lab4/build/CMakeFiles/CMakeTmp/CMakeFiles 1
Building CXX object CMakeFiles/cmTryCompileExec3146699219.dir/CheckSymbolExists.cxx.o
/usr/bin/c++    -I/usr/include/qt4    -o CMakeFiles/cmTryCompileExec3146699219.dir/CheckSymbolExists.cxx.o -c /home/matthew/CSC232/Lab4/build/CMakeFiles/CMakeTmp/CheckSymbolExists.cxx
/home/matthew/CSC232/Lab4/build/CMakeFiles/CMakeTmp/CheckSymbolExists.cxx: In function ‘int main(int, char**)’:
/home/matthew/CSC232/Lab4/build/CMakeFiles/CMakeTmp/CheckSymbolExists.cxx:8:19: error: ‘Q_WS_WIN’ was not declared in this scope
   return ((int*)(&Q_WS_WIN))[argc];
                   ^
make[1]: *** [CMakeFiles/cmTryCompileExec3146699219.dir/CheckSymbolExists.cxx.o] Error 1
make[1]: Leaving directory `/home/matthew/CSC232/Lab4/build/CMakeFiles/CMakeTmp'
make: *** [cmTryCompileExec3146699219/fast] Error 2

File /home/matthew/CSC232/Lab4/build/CMakeFiles/CMakeTmp/CheckSymbolExists.cxx:
/* */
#include <QtCore/qglobal.h>

int main(int argc, char** argv)
{
  (void)argv;
#ifndef Q_WS_WIN
  return ((int*)(&Q_WS_WIN))[argc];
#else
  (void)argc;
  return 0;
#endif
}

Determining if the Q_WS_QWS exist failed with the following output:
Change Dir: /home/matthew/CSC232/Lab4/build/CMakeFiles/CMakeTmp

Run Build Command:/usr/bin/make "cmTryCompileExec2907216062/fast"
/usr/bin/make -f CMakeFiles/cmTryCompileExec2907216062.dir/build.make CMakeFiles/cmTryCompileExec2907216062.dir/build
make[1]: Entering directory `/home/matthew/CSC232/Lab4/build/CMakeFiles/CMakeTmp'
/usr/bin/cmake -E cmake_progress_report /home/matthew/CSC232/Lab4/build/CMakeFiles/CMakeTmp/CMakeFiles 1
Building CXX object CMakeFiles/cmTryCompileExec2907216062.dir/CheckSymbolExists.cxx.o
/usr/bin/c++    -I/usr/include/qt4    -o CMakeFiles/cmTryCompileExec2907216062.dir/CheckSymbolExists.cxx.o -c /home/matthew/CSC232/Lab4/build/CMakeFiles/CMakeTmp/CheckSymbolExists.cxx
/home/matthew/CSC232/Lab4/build/CMakeFiles/CMakeTmp/CheckSymbolExists.cxx: In function ‘int main(int, char**)’:
/home/matthew/CSC232/Lab4/build/CMakeFiles/CMakeTmp/CheckSymbolExists.cxx:8:19: error: ‘Q_WS_QWS’ was not declared in this scope
   return ((int*)(&Q_WS_QWS))[argc];
                   ^
make[1]: Leaving directory `/home/matthew/CSC232/Lab4/build/CMakeFiles/CMakeTmp'
make[1]: *** [CMakeFiles/cmTryCompileExec2907216062.dir/CheckSymbolExists.cxx.o] Error 1
make: *** [cmTryCompileExec2907216062/fast] Error 2

File /home/matthew/CSC232/Lab4/build/CMakeFiles/CMakeTmp/CheckSymbolExists.cxx:
/* */
#include <QtCore/qglobal.h>

int main(int argc, char** argv)
{
  (void)argv;
#ifndef Q_WS_QWS
  return ((int*)(&Q_WS_QWS))[argc];
#else
  (void)argc;
  return 0;
#endif
}

Determining if the Q_WS_MAC exist failed with the following output:
Change Dir: /home/matthew/CSC232/Lab4/build/CMakeFiles/CMakeTmp

Run Build Command:/usr/bin/make "cmTryCompileExec3831086793/fast"
/usr/bin/make -f CMakeFiles/cmTryCompileExec3831086793.dir/build.make CMakeFiles/cmTryCompileExec3831086793.dir/build
make[1]: Entering directory `/home/matthew/CSC232/Lab4/build/CMakeFiles/CMakeTmp'
/usr/bin/cmake -E cmake_progress_report /home/matthew/CSC232/Lab4/build/CMakeFiles/CMakeTmp/CMakeFiles 1
Building CXX object CMakeFiles/cmTryCompileExec3831086793.dir/CheckSymbolExists.cxx.o
/usr/bin/c++    -I/usr/include/qt4    -o CMakeFiles/cmTryCompileExec3831086793.dir/CheckSymbolExists.cxx.o -c /home/matthew/CSC232/Lab4/build/CMakeFiles/CMakeTmp/CheckSymbolExists.cxx
/home/matthew/CSC232/Lab4/build/CMakeFiles/CMakeTmp/CheckSymbolExists.cxx: In function ‘int main(int, char**)’:
/home/matthew/CSC232/Lab4/build/CMakeFiles/CMakeTmp/CheckSymbolExists.cxx:8:19: error: ‘Q_WS_MAC’ was not declared in this scope
   return ((int*)(&Q_WS_MAC))[argc];
                   ^
make[1]: *** [CMakeFiles/cmTryCompileExec3831086793.dir/CheckSymbolExists.cxx.o] Error 1
make[1]: Leaving directory `/home/matthew/CSC232/Lab4/build/CMakeFiles/CMakeTmp'
make: *** [cmTryCompileExec3831086793/fast] Error 2

File /home/matthew/CSC232/Lab4/build/CMakeFiles/CMakeTmp/CheckSymbolExists.cxx:
/* */
#include <QtCore/qglobal.h>

int main(int argc, char** argv)
{
  (void)argv;
#ifndef Q_WS_MAC
  return ((int*)(&Q_WS_MAC))[argc];
#else
  (void)argc;
  return 0;
#endif
}

Determining if the Q_WS_WIN exist failed with the following output:
Change Dir: /home/matthew/CSC232/Lab4/build/CMakeFiles/CMakeTmp

Run Build Command:/usr/bin/make "cmTryCompileExec2816409093/fast"
/usr/bin/make -f CMakeFiles/cmTryCompileExec2816409093.dir/build.make CMakeFiles/cmTryCompileExec2816409093.dir/build
make[1]: Entering directory `/home/matthew/CSC232/Lab4/build/CMakeFiles/CMakeTmp'
/usr/bin/cmake -E cmake_progress_report /home/matthew/CSC232/Lab4/build/CMakeFiles/CMakeTmp/CMakeFiles 1
Building CXX object CMakeFiles/cmTryCompileExec2816409093.dir/CheckSymbolExists.cxx.o
/usr/bin/c++    -I/usr/include/qt4    -o CMakeFiles/cmTryCompileExec2816409093.dir/CheckSymbolExists.cxx.o -c /home/matthew/CSC232/Lab4/build/CMakeFiles/CMakeTmp/CheckSymbolExists.cxx
/home/matthew/CSC232/Lab4/build/CMakeFiles/CMakeTmp/CheckSymbolExists.cxx: In function ‘int main(int, char**)’:
/home/matthew/CSC232/Lab4/build/CMakeFiles/CMakeTmp/CheckSymbolExists.cxx:8:19: error: ‘Q_WS_WIN’ was not declared in this scope
   return ((int*)(&Q_WS_WIN))[argc];
                   ^
make[1]: *** [CMakeFiles/cmTryCompileExec2816409093.dir/CheckSymbolExists.cxx.o] Error 1
make[1]: Leaving directory `/home/matthew/CSC232/Lab4/build/CMakeFiles/CMakeTmp'
make: *** [cmTryCompileExec2816409093/fast] Error 2

File /home/matthew/CSC232/Lab4/build/CMakeFiles/CMakeTmp/CheckSymbolExists.cxx:
/* */
#include <QtCore/qglobal.h>

int main(int argc, char** argv)
{
  (void)argv;
#ifndef Q_WS_WIN
  return ((int*)(&Q_WS_WIN))[argc];
#else
  (void)argc;
  return 0;
#endif
}

Determining if the Q_WS_QWS exist failed with the following output:
Change Dir: /home/matthew/CSC232/Lab4/build/CMakeFiles/CMakeTmp

Run Build Command:/usr/bin/make "cmTryCompileExec3471415916/fast"
/usr/bin/make -f CMakeFiles/cmTryCompileExec3471415916.dir/build.make CMakeFiles/cmTryCompileExec3471415916.dir/build
make[1]: Entering directory `/home/matthew/CSC232/Lab4/build/CMakeFiles/CMakeTmp'
/usr/bin/cmake -E cmake_progress_report /home/matthew/CSC232/Lab4/build/CMakeFiles/CMakeTmp/CMakeFiles 1
Building CXX object CMakeFiles/cmTryCompileExec3471415916.dir/CheckSymbolExists.cxx.o
/usr/bin/c++    -I/usr/include/qt4    -o CMakeFiles/cmTryCompileExec3471415916.dir/CheckSymbolExists.cxx.o -c /home/matthew/CSC232/Lab4/build/CMakeFiles/CMakeTmp/CheckSymbolExists.cxx
/home/matthew/CSC232/Lab4/build/CMakeFiles/CMakeTmp/CheckSymbolExists.cxx: In function ‘int main(int, char**)’:
/home/matthew/CSC232/Lab4/build/CMakeFiles/CMakeTmp/CheckSymbolExists.cxx:8:19: error: ‘Q_WS_QWS’ was not declared in this scope
   return ((int*)(&Q_WS_QWS))[argc];
                   ^
make[1]: Leaving directory `/home/matthew/CSC232/Lab4/build/CMakeFiles/CMakeTmp'
make[1]: *** [CMakeFiles/cmTryCompileExec3471415916.dir/CheckSymbolExists.cxx.o] Error 1
make: *** [cmTryCompileExec3471415916/fast] Error 2

File /home/matthew/CSC232/Lab4/build/CMakeFiles/CMakeTmp/CheckSymbolExists.cxx:
/* */
#include <QtCore/qglobal.h>

int main(int argc, char** argv)
{
  (void)argv;
#ifndef Q_WS_QWS
  return ((int*)(&Q_WS_QWS))[argc];
#else
  (void)argc;
  return 0;
#endif
}

Determining if the Q_WS_MAC exist failed with the following output:
Change Dir: /home/matthew/CSC232/Lab4/build/CMakeFiles/CMakeTmp

Run Build Command:/usr/bin/make "cmTryCompileExec2449438933/fast"
/usr/bin/make -f CMakeFiles/cmTryCompileExec2449438933.dir/build.make CMakeFiles/cmTryCompileExec2449438933.dir/build
make[1]: Entering directory `/home/matthew/CSC232/Lab4/build/CMakeFiles/CMakeTmp'
/usr/bin/cmake -E cmake_progress_report /home/matthew/CSC232/Lab4/build/CMakeFiles/CMakeTmp/CMakeFiles 1
Building CXX object CMakeFiles/cmTryCompileExec2449438933.dir/CheckSymbolExists.cxx.o
/usr/bin/c++    -I/usr/include/qt4    -o CMakeFiles/cmTryCompileExec2449438933.dir/CheckSymbolExists.cxx.o -c /home/matthew/CSC232/Lab4/build/CMakeFiles/CMakeTmp/CheckSymbolExists.cxx
/home/matthew/CSC232/Lab4/build/CMakeFiles/CMakeTmp/CheckSymbolExists.cxx: In function ‘int main(int, char**)’:
/home/matthew/CSC232/Lab4/build/CMakeFiles/CMakeTmp/CheckSymbolExists.cxx:8:19: error: ‘Q_WS_MAC’ was not declared in this scope
   return ((int*)(&Q_WS_MAC))[argc];
                   ^
make[1]: *** [CMakeFiles/cmTryCompileExec2449438933.dir/CheckSymbolExists.cxx.o] Error 1
make[1]: Leaving directory `/home/matthew/CSC232/Lab4/build/CMakeFiles/CMakeTmp'
make: *** [cmTryCompileExec2449438933/fast] Error 2

File /home/matthew/CSC232/Lab4/build/CMakeFiles/CMakeTmp/CheckSymbolExists.cxx:
/* */
#include <QtCore/qglobal.h>

int main(int argc, char** argv)
{
  (void)argv;
#ifndef Q_WS_MAC
  return ((int*)(&Q_WS_MAC))[argc];
#else
  (void)argc;
  return 0;
#endif
}

Determining if the Q_WS_WIN exist failed with the following output:
Change Dir: /home/matthew/CSC232/Lab4/build/CMakeFiles/CMakeTmp

Run Build Command:/usr/bin/make "cmTryCompileExec3808430931/fast"
/usr/bin/make -f CMakeFiles/cmTryCompileExec3808430931.dir/build.make CMakeFiles/cmTryCompileExec3808430931.dir/build
make[1]: Entering directory `/home/matthew/CSC232/Lab4/build/CMakeFiles/CMakeTmp'
/usr/bin/cmake -E cmake_progress_report /home/matthew/CSC232/Lab4/build/CMakeFiles/CMakeTmp/CMakeFiles 1
Building CXX object CMakeFiles/cmTryCompileExec3808430931.dir/CheckSymbolExists.cxx.o
/usr/bin/c++    -I/usr/include/qt4    -o CMakeFiles/cmTryCompileExec3808430931.dir/CheckSymbolExists.cxx.o -c /home/matthew/CSC232/Lab4/build/CMakeFiles/CMakeTmp/CheckSymbolExists.cxx
/home/matthew/CSC232/Lab4/build/CMakeFiles/CMakeTmp/CheckSymbolExists.cxx: In function ‘int main(int, char**)’:
/home/matthew/CSC232/Lab4/build/CMakeFiles/CMakeTmp/CheckSymbolExists.cxx:8:19: error: ‘Q_WS_WIN’ was not declared in this scope
   return ((int*)(&Q_WS_WIN))[argc];
                   ^
make[1]: *** [CMakeFiles/cmTryCompileExec3808430931.dir/CheckSymbolExists.cxx.o] Error 1
make[1]: Leaving directory `/home/matthew/CSC232/Lab4/build/CMakeFiles/CMakeTmp'
make: *** [cmTryCompileExec3808430931/fast] Error 2

File /home/matthew/CSC232/Lab4/build/CMakeFiles/CMakeTmp/CheckSymbolExists.cxx:
/* */
#include <QtCore/qglobal.h>

int main(int argc, char** argv)
{
  (void)argv;
#ifndef Q_WS_WIN
  return ((int*)(&Q_WS_WIN))[argc];
#else
  (void)argc;
  return 0;
#endif
}

Determining if the Q_WS_QWS exist failed with the following output:
Change Dir: /home/matthew/CSC232/Lab4/build/CMakeFiles/CMakeTmp

Run Build Command:/usr/bin/make "cmTryCompileExec3755200499/fast"
/usr/bin/make -f CMakeFiles/cmTryCompileExec3755200499.dir/build.make CMakeFiles/cmTryCompileExec3755200499.dir/build
make[1]: Entering directory `/home/matthew/CSC232/Lab4/build/CMakeFiles/CMakeTmp'
/usr/bin/cmake -E cmake_progress_report /home/matthew/CSC232/Lab4/build/CMakeFiles/CMakeTmp/CMakeFiles 1
Building CXX object CMakeFiles/cmTryCompileExec3755200499.dir/CheckSymbolExists.cxx.o
/usr/bin/c++    -I/usr/include/qt4    -o CMakeFiles/cmTryCompileExec3755200499.dir/CheckSymbolExists.cxx.o -c /home/matthew/CSC232/Lab4/build/CMakeFiles/CMakeTmp/CheckSymbolExists.cxx
/home/matthew/CSC232/Lab4/build/CMakeFiles/CMakeTmp/CheckSymbolExists.cxx: In function ‘int main(int, char**)’:
/home/matthew/CSC232/Lab4/build/CMakeFiles/CMakeTmp/CheckSymbolExists.cxx:8:19: error: ‘Q_WS_QWS’ was not declared in this scope
   return ((int*)(&Q_WS_QWS))[argc];
                   ^
make[1]: *** [CMakeFiles/cmTryCompileExec3755200499.dir/CheckSymbolExists.cxx.o] Error 1
make[1]: Leaving directory `/home/matthew/CSC232/Lab4/build/CMakeFiles/CMakeTmp'
make: *** [cmTryCompileExec3755200499/fast] Error 2

File /home/matthew/CSC232/Lab4/build/CMakeFiles/CMakeTmp/CheckSymbolExists.cxx:
/* */
#include <QtCore/qglobal.h>

int main(int argc, char** argv)
{
  (void)argv;
#ifndef Q_WS_QWS
  return ((int*)(&Q_WS_QWS))[argc];
#else
  (void)argc;
  return 0;
#endif
}

Determining if the Q_WS_MAC exist failed with the following output:
Change Dir: /home/matthew/CSC232/Lab4/build/CMakeFiles/CMakeTmp

Run Build Command:/usr/bin/make "cmTryCompileExec3217549879/fast"
/usr/bin/make -f CMakeFiles/cmTryCompileExec3217549879.dir/build.make CMakeFiles/cmTryCompileExec3217549879.dir/build
make[1]: Entering directory `/home/matthew/CSC232/Lab4/build/CMakeFiles/CMakeTmp'
/usr/bin/cmake -E cmake_progress_report /home/matthew/CSC232/Lab4/build/CMakeFiles/CMakeTmp/CMakeFiles 1
Building CXX object CMakeFiles/cmTryCompileExec3217549879.dir/CheckSymbolExists.cxx.o
/usr/bin/c++    -I/usr/include/qt4    -o CMakeFiles/cmTryCompileExec3217549879.dir/CheckSymbolExists.cxx.o -c /home/matthew/CSC232/Lab4/build/CMakeFiles/CMakeTmp/CheckSymbolExists.cxx
/home/matthew/CSC232/Lab4/build/CMakeFiles/CMakeTmp/CheckSymbolExists.cxx: In function ‘int main(int, char**)’:
/home/matthew/CSC232/Lab4/build/CMakeFiles/CMakeTmp/CheckSymbolExists.cxx:8:19: error: ‘Q_WS_MAC’ was not declared in this scope
   return ((int*)(&Q_WS_MAC))[argc];
                   ^
make[1]: *** [CMakeFiles/cmTryCompileExec3217549879.dir/CheckSymbolExists.cxx.o] Error 1
make[1]: Leaving directory `/home/matthew/CSC232/Lab4/build/CMakeFiles/CMakeTmp'
make: *** [cmTryCompileExec3217549879/fast] Error 2

File /home/matthew/CSC232/Lab4/build/CMakeFiles/CMakeTmp/CheckSymbolExists.cxx:
/* */
#include <QtCore/qglobal.h>

int main(int argc, char** argv)
{
  (void)argv;
#ifndef Q_WS_MAC
  return ((int*)(&Q_WS_MAC))[argc];
#else
  (void)argc;
  return 0;
#endif
}

Determining if the Q_WS_WIN exist failed with the following output:
Change Dir: /home/matthew/CSC232/Lab4/build/CMakeFiles/CMakeTmp

Run Build Command:/usr/bin/make "cmTryCompileExec1523565566/fast"
/usr/bin/make -f CMakeFiles/cmTryCompileExec1523565566.dir/build.make CMakeFiles/cmTryCompileExec1523565566.dir/build
make[1]: Entering directory `/home/matthew/CSC232/Lab4/build/CMakeFiles/CMakeTmp'
/usr/bin/cmake -E cmake_progress_report /home/matthew/CSC232/Lab4/build/CMakeFiles/CMakeTmp/CMakeFiles 1
Building CXX object CMakeFiles/cmTryCompileExec1523565566.dir/CheckSymbolExists.cxx.o
/usr/bin/c++    -I/usr/include/qt4    -o CMakeFiles/cmTryCompileExec1523565566.dir/CheckSymbolExists.cxx.o -c /home/matthew/CSC232/Lab4/build/CMakeFiles/CMakeTmp/CheckSymbolExists.cxx
/home/matthew/CSC232/Lab4/build/CMakeFiles/CMakeTmp/CheckSymbolExists.cxx: In function ‘int main(int, char**)’:
/home/matthew/CSC232/Lab4/build/CMakeFiles/CMakeTmp/CheckSymbolExists.cxx:8:19: error: ‘Q_WS_WIN’ was not declared in this scope
   return ((int*)(&Q_WS_WIN))[argc];
                   ^
make[1]: *** [CMakeFiles/cmTryCompileExec1523565566.dir/CheckSymbolExists.cxx.o] Error 1
make[1]: Leaving directory `/home/matthew/CSC232/Lab4/build/CMakeFiles/CMakeTmp'
make: *** [cmTryCompileExec1523565566/fast] Error 2

File /home/matthew/CSC232/Lab4/build/CMakeFiles/CMakeTmp/CheckSymbolExists.cxx:
/* */
#include <QtCore/qglobal.h>

int main(int argc, char** argv)
{
  (void)argv;
#ifndef Q_WS_WIN
  return ((int*)(&Q_WS_WIN))[argc];
#else
  (void)argc;
  return 0;
#endif
}

Determining if the Q_WS_QWS exist failed with the following output:
Change Dir: /home/matthew/CSC232/Lab4/build/CMakeFiles/CMakeTmp

Run Build Command:/usr/bin/make "cmTryCompileExec2424910661/fast"
/usr/bin/make -f CMakeFiles/cmTryCompileExec2424910661.dir/build.make CMakeFiles/cmTryCompileExec2424910661.dir/build
make[1]: Entering directory `/home/matthew/CSC232/Lab4/build/CMakeFiles/CMakeTmp'
/usr/bin/cmake -E cmake_progress_report /home/matthew/CSC232/Lab4/build/CMakeFiles/CMakeTmp/CMakeFiles 1
Building CXX object CMakeFiles/cmTryCompileExec2424910661.dir/CheckSymbolExists.cxx.o
/usr/bin/c++    -I/usr/include/qt4    -o CMakeFiles/cmTryCompileExec2424910661.dir/CheckSymbolExists.cxx.o -c /home/matthew/CSC232/Lab4/build/CMakeFiles/CMakeTmp/CheckSymbolExists.cxx
/home/matthew/CSC232/Lab4/build/CMakeFiles/CMakeTmp/CheckSymbolExists.cxx: In function ‘int main(int, char**)’:
/home/matthew/CSC232/Lab4/build/CMakeFiles/CMakeTmp/CheckSymbolExists.cxx:8:19: error: ‘Q_WS_QWS’ was not declared in this scope
   return ((int*)(&Q_WS_QWS))[argc];
                   ^
make[1]: *** [CMakeFiles/cmTryCompileExec2424910661.dir/CheckSymbolExists.cxx.o] Error 1
make[1]: Leaving directory `/home/matthew/CSC232/Lab4/build/CMakeFiles/CMakeTmp'
make: *** [cmTryCompileExec2424910661/fast] Error 2

File /home/matthew/CSC232/Lab4/build/CMakeFiles/CMakeTmp/CheckSymbolExists.cxx:
/* */
#include <QtCore/qglobal.h>

int main(int argc, char** argv)
{
  (void)argv;
#ifndef Q_WS_QWS
  return ((int*)(&Q_WS_QWS))[argc];
#else
  (void)argc;
  return 0;
#endif
}

Determining if the Q_WS_MAC exist failed with the following output:
Change Dir: /home/matthew/CSC232/Lab4/build/CMakeFiles/CMakeTmp

Run Build Command:/usr/bin/make "cmTryCompileExec1344736857/fast"
/usr/bin/make -f CMakeFiles/cmTryCompileExec1344736857.dir/build.make CMakeFiles/cmTryCompileExec1344736857.dir/build
make[1]: Entering directory `/home/matthew/CSC232/Lab4/build/CMakeFiles/CMakeTmp'
/usr/bin/cmake -E cmake_progress_report /home/matthew/CSC232/Lab4/build/CMakeFiles/CMakeTmp/CMakeFiles 1
Building CXX object CMakeFiles/cmTryCompileExec1344736857.dir/CheckSymbolExists.cxx.o
/usr/bin/c++    -I/usr/include/qt4    -o CMakeFiles/cmTryCompileExec1344736857.dir/CheckSymbolExists.cxx.o -c /home/matthew/CSC232/Lab4/build/CMakeFiles/CMakeTmp/CheckSymbolExists.cxx
/home/matthew/CSC232/Lab4/build/CMakeFiles/CMakeTmp/CheckSymbolExists.cxx: In function ‘int main(int, char**)’:
/home/matthew/CSC232/Lab4/build/CMakeFiles/CMakeTmp/CheckSymbolExists.cxx:8:19: error: ‘Q_WS_MAC’ was not declared in this scope
   return ((int*)(&Q_WS_MAC))[argc];
                   ^
make[1]: *** [CMakeFiles/cmTryCompileExec1344736857.dir/CheckSymbolExists.cxx.o] Error 1
make[1]: Leaving directory `/home/matthew/CSC232/Lab4/build/CMakeFiles/CMakeTmp'
make: *** [cmTryCompileExec1344736857/fast] Error 2

File /home/matthew/CSC232/Lab4/build/CMakeFiles/CMakeTmp/CheckSymbolExists.cxx:
/* */
#include <QtCore/qglobal.h>

int main(int argc, char** argv)
{
  (void)argv;
#ifndef Q_WS_MAC
  return ((int*)(&Q_WS_MAC))[argc];
#else
  (void)argc;
  return 0;
#endif
}

Determining if the Q_WS_WIN exist failed with the following output:
Change Dir: /home/matthew/CSC232/Lab4/build/CMakeFiles/CMakeTmp

Run Build Command:/usr/bin/make "cmTryCompileExec2988249156/fast"
/usr/bin/make -f CMakeFiles/cmTryCompileExec2988249156.dir/build.make CMakeFiles/cmTryCompileExec2988249156.dir/build
make[1]: Entering directory `/home/matthew/CSC232/Lab4/build/CMakeFiles/CMakeTmp'
/usr/bin/cmake -E cmake_progress_report /home/matthew/CSC232/Lab4/build/CMakeFiles/CMakeTmp/CMakeFiles 1
Building CXX object CMakeFiles/cmTryCompileExec2988249156.dir/CheckSymbolExists.cxx.o
/usr/bin/c++    -I/usr/include/qt4    -o CMakeFiles/cmTryCompileExec2988249156.dir/CheckSymbolExists.cxx.o -c /home/matthew/CSC232/Lab4/build/CMakeFiles/CMakeTmp/CheckSymbolExists.cxx
/home/matthew/CSC232/Lab4/build/CMakeFiles/CMakeTmp/CheckSymbolExists.cxx: In function ‘int main(int, char**)’:
/home/matthew/CSC232/Lab4/build/CMakeFiles/CMakeTmp/CheckSymbolExists.cxx:8:19: error: ‘Q_WS_WIN’ was not declared in this scope
   return ((int*)(&Q_WS_WIN))[argc];
                   ^
make[1]: *** [CMakeFiles/cmTryCompileExec2988249156.dir/CheckSymbolExists.cxx.o] Error 1
make[1]: Leaving directory `/home/matthew/CSC232/Lab4/build/CMakeFiles/CMakeTmp'
make: *** [cmTryCompileExec2988249156/fast] Error 2

File /home/matthew/CSC232/Lab4/build/CMakeFiles/CMakeTmp/CheckSymbolExists.cxx:
/* */
#include <QtCore/qglobal.h>

int main(int argc, char** argv)
{
  (void)argv;
#ifndef Q_WS_WIN
  return ((int*)(&Q_WS_WIN))[argc];
#else
  (void)argc;
  return 0;
#endif
}

Determining if the Q_WS_QWS exist failed with the following output:
Change Dir: /home/matthew/CSC232/Lab4/build/CMakeFiles/CMakeTmp

Run Build Command:/usr/bin/make "cmTryCompileExec3353679697/fast"
/usr/bin/make -f CMakeFiles/cmTryCompileExec3353679697.dir/build.make CMakeFiles/cmTryCompileExec3353679697.dir/build
make[1]: Entering directory `/home/matthew/CSC232/Lab4/build/CMakeFiles/CMakeTmp'
/usr/bin/cmake -E cmake_progress_report /home/matthew/CSC232/Lab4/build/CMakeFiles/CMakeTmp/CMakeFiles 1
Building CXX object CMakeFiles/cmTryCompileExec3353679697.dir/CheckSymbolExists.cxx.o
/usr/bin/c++    -I/usr/include/qt4    -o CMakeFiles/cmTryCompileExec3353679697.dir/CheckSymbolExists.cxx.o -c /home/matthew/CSC232/Lab4/build/CMakeFiles/CMakeTmp/CheckSymbolExists.cxx
/home/matthew/CSC232/Lab4/build/CMakeFiles/CMakeTmp/CheckSymbolExists.cxx: In function ‘int main(int, char**)’:
/home/matthew/CSC232/Lab4/build/CMakeFiles/CMakeTmp/CheckSymbolExists.cxx:8:19: error: ‘Q_WS_QWS’ was not declared in this scope
   return ((int*)(&Q_WS_QWS))[argc];
                   ^
make[1]: *** [CMakeFiles/cmTryCompileExec3353679697.dir/CheckSymbolExists.cxx.o] Error 1
make[1]: Leaving directory `/home/matthew/CSC232/Lab4/build/CMakeFiles/CMakeTmp'
make: *** [cmTryCompileExec3353679697/fast] Error 2

File /home/matthew/CSC232/Lab4/build/CMakeFiles/CMakeTmp/CheckSymbolExists.cxx:
/* */
#include <QtCore/qglobal.h>

int main(int argc, char** argv)
{
  (void)argv;
#ifndef Q_WS_QWS
  return ((int*)(&Q_WS_QWS))[argc];
#else
  (void)argc;
  return 0;
#endif
}

Determining if the Q_WS_MAC exist failed with the following output:
Change Dir: /home/matthew/CSC232/Lab4/build/CMakeFiles/CMakeTmp

Run Build Command:/usr/bin/make "cmTryCompileExec2828727355/fast"
/usr/bin/make -f CMakeFiles/cmTryCompileExec2828727355.dir/build.make CMakeFiles/cmTryCompileExec2828727355.dir/build
make[1]: Entering directory `/home/matthew/CSC232/Lab4/build/CMakeFiles/CMakeTmp'
/usr/bin/cmake -E cmake_progress_report /home/matthew/CSC232/Lab4/build/CMakeFiles/CMakeTmp/CMakeFiles 1
Building CXX object CMakeFiles/cmTryCompileExec2828727355.dir/CheckSymbolExists.cxx.o
/usr/bin/c++    -I/usr/include/qt4    -o CMakeFiles/cmTryCompileExec2828727355.dir/CheckSymbolExists.cxx.o -c /home/matthew/CSC232/Lab4/build/CMakeFiles/CMakeTmp/CheckSymbolExists.cxx
/home/matthew/CSC232/Lab4/build/CMakeFiles/CMakeTmp/CheckSymbolExists.cxx: In function ‘int main(int, char**)’:
/home/matthew/CSC232/Lab4/build/CMakeFiles/CMakeTmp/CheckSymbolExists.cxx:8:19: error: ‘Q_WS_MAC’ was not declared in this scope
   return ((int*)(&Q_WS_MAC))[argc];
                   ^
make[1]: *** [CMakeFiles/cmTryCompileExec2828727355.dir/CheckSymbolExists.cxx.o] Error 1
make[1]: Leaving directory `/home/matthew/CSC232/Lab4/build/CMakeFiles/CMakeTmp'
make: *** [cmTryCompileExec2828727355/fast] Error 2

File /home/matthew/CSC232/Lab4/build/CMakeFiles/CMakeTmp/CheckSymbolExists.cxx:
/* */
#include <QtCore/qglobal.h>

int main(int argc, char** argv)
{
  (void)argv;
#ifndef Q_WS_MAC
  return ((int*)(&Q_WS_MAC))[argc];
#else
  (void)argc;
  return 0;
#endif
}

Determining if the Q_WS_WIN exist failed with the following output:
Change Dir: /home/matthew/CSC232/Lab4/build/CMakeFiles/CMakeTmp

Run Build Command:/usr/bin/make "cmTryCompileExec2833284572/fast"
/usr/bin/make -f CMakeFiles/cmTryCompileExec2833284572.dir/build.make CMakeFiles/cmTryCompileExec2833284572.dir/build
make[1]: Entering directory `/home/matthew/CSC232/Lab4/build/CMakeFiles/CMakeTmp'
/usr/bin/cmake -E cmake_progress_report /home/matthew/CSC232/Lab4/build/CMakeFiles/CMakeTmp/CMakeFiles 1
Building CXX object CMakeFiles/cmTryCompileExec2833284572.dir/CheckSymbolExists.cxx.o
/usr/bin/c++    -I/usr/include/qt4    -o CMakeFiles/cmTryCompileExec2833284572.dir/CheckSymbolExists.cxx.o -c /home/matthew/CSC232/Lab4/build/CMakeFiles/CMakeTmp/CheckSymbolExists.cxx
/home/matthew/CSC232/Lab4/build/CMakeFiles/CMakeTmp/CheckSymbolExists.cxx: In function ‘int main(int, char**)’:
/home/matthew/CSC232/Lab4/build/CMakeFiles/CMakeTmp/CheckSymbolExists.cxx:8:19: error: ‘Q_WS_WIN’ was not declared in this scope
   return ((int*)(&Q_WS_WIN))[argc];
                   ^
make[1]: *** [CMakeFiles/cmTryCompileExec2833284572.dir/CheckSymbolExists.cxx.o] Error 1
make[1]: Leaving directory `/home/matthew/CSC232/Lab4/build/CMakeFiles/CMakeTmp'
make: *** [cmTryCompileExec2833284572/fast] Error 2

File /home/matthew/CSC232/Lab4/build/CMakeFiles/CMakeTmp/CheckSymbolExists.cxx:
/* */
#include <QtCore/qglobal.h>

int main(int argc, char** argv)
{
  (void)argv;
#ifndef Q_WS_WIN
  return ((int*)(&Q_WS_WIN))[argc];
#else
  (void)argc;
  return 0;
#endif
}

Determining if the Q_WS_QWS exist failed with the following output:
Change Dir: /home/matthew/CSC232/Lab4/build/CMakeFiles/CMakeTmp

Run Build Command:/usr/bin/make "cmTryCompileExec1122984283/fast"
/usr/bin/make -f CMakeFiles/cmTryCompileExec1122984283.dir/build.make CMakeFiles/cmTryCompileExec1122984283.dir/build
make[1]: Entering directory `/home/matthew/CSC232/Lab4/build/CMakeFiles/CMakeTmp'
/usr/bin/cmake -E cmake_progress_report /home/matthew/CSC232/Lab4/build/CMakeFiles/CMakeTmp/CMakeFiles 1
Building CXX object CMakeFiles/cmTryCompileExec1122984283.dir/CheckSymbolExists.cxx.o
/usr/bin/c++    -I/usr/include/qt4    -o CMakeFiles/cmTryCompileExec1122984283.dir/CheckSymbolExists.cxx.o -c /home/matthew/CSC232/Lab4/build/CMakeFiles/CMakeTmp/CheckSymbolExists.cxx
/home/matthew/CSC232/Lab4/build/CMakeFiles/CMakeTmp/CheckSymbolExists.cxx: In function ‘int main(int, char**)’:
/home/matthew/CSC232/Lab4/build/CMakeFiles/CMakeTmp/CheckSymbolExists.cxx:8:19: error: ‘Q_WS_QWS’ was not declared in this scope
   return ((int*)(&Q_WS_QWS))[argc];
                   ^
make[1]: *** [CMakeFiles/cmTryCompileExec1122984283.dir/CheckSymbolExists.cxx.o] Error 1
make[1]: Leaving directory `/home/matthew/CSC232/Lab4/build/CMakeFiles/CMakeTmp'
make: *** [cmTryCompileExec1122984283/fast] Error 2

File /home/matthew/CSC232/Lab4/build/CMakeFiles/CMakeTmp/CheckSymbolExists.cxx:
/* */
#include <QtCore/qglobal.h>

int main(int argc, char** argv)
{
  (void)argv;
#ifndef Q_WS_QWS
  return ((int*)(&Q_WS_QWS))[argc];
#else
  (void)argc;
  return 0;
#endif
}

Determining if the Q_WS_MAC exist failed with the following output:
Change Dir: /home/matthew/CSC232/Lab4/build/CMakeFiles/CMakeTmp

Run Build Command:/usr/bin/make "cmTryCompileExec595622501/fast"
/usr/bin/make -f CMakeFiles/cmTryCompileExec595622501.dir/build.make CMakeFiles/cmTryCompileExec595622501.dir/build
make[1]: Entering directory `/home/matthew/CSC232/Lab4/build/CMakeFiles/CMakeTmp'
/usr/bin/cmake -E cmake_progress_report /home/matthew/CSC232/Lab4/build/CMakeFiles/CMakeTmp/CMakeFiles 1
Building CXX object CMakeFiles/cmTryCompileExec595622501.dir/CheckSymbolExists.cxx.o
/usr/bin/c++    -I/usr/include/qt4    -o CMakeFiles/cmTryCompileExec595622501.dir/CheckSymbolExists.cxx.o -c /home/matthew/CSC232/Lab4/build/CMakeFiles/CMakeTmp/CheckSymbolExists.cxx
/home/matthew/CSC232/Lab4/build/CMakeFiles/CMakeTmp/CheckSymbolExists.cxx: In function ‘int main(int, char**)’:
/home/matthew/CSC232/Lab4/build/CMakeFiles/CMakeTmp/CheckSymbolExists.cxx:8:19: error: ‘Q_WS_MAC’ was not declared in this scope
   return ((int*)(&Q_WS_MAC))[argc];
                   ^
make[1]: *** [CMakeFiles/cmTryCompileExec595622501.dir/CheckSymbolExists.cxx.o] Error 1
make[1]: Leaving directory `/home/matthew/CSC232/Lab4/build/CMakeFiles/CMakeTmp'
make: *** [cmTryCompileExec595622501/fast] Error 2

File /home/matthew/CSC232/Lab4/build/CMakeFiles/CMakeTmp/CheckSymbolExists.cxx:
/* */
#include <QtCore/qglobal.h>

int main(int argc, char** argv)
{
  (void)argv;
#ifndef Q_WS_MAC
  return ((int*)(&Q_WS_MAC))[argc];
#else
  (void)argc;
  return 0;
#endif
}

Determining if the Q_WS_WIN exist failed with the following output:
Change Dir: /home/matthew/CSC232/Lab4/build/CMakeFiles/CMakeTmp

Run Build Command:/usr/bin/make "cmTryCompileExec2138512965/fast"
/usr/bin/make -f CMakeFiles/cmTryCompileExec2138512965.dir/build.make CMakeFiles/cmTryCompileExec2138512965.dir/build
make[1]: Entering directory `/home/matthew/CSC232/Lab4/build/CMakeFiles/CMakeTmp'
/usr/bin/cmake -E cmake_progress_report /home/matthew/CSC232/Lab4/build/CMakeFiles/CMakeTmp/CMakeFiles 1
Building CXX object CMakeFiles/cmTryCompileExec2138512965.dir/CheckSymbolExists.cxx.o
/usr/bin/c++    -I/usr/include/qt4    -o CMakeFiles/cmTryCompileExec2138512965.dir/CheckSymbolExists.cxx.o -c /home/matthew/CSC232/Lab4/build/CMakeFiles/CMakeTmp/CheckSymbolExists.cxx
/home/matthew/CSC232/Lab4/build/CMakeFiles/CMakeTmp/CheckSymbolExists.cxx: In function ‘int main(int, char**)’:
/home/matthew/CSC232/Lab4/build/CMakeFiles/CMakeTmp/CheckSymbolExists.cxx:8:19: error: ‘Q_WS_WIN’ was not declared in this scope
   return ((int*)(&Q_WS_WIN))[argc];
                   ^
make[1]: *** [CMakeFiles/cmTryCompileExec2138512965.dir/CheckSymbolExists.cxx.o] Error 1
make[1]: Leaving directory `/home/matthew/CSC232/Lab4/build/CMakeFiles/CMakeTmp'
make: *** [cmTryCompileExec2138512965/fast] Error 2

File /home/matthew/CSC232/Lab4/build/CMakeFiles/CMakeTmp/CheckSymbolExists.cxx:
/* */
#include <QtCore/qglobal.h>

int main(int argc, char** argv)
{
  (void)argv;
#ifndef Q_WS_WIN
  return ((int*)(&Q_WS_WIN))[argc];
#else
  (void)argc;
  return 0;
#endif
}

Determining if the Q_WS_QWS exist failed with the following output:
Change Dir: /home/matthew/CSC232/Lab4/build/CMakeFiles/CMakeTmp

Run Build Command:/usr/bin/make "cmTryCompileExec1068632610/fast"
/usr/bin/make -f CMakeFiles/cmTryCompileExec1068632610.dir/build.make CMakeFiles/cmTryCompileExec1068632610.dir/build
make[1]: Entering directory `/home/matthew/CSC232/Lab4/build/CMakeFiles/CMakeTmp'
/usr/bin/cmake -E cmake_progress_report /home/matthew/CSC232/Lab4/build/CMakeFiles/CMakeTmp/CMakeFiles 1
Building CXX object CMakeFiles/cmTryCompileExec1068632610.dir/CheckSymbolExists.cxx.o
/usr/bin/c++    -I/usr/include/qt4    -o CMakeFiles/cmTryCompileExec1068632610.dir/CheckSymbolExists.cxx.o -c /home/matthew/CSC232/Lab4/build/CMakeFiles/CMakeTmp/CheckSymbolExists.cxx
/home/matthew/CSC232/Lab4/build/CMakeFiles/CMakeTmp/CheckSymbolExists.cxx: In function ‘int main(int, char**)’:
/home/matthew/CSC232/Lab4/build/CMakeFiles/CMakeTmp/CheckSymbolExists.cxx:8:19: error: ‘Q_WS_QWS’ was not declared in this scope
   return ((int*)(&Q_WS_QWS))[argc];
                   ^
make[1]: *** [CMakeFiles/cmTryCompileExec1068632610.dir/CheckSymbolExists.cxx.o] Error 1
make[1]: Leaving directory `/home/matthew/CSC232/Lab4/build/CMakeFiles/CMakeTmp'
make: *** [cmTryCompileExec1068632610/fast] Error 2

File /home/matthew/CSC232/Lab4/build/CMakeFiles/CMakeTmp/CheckSymbolExists.cxx:
/* */
#include <QtCore/qglobal.h>

int main(int argc, char** argv)
{
  (void)argv;
#ifndef Q_WS_QWS
  return ((int*)(&Q_WS_QWS))[argc];
#else
  (void)argc;
  return 0;
#endif
}

Determining if the Q_WS_MAC exist failed with the following output:
Change Dir: /home/matthew/CSC232/Lab4/build/CMakeFiles/CMakeTmp

Run Build Command:/usr/bin/make "cmTryCompileExec1564745524/fast"
/usr/bin/make -f CMakeFiles/cmTryCompileExec1564745524.dir/build.make CMakeFiles/cmTryCompileExec1564745524.dir/build
make[1]: Entering directory `/home/matthew/CSC232/Lab4/build/CMakeFiles/CMakeTmp'
/usr/bin/cmake -E cmake_progress_report /home/matthew/CSC232/Lab4/build/CMakeFiles/CMakeTmp/CMakeFiles 1
Building CXX object CMakeFiles/cmTryCompileExec1564745524.dir/CheckSymbolExists.cxx.o
/usr/bin/c++    -I/usr/include/qt4    -o CMakeFiles/cmTryCompileExec1564745524.dir/CheckSymbolExists.cxx.o -c /home/matthew/CSC232/Lab4/build/CMakeFiles/CMakeTmp/CheckSymbolExists.cxx
/home/matthew/CSC232/Lab4/build/CMakeFiles/CMakeTmp/CheckSymbolExists.cxx: In function ‘int main(int, char**)’:
/home/matthew/CSC232/Lab4/build/CMakeFiles/CMakeTmp/CheckSymbolExists.cxx:8:19: error: ‘Q_WS_MAC’ was not declared in this scope
   return ((int*)(&Q_WS_MAC))[argc];
                   ^
make[1]: *** [CMakeFiles/cmTryCompileExec1564745524.dir/CheckSymbolExists.cxx.o] Error 1
make[1]: Leaving directory `/home/matthew/CSC232/Lab4/build/CMakeFiles/CMakeTmp'
make: *** [cmTryCompileExec1564745524/fast] Error 2

File /home/matthew/CSC232/Lab4/build/CMakeFiles/CMakeTmp/CheckSymbolExists.cxx:
/* */
#include <QtCore/qglobal.h>

int main(int argc, char** argv)
{
  (void)argv;
#ifndef Q_WS_MAC
  return ((int*)(&Q_WS_MAC))[argc];
#else
  (void)argc;
  return 0;
#endif
}

Determining if the Q_WS_WIN exist failed with the following output:
Change Dir: /home/matthew/CSC232/Lab4/build/CMakeFiles/CMakeTmp

Run Build Command:/usr/bin/make "cmTryCompileExec2833474457/fast"
/usr/bin/make -f CMakeFiles/cmTryCompileExec2833474457.dir/build.make CMakeFiles/cmTryCompileExec2833474457.dir/build
make[1]: Entering directory `/home/matthew/CSC232/Lab4/build/CMakeFiles/CMakeTmp'
/usr/bin/cmake -E cmake_progress_report /home/matthew/CSC232/Lab4/build/CMakeFiles/CMakeTmp/CMakeFiles 1
Building CXX object CMakeFiles/cmTryCompileExec2833474457.dir/CheckSymbolExists.cxx.o
/usr/bin/c++    -I/usr/include/qt4    -o CMakeFiles/cmTryCompileExec2833474457.dir/CheckSymbolExists.cxx.o -c /home/matthew/CSC232/Lab4/build/CMakeFiles/CMakeTmp/CheckSymbolExists.cxx
/home/matthew/CSC232/Lab4/build/CMakeFiles/CMakeTmp/CheckSymbolExists.cxx: In function ‘int main(int, char**)’:
/home/matthew/CSC232/Lab4/build/CMakeFiles/CMakeTmp/CheckSymbolExists.cxx:8:19: error: ‘Q_WS_WIN’ was not declared in this scope
   return ((int*)(&Q_WS_WIN))[argc];
                   ^
make[1]: *** [CMakeFiles/cmTryCompileExec2833474457.dir/CheckSymbolExists.cxx.o] Error 1
make[1]: Leaving directory `/home/matthew/CSC232/Lab4/build/CMakeFiles/CMakeTmp'
make: *** [cmTryCompileExec2833474457/fast] Error 2

File /home/matthew/CSC232/Lab4/build/CMakeFiles/CMakeTmp/CheckSymbolExists.cxx:
/* */
#include <QtCore/qglobal.h>

int main(int argc, char** argv)
{
  (void)argv;
#ifndef Q_WS_WIN
  return ((int*)(&Q_WS_WIN))[argc];
#else
  (void)argc;
  return 0;
#endif
}

Determining if the Q_WS_QWS exist failed with the following output:
Change Dir: /home/matthew/CSC232/Lab4/build/CMakeFiles/CMakeTmp

Run Build Command:/usr/bin/make "cmTryCompileExec2842092224/fast"
/usr/bin/make -f CMakeFiles/cmTryCompileExec2842092224.dir/build.make CMakeFiles/cmTryCompileExec2842092224.dir/build
make[1]: Entering directory `/home/matthew/CSC232/Lab4/build/CMakeFiles/CMakeTmp'
/usr/bin/cmake -E cmake_progress_report /home/matthew/CSC232/Lab4/build/CMakeFiles/CMakeTmp/CMakeFiles 1
Building CXX object CMakeFiles/cmTryCompileExec2842092224.dir/CheckSymbolExists.cxx.o
/usr/bin/c++    -I/usr/include/qt4    -o CMakeFiles/cmTryCompileExec2842092224.dir/CheckSymbolExists.cxx.o -c /home/matthew/CSC232/Lab4/build/CMakeFiles/CMakeTmp/CheckSymbolExists.cxx
/home/matthew/CSC232/Lab4/build/CMakeFiles/CMakeTmp/CheckSymbolExists.cxx: In function ‘int main(int, char**)’:
/home/matthew/CSC232/Lab4/build/CMakeFiles/CMakeTmp/CheckSymbolExists.cxx:8:19: error: ‘Q_WS_QWS’ was not declared in this scope
   return ((int*)(&Q_WS_QWS))[argc];
                   ^
make[1]: *** [CMakeFiles/cmTryCompileExec2842092224.dir/CheckSymbolExists.cxx.o] Error 1
make[1]: Leaving directory `/home/matthew/CSC232/Lab4/build/CMakeFiles/CMakeTmp'
make: *** [cmTryCompileExec2842092224/fast] Error 2

File /home/matthew/CSC232/Lab4/build/CMakeFiles/CMakeTmp/CheckSymbolExists.cxx:
/* */
#include <QtCore/qglobal.h>

int main(int argc, char** argv)
{
  (void)argv;
#ifndef Q_WS_QWS
  return ((int*)(&Q_WS_QWS))[argc];
#else
  (void)argc;
  return 0;
#endif
}

Determining if the Q_WS_MAC exist failed with the following output:
Change Dir: /home/matthew/CSC232/Lab4/build/CMakeFiles/CMakeTmp

Run Build Command:/usr/bin/make "cmTryCompileExec1847592761/fast"
/usr/bin/make -f CMakeFiles/cmTryCompileExec1847592761.dir/build.make CMakeFiles/cmTryCompileExec1847592761.dir/build
make[1]: Entering directory `/home/matthew/CSC232/Lab4/build/CMakeFiles/CMakeTmp'
/usr/bin/cmake -E cmake_progress_report /home/matthew/CSC232/Lab4/build/CMakeFiles/CMakeTmp/CMakeFiles 1
Building CXX object CMakeFiles/cmTryCompileExec1847592761.dir/CheckSymbolExists.cxx.o
/usr/bin/c++    -I/usr/include/qt4    -o CMakeFiles/cmTryCompileExec1847592761.dir/CheckSymbolExists.cxx.o -c /home/matthew/CSC232/Lab4/build/CMakeFiles/CMakeTmp/CheckSymbolExists.cxx
/home/matthew/CSC232/Lab4/build/CMakeFiles/CMakeTmp/CheckSymbolExists.cxx: In function ‘int main(int, char**)’:
/home/matthew/CSC232/Lab4/build/CMakeFiles/CMakeTmp/CheckSymbolExists.cxx:8:19: error: ‘Q_WS_MAC’ was not declared in this scope
   return ((int*)(&Q_WS_MAC))[argc];
                   ^
make[1]: *** [CMakeFiles/cmTryCompileExec1847592761.dir/CheckSymbolExists.cxx.o] Error 1
make[1]: Leaving directory `/home/matthew/CSC232/Lab4/build/CMakeFiles/CMakeTmp'
make: *** [cmTryCompileExec1847592761/fast] Error 2

File /home/matthew/CSC232/Lab4/build/CMakeFiles/CMakeTmp/CheckSymbolExists.cxx:
/* */
#include <QtCore/qglobal.h>

int main(int argc, char** argv)
{
  (void)argv;
#ifndef Q_WS_MAC
  return ((int*)(&Q_WS_MAC))[argc];
#else
  (void)argc;
  return 0;
#endif
}

Determining if the Q_WS_WIN exist failed with the following output:
Change Dir: /home/matthew/CSC232/Lab4/build/CMakeFiles/CMakeTmp

Run Build Command:/usr/bin/make "cmTryCompileExec878464862/fast"
/usr/bin/make -f CMakeFiles/cmTryCompileExec878464862.dir/build.make CMakeFiles/cmTryCompileExec878464862.dir/build
make[1]: Entering directory `/home/matthew/CSC232/Lab4/build/CMakeFiles/CMakeTmp'
/usr/bin/cmake -E cmake_progress_report /home/matthew/CSC232/Lab4/build/CMakeFiles/CMakeTmp/CMakeFiles 1
Building CXX object CMakeFiles/cmTryCompileExec878464862.dir/CheckSymbolExists.cxx.o
/usr/bin/c++    -I/usr/include/qt4    -o CMakeFiles/cmTryCompileExec878464862.dir/CheckSymbolExists.cxx.o -c /home/matthew/CSC232/Lab4/build/CMakeFiles/CMakeTmp/CheckSymbolExists.cxx
/home/matthew/CSC232/Lab4/build/CMakeFiles/CMakeTmp/CheckSymbolExists.cxx: In function ‘int main(int, char**)’:
/home/matthew/CSC232/Lab4/build/CMakeFiles/CMakeTmp/CheckSymbolExists.cxx:8:19: error: ‘Q_WS_WIN’ was not declared in this scope
   return ((int*)(&Q_WS_WIN))[argc];
                   ^
make[1]: *** [CMakeFiles/cmTryCompileExec878464862.dir/CheckSymbolExists.cxx.o] Error 1
make[1]: Leaving directory `/home/matthew/CSC232/Lab4/build/CMakeFiles/CMakeTmp'
make: *** [cmTryCompileExec878464862/fast] Error 2

File /home/matthew/CSC232/Lab4/build/CMakeFiles/CMakeTmp/CheckSymbolExists.cxx:
/* */
#include <QtCore/qglobal.h>

int main(int argc, char** argv)
{
  (void)argv;
#ifndef Q_WS_WIN
  return ((int*)(&Q_WS_WIN))[argc];
#else
  (void)argc;
  return 0;
#endif
}

Determining if the Q_WS_QWS exist failed with the following output:
Change Dir: /home/matthew/CSC232/Lab4/build/CMakeFiles/CMakeTmp

Run Build Command:/usr/bin/make "cmTryCompileExec3772720671/fast"
/usr/bin/make -f CMakeFiles/cmTryCompileExec3772720671.dir/build.make CMakeFiles/cmTryCompileExec3772720671.dir/build
make[1]: Entering directory `/home/matthew/CSC232/Lab4/build/CMakeFiles/CMakeTmp'
/usr/bin/cmake -E cmake_progress_report /home/matthew/CSC232/Lab4/build/CMakeFiles/CMakeTmp/CMakeFiles 1
Building CXX object CMakeFiles/cmTryCompileExec3772720671.dir/CheckSymbolExists.cxx.o
/usr/bin/c++    -I/usr/include/qt4    -o CMakeFiles/cmTryCompileExec3772720671.dir/CheckSymbolExists.cxx.o -c /home/matthew/CSC232/Lab4/build/CMakeFiles/CMakeTmp/CheckSymbolExists.cxx
/home/matthew/CSC232/Lab4/build/CMakeFiles/CMakeTmp/CheckSymbolExists.cxx: In function ‘int main(int, char**)’:
/home/matthew/CSC232/Lab4/build/CMakeFiles/CMakeTmp/CheckSymbolExists.cxx:8:19: error: ‘Q_WS_QWS’ was not declared in this scope
   return ((int*)(&Q_WS_QWS))[argc];
                   ^
make[1]: *** [CMakeFiles/cmTryCompileExec3772720671.dir/CheckSymbolExists.cxx.o] Error 1
make[1]: Leaving directory `/home/matthew/CSC232/Lab4/build/CMakeFiles/CMakeTmp'
make: *** [cmTryCompileExec3772720671/fast] Error 2

File /home/matthew/CSC232/Lab4/build/CMakeFiles/CMakeTmp/CheckSymbolExists.cxx:
/* */
#include <QtCore/qglobal.h>

int main(int argc, char** argv)
{
  (void)argv;
#ifndef Q_WS_QWS
  return ((int*)(&Q_WS_QWS))[argc];
#else
  (void)argc;
  return 0;
#endif
}

Determining if the Q_WS_MAC exist failed with the following output:
Change Dir: /home/matthew/CSC232/Lab4/build/CMakeFiles/CMakeTmp

Run Build Command:/usr/bin/make "cmTryCompileExec4134593144/fast"
/usr/bin/make -f CMakeFiles/cmTryCompileExec4134593144.dir/build.make CMakeFiles/cmTryCompileExec4134593144.dir/build
make[1]: Entering directory `/home/matthew/CSC232/Lab4/build/CMakeFiles/CMakeTmp'
/usr/bin/cmake -E cmake_progress_report /home/matthew/CSC232/Lab4/build/CMakeFiles/CMakeTmp/CMakeFiles 1
Building CXX object CMakeFiles/cmTryCompileExec4134593144.dir/CheckSymbolExists.cxx.o
/usr/bin/c++    -I/usr/include/qt4    -o CMakeFiles/cmTryCompileExec4134593144.dir/CheckSymbolExists.cxx.o -c /home/matthew/CSC232/Lab4/build/CMakeFiles/CMakeTmp/CheckSymbolExists.cxx
/home/matthew/CSC232/Lab4/build/CMakeFiles/CMakeTmp/CheckSymbolExists.cxx: In function ‘int main(int, char**)’:
/home/matthew/CSC232/Lab4/build/CMakeFiles/CMakeTmp/CheckSymbolExists.cxx:8:19: error: ‘Q_WS_MAC’ was not declared in this scope
   return ((int*)(&Q_WS_MAC))[argc];
                   ^
make[1]: *** [CMakeFiles/cmTryCompileExec4134593144.dir/CheckSymbolExists.cxx.o] Error 1
make[1]: Leaving directory `/home/matthew/CSC232/Lab4/build/CMakeFiles/CMakeTmp'
make: *** [cmTryCompileExec4134593144/fast] Error 2

File /home/matthew/CSC232/Lab4/build/CMakeFiles/CMakeTmp/CheckSymbolExists.cxx:
/* */
#include <QtCore/qglobal.h>

int main(int argc, char** argv)
{
  (void)argv;
#ifndef Q_WS_MAC
  return ((int*)(&Q_WS_MAC))[argc];
#else
  (void)argc;
  return 0;
#endif
}

Determining if the Q_WS_WIN exist failed with the following output:
Change Dir: /home/matthew/CSC232/Lab4/build/CMakeFiles/CMakeTmp

Run Build Command:/usr/bin/make "cmTryCompileExec4181409408/fast"
/usr/bin/make -f CMakeFiles/cmTryCompileExec4181409408.dir/build.make CMakeFiles/cmTryCompileExec4181409408.dir/build
make[1]: Entering directory `/home/matthew/CSC232/Lab4/build/CMakeFiles/CMakeTmp'
/usr/bin/cmake -E cmake_progress_report /home/matthew/CSC232/Lab4/build/CMakeFiles/CMakeTmp/CMakeFiles 1
Building CXX object CMakeFiles/cmTryCompileExec4181409408.dir/CheckSymbolExists.cxx.o
/usr/bin/c++    -I/usr/include/qt4    -o CMakeFiles/cmTryCompileExec4181409408.dir/CheckSymbolExists.cxx.o -c /home/matthew/CSC232/Lab4/build/CMakeFiles/CMakeTmp/CheckSymbolExists.cxx
/home/matthew/CSC232/Lab4/build/CMakeFiles/CMakeTmp/CheckSymbolExists.cxx: In function ‘int main(int, char**)’:
/home/matthew/CSC232/Lab4/build/CMakeFiles/CMakeTmp/CheckSymbolExists.cxx:8:19: error: ‘Q_WS_WIN’ was not declared in this scope
   return ((int*)(&Q_WS_WIN))[argc];
                   ^
make[1]: *** [CMakeFiles/cmTryCompileExec4181409408.dir/CheckSymbolExists.cxx.o] Error 1
make[1]: Leaving directory `/home/matthew/CSC232/Lab4/build/CMakeFiles/CMakeTmp'
make: *** [cmTryCompileExec4181409408/fast] Error 2

File /home/matthew/CSC232/Lab4/build/CMakeFiles/CMakeTmp/CheckSymbolExists.cxx:
/* */
#include <QtCore/qglobal.h>

int main(int argc, char** argv)
{
  (void)argv;
#ifndef Q_WS_WIN
  return ((int*)(&Q_WS_WIN))[argc];
#else
  (void)argc;
  return 0;
#endif
}

Determining if the Q_WS_QWS exist failed with the following output:
Change Dir: /home/matthew/CSC232/Lab4/build/CMakeFiles/CMakeTmp

Run Build Command:/usr/bin/make "cmTryCompileExec3660457972/fast"
/usr/bin/make -f CMakeFiles/cmTryCompileExec3660457972.dir/build.make CMakeFiles/cmTryCompileExec3660457972.dir/build
make[1]: Entering directory `/home/matthew/CSC232/Lab4/build/CMakeFiles/CMakeTmp'
/usr/bin/cmake -E cmake_progress_report /home/matthew/CSC232/Lab4/build/CMakeFiles/CMakeTmp/CMakeFiles 1
Building CXX object CMakeFiles/cmTryCompileExec3660457972.dir/CheckSymbolExists.cxx.o
/usr/bin/c++    -I/usr/include/qt4    -o CMakeFiles/cmTryCompileExec3660457972.dir/CheckSymbolExists.cxx.o -c /home/matthew/CSC232/Lab4/build/CMakeFiles/CMakeTmp/CheckSymbolExists.cxx
/home/matthew/CSC232/Lab4/build/CMakeFiles/CMakeTmp/CheckSymbolExists.cxx: In function ‘int main(int, char**)’:
/home/matthew/CSC232/Lab4/build/CMakeFiles/CMakeTmp/CheckSymbolExists.cxx:8:19: error: ‘Q_WS_QWS’ was not declared in this scope
   return ((int*)(&Q_WS_QWS))[argc];
                   ^
make[1]: *** [CMakeFiles/cmTryCompileExec3660457972.dir/CheckSymbolExists.cxx.o] Error 1
make[1]: Leaving directory `/home/matthew/CSC232/Lab4/build/CMakeFiles/CMakeTmp'
make: *** [cmTryCompileExec3660457972/fast] Error 2

File /home/matthew/CSC232/Lab4/build/CMakeFiles/CMakeTmp/CheckSymbolExists.cxx:
/* */
#include <QtCore/qglobal.h>

int main(int argc, char** argv)
{
  (void)argv;
#ifndef Q_WS_QWS
  return ((int*)(&Q_WS_QWS))[argc];
#else
  (void)argc;
  return 0;
#endif
}

Determining if the Q_WS_MAC exist failed with the following output:
Change Dir: /home/matthew/CSC232/Lab4/build/CMakeFiles/CMakeTmp

Run Build Command:/usr/bin/make "cmTryCompileExec687264508/fast"
/usr/bin/make -f CMakeFiles/cmTryCompileExec687264508.dir/build.make CMakeFiles/cmTryCompileExec687264508.dir/build
make[1]: Entering directory `/home/matthew/CSC232/Lab4/build/CMakeFiles/CMakeTmp'
/usr/bin/cmake -E cmake_progress_report /home/matthew/CSC232/Lab4/build/CMakeFiles/CMakeTmp/CMakeFiles 1
Building CXX object CMakeFiles/cmTryCompileExec687264508.dir/CheckSymbolExists.cxx.o
/usr/bin/c++    -I/usr/include/qt4    -o CMakeFiles/cmTryCompileExec687264508.dir/CheckSymbolExists.cxx.o -c /home/matthew/CSC232/Lab4/build/CMakeFiles/CMakeTmp/CheckSymbolExists.cxx
/home/matthew/CSC232/Lab4/build/CMakeFiles/CMakeTmp/CheckSymbolExists.cxx: In function ‘int main(int, char**)’:
/home/matthew/CSC232/Lab4/build/CMakeFiles/CMakeTmp/CheckSymbolExists.cxx:8:19: error: ‘Q_WS_MAC’ was not declared in this scope
   return ((int*)(&Q_WS_MAC))[argc];
                   ^
make[1]: Leaving directory `/home/matthew/CSC232/Lab4/build/CMakeFiles/CMakeTmp'
make[1]: *** [CMakeFiles/cmTryCompileExec687264508.dir/CheckSymbolExists.cxx.o] Error 1
make: *** [cmTryCompileExec687264508/fast] Error 2

File /home/matthew/CSC232/Lab4/build/CMakeFiles/CMakeTmp/CheckSymbolExists.cxx:
/* */
#include <QtCore/qglobal.h>

int main(int argc, char** argv)
{
  (void)argv;
#ifndef Q_WS_MAC
  return ((int*)(&Q_WS_MAC))[argc];
#else
  (void)argc;
  return 0;
#endif
}

Determining if the Q_WS_WIN exist failed with the following output:
Change Dir: /home/matthew/CSC232/Lab4/build/CMakeFiles/CMakeTmp

Run Build Command:/usr/bin/make "cmTryCompileExec1837740120/fast"
/usr/bin/make -f CMakeFiles/cmTryCompileExec1837740120.dir/build.make CMakeFiles/cmTryCompileExec1837740120.dir/build
make[1]: Entering directory `/home/matthew/CSC232/Lab4/build/CMakeFiles/CMakeTmp'
/usr/bin/cmake -E cmake_progress_report /home/matthew/CSC232/Lab4/build/CMakeFiles/CMakeTmp/CMakeFiles 1
Building CXX object CMakeFiles/cmTryCompileExec1837740120.dir/CheckSymbolExists.cxx.o
/usr/bin/c++    -I/usr/include/qt4    -o CMakeFiles/cmTryCompileExec1837740120.dir/CheckSymbolExists.cxx.o -c /home/matthew/CSC232/Lab4/build/CMakeFiles/CMakeTmp/CheckSymbolExists.cxx
/home/matthew/CSC232/Lab4/build/CMakeFiles/CMakeTmp/CheckSymbolExists.cxx: In function ‘int main(int, char**)’:
/home/matthew/CSC232/Lab4/build/CMakeFiles/CMakeTmp/CheckSymbolExists.cxx:8:19: error: ‘Q_WS_WIN’ was not declared in this scope
   return ((int*)(&Q_WS_WIN))[argc];
                   ^
make[1]: *** [CMakeFiles/cmTryCompileExec1837740120.dir/CheckSymbolExists.cxx.o] Error 1
make[1]: Leaving directory `/home/matthew/CSC232/Lab4/build/CMakeFiles/CMakeTmp'
make: *** [cmTryCompileExec1837740120/fast] Error 2

File /home/matthew/CSC232/Lab4/build/CMakeFiles/CMakeTmp/CheckSymbolExists.cxx:
/* */
#include <QtCore/qglobal.h>

int main(int argc, char** argv)
{
  (void)argv;
#ifndef Q_WS_WIN
  return ((int*)(&Q_WS_WIN))[argc];
#else
  (void)argc;
  return 0;
#endif
}

Determining if the Q_WS_QWS exist failed with the following output:
Change Dir: /home/matthew/CSC232/Lab4/build/CMakeFiles/CMakeTmp

Run Build Command:/usr/bin/make "cmTryCompileExec1116581400/fast"
/usr/bin/make -f CMakeFiles/cmTryCompileExec1116581400.dir/build.make CMakeFiles/cmTryCompileExec1116581400.dir/build
make[1]: Entering directory `/home/matthew/CSC232/Lab4/build/CMakeFiles/CMakeTmp'
/usr/bin/cmake -E cmake_progress_report /home/matthew/CSC232/Lab4/build/CMakeFiles/CMakeTmp/CMakeFiles 1
Building CXX object CMakeFiles/cmTryCompileExec1116581400.dir/CheckSymbolExists.cxx.o
/usr/bin/c++    -I/usr/include/qt4    -o CMakeFiles/cmTryCompileExec1116581400.dir/CheckSymbolExists.cxx.o -c /home/matthew/CSC232/Lab4/build/CMakeFiles/CMakeTmp/CheckSymbolExists.cxx
/home/matthew/CSC232/Lab4/build/CMakeFiles/CMakeTmp/CheckSymbolExists.cxx: In function ‘int main(int, char**)’:
/home/matthew/CSC232/Lab4/build/CMakeFiles/CMakeTmp/CheckSymbolExists.cxx:8:19: error: ‘Q_WS_QWS’ was not declared in this scope
   return ((int*)(&Q_WS_QWS))[argc];
                   ^
make[1]: *** [CMakeFiles/cmTryCompileExec1116581400.dir/CheckSymbolExists.cxx.o] Error 1
make[1]: Leaving directory `/home/matthew/CSC232/Lab4/build/CMakeFiles/CMakeTmp'
make: *** [cmTryCompileExec1116581400/fast] Error 2

File /home/matthew/CSC232/Lab4/build/CMakeFiles/CMakeTmp/CheckSymbolExists.cxx:
/* */
#include <QtCore/qglobal.h>

int main(int argc, char** argv)
{
  (void)argv;
#ifndef Q_WS_QWS
  return ((int*)(&Q_WS_QWS))[argc];
#else
  (void)argc;
  return 0;
#endif
}

Determining if the Q_WS_MAC exist failed with the following output:
Change Dir: /home/matthew/CSC232/Lab4/build/CMakeFiles/CMakeTmp

Run Build Command:/usr/bin/make "cmTryCompileExec2841816751/fast"
/usr/bin/make -f CMakeFiles/cmTryCompileExec2841816751.dir/build.make CMakeFiles/cmTryCompileExec2841816751.dir/build
make[1]: Entering directory `/home/matthew/CSC232/Lab4/build/CMakeFiles/CMakeTmp'
/usr/bin/cmake -E cmake_progress_report /home/matthew/CSC232/Lab4/build/CMakeFiles/CMakeTmp/CMakeFiles 1
Building CXX object CMakeFiles/cmTryCompileExec2841816751.dir/CheckSymbolExists.cxx.o
/usr/bin/c++    -I/usr/include/qt4    -o CMakeFiles/cmTryCompileExec2841816751.dir/CheckSymbolExists.cxx.o -c /home/matthew/CSC232/Lab4/build/CMakeFiles/CMakeTmp/CheckSymbolExists.cxx
/home/matthew/CSC232/Lab4/build/CMakeFiles/CMakeTmp/CheckSymbolExists.cxx: In function ‘int main(int, char**)’:
/home/matthew/CSC232/Lab4/build/CMakeFiles/CMakeTmp/CheckSymbolExists.cxx:8:19: error: ‘Q_WS_MAC’ was not declared in this scope
   return ((int*)(&Q_WS_MAC))[argc];
                   ^
make[1]: *** [CMakeFiles/cmTryCompileExec2841816751.dir/CheckSymbolExists.cxx.o] Error 1
make[1]: Leaving directory `/home/matthew/CSC232/Lab4/build/CMakeFiles/CMakeTmp'
make: *** [cmTryCompileExec2841816751/fast] Error 2

File /home/matthew/CSC232/Lab4/build/CMakeFiles/CMakeTmp/CheckSymbolExists.cxx:
/* */
#include <QtCore/qglobal.h>

int main(int argc, char** argv)
{
  (void)argv;
#ifndef Q_WS_MAC
  return ((int*)(&Q_WS_MAC))[argc];
#else
  (void)argc;
  return 0;
#endif
}

Determining if the Q_WS_WIN exist failed with the following output:
Change Dir: /home/matthew/CSC232/Lab4/build/CMakeFiles/CMakeTmp

Run Build Command:/usr/bin/make "cmTryCompileExec3981230325/fast"
/usr/bin/make -f CMakeFiles/cmTryCompileExec3981230325.dir/build.make CMakeFiles/cmTryCompileExec3981230325.dir/build
make[1]: Entering directory `/home/matthew/CSC232/Lab4/build/CMakeFiles/CMakeTmp'
/usr/bin/cmake -E cmake_progress_report /home/matthew/CSC232/Lab4/build/CMakeFiles/CMakeTmp/CMakeFiles 1
Building CXX object CMakeFiles/cmTryCompileExec3981230325.dir/CheckSymbolExists.cxx.o
/usr/bin/c++    -I/usr/include/qt4    -o CMakeFiles/cmTryCompileExec3981230325.dir/CheckSymbolExists.cxx.o -c /home/matthew/CSC232/Lab4/build/CMakeFiles/CMakeTmp/CheckSymbolExists.cxx
/home/matthew/CSC232/Lab4/build/CMakeFiles/CMakeTmp/CheckSymbolExists.cxx: In function ‘int main(int, char**)’:
/home/matthew/CSC232/Lab4/build/CMakeFiles/CMakeTmp/CheckSymbolExists.cxx:8:19: error: ‘Q_WS_WIN’ was not declared in this scope
   return ((int*)(&Q_WS_WIN))[argc];
                   ^
make[1]: *** [CMakeFiles/cmTryCompileExec3981230325.dir/CheckSymbolExists.cxx.o] Error 1
make[1]: Leaving directory `/home/matthew/CSC232/Lab4/build/CMakeFiles/CMakeTmp'
make: *** [cmTryCompileExec3981230325/fast] Error 2

File /home/matthew/CSC232/Lab4/build/CMakeFiles/CMakeTmp/CheckSymbolExists.cxx:
/* */
#include <QtCore/qglobal.h>

int main(int argc, char** argv)
{
  (void)argv;
#ifndef Q_WS_WIN
  return ((int*)(&Q_WS_WIN))[argc];
#else
  (void)argc;
  return 0;
#endif
}

Determining if the Q_WS_QWS exist failed with the following output:
Change Dir: /home/matthew/CSC232/Lab4/build/CMakeFiles/CMakeTmp

Run Build Command:/usr/bin/make "cmTryCompileExec1246776192/fast"
/usr/bin/make -f CMakeFiles/cmTryCompileExec1246776192.dir/build.make CMakeFiles/cmTryCompileExec1246776192.dir/build
make[1]: Entering directory `/home/matthew/CSC232/Lab4/build/CMakeFiles/CMakeTmp'
/usr/bin/cmake -E cmake_progress_report /home/matthew/CSC232/Lab4/build/CMakeFiles/CMakeTmp/CMakeFiles 1
Building CXX object CMakeFiles/cmTryCompileExec1246776192.dir/CheckSymbolExists.cxx.o
/usr/bin/c++    -I/usr/include/qt4    -o CMakeFiles/cmTryCompileExec1246776192.dir/CheckSymbolExists.cxx.o -c /home/matthew/CSC232/Lab4/build/CMakeFiles/CMakeTmp/CheckSymbolExists.cxx
/home/matthew/CSC232/Lab4/build/CMakeFiles/CMakeTmp/CheckSymbolExists.cxx: In function ‘int main(int, char**)’:
/home/matthew/CSC232/Lab4/build/CMakeFiles/CMakeTmp/CheckSymbolExists.cxx:8:19: error: ‘Q_WS_QWS’ was not declared in this scope
   return ((int*)(&Q_WS_QWS))[argc];
                   ^
make[1]: *** [CMakeFiles/cmTryCompileExec1246776192.dir/CheckSymbolExists.cxx.o] Error 1
make[1]: Leaving directory `/home/matthew/CSC232/Lab4/build/CMakeFiles/CMakeTmp'
make: *** [cmTryCompileExec1246776192/fast] Error 2

File /home/matthew/CSC232/Lab4/build/CMakeFiles/CMakeTmp/CheckSymbolExists.cxx:
/* */
#include <QtCore/qglobal.h>

int main(int argc, char** argv)
{
  (void)argv;
#ifndef Q_WS_QWS
  return ((int*)(&Q_WS_QWS))[argc];
#else
  (void)argc;
  return 0;
#endif
}

Determining if the Q_WS_MAC exist failed with the following output:
Change Dir: /home/matthew/CSC232/Lab4/build/CMakeFiles/CMakeTmp

Run Build Command:/usr/bin/make "cmTryCompileExec1721940342/fast"
/usr/bin/make -f CMakeFiles/cmTryCompileExec1721940342.dir/build.make CMakeFiles/cmTryCompileExec1721940342.dir/build
make[1]: Entering directory `/home/matthew/CSC232/Lab4/build/CMakeFiles/CMakeTmp'
/usr/bin/cmake -E cmake_progress_report /home/matthew/CSC232/Lab4/build/CMakeFiles/CMakeTmp/CMakeFiles 1
Building CXX object CMakeFiles/cmTryCompileExec1721940342.dir/CheckSymbolExists.cxx.o
/usr/bin/c++    -I/usr/include/qt4    -o CMakeFiles/cmTryCompileExec1721940342.dir/CheckSymbolExists.cxx.o -c /home/matthew/CSC232/Lab4/build/CMakeFiles/CMakeTmp/CheckSymbolExists.cxx
/home/matthew/CSC232/Lab4/build/CMakeFiles/CMakeTmp/CheckSymbolExists.cxx: In function ‘int main(int, char**)’:
/home/matthew/CSC232/Lab4/build/CMakeFiles/CMakeTmp/CheckSymbolExists.cxx:8:19: error: ‘Q_WS_MAC’ was not declared in this scope
   return ((int*)(&Q_WS_MAC))[argc];
                   ^
make[1]: *** [CMakeFiles/cmTryCompileExec1721940342.dir/CheckSymbolExists.cxx.o] Error 1
make[1]: Leaving directory `/home/matthew/CSC232/Lab4/build/CMakeFiles/CMakeTmp'
make: *** [cmTryCompileExec1721940342/fast] Error 2

File /home/matthew/CSC232/Lab4/build/CMakeFiles/CMakeTmp/CheckSymbolExists.cxx:
/* */
#include <QtCore/qglobal.h>

int main(int argc, char** argv)
{
  (void)argv;
#ifndef Q_WS_MAC
  return ((int*)(&Q_WS_MAC))[argc];
#else
  (void)argc;
  return 0;
#endif
}

Determining if the Q_WS_WIN exist failed with the following output:
Change Dir: /home/matthew/CSC232/Lab4/build/CMakeFiles/CMakeTmp

Run Build Command:/usr/bin/make "cmTryCompileExec430018982/fast"
/usr/bin/make -f CMakeFiles/cmTryCompileExec430018982.dir/build.make CMakeFiles/cmTryCompileExec430018982.dir/build
make[1]: Entering directory `/home/matthew/CSC232/Lab4/build/CMakeFiles/CMakeTmp'
/usr/bin/cmake -E cmake_progress_report /home/matthew/CSC232/Lab4/build/CMakeFiles/CMakeTmp/CMakeFiles 1
Building CXX object CMakeFiles/cmTryCompileExec430018982.dir/CheckSymbolExists.cxx.o
/usr/bin/c++    -I/usr/include/qt4    -o CMakeFiles/cmTryCompileExec430018982.dir/CheckSymbolExists.cxx.o -c /home/matthew/CSC232/Lab4/build/CMakeFiles/CMakeTmp/CheckSymbolExists.cxx
/home/matthew/CSC232/Lab4/build/CMakeFiles/CMakeTmp/CheckSymbolExists.cxx: In function ‘int main(int, char**)’:
/home/matthew/CSC232/Lab4/build/CMakeFiles/CMakeTmp/CheckSymbolExists.cxx:8:19: error: ‘Q_WS_WIN’ was not declared in this scope
   return ((int*)(&Q_WS_WIN))[argc];
                   ^
make[1]: *** [CMakeFiles/cmTryCompileExec430018982.dir/CheckSymbolExists.cxx.o] Error 1
make[1]: Leaving directory `/home/matthew/CSC232/Lab4/build/CMakeFiles/CMakeTmp'
make: *** [cmTryCompileExec430018982/fast] Error 2

File /home/matthew/CSC232/Lab4/build/CMakeFiles/CMakeTmp/CheckSymbolExists.cxx:
/* */
#include <QtCore/qglobal.h>

int main(int argc, char** argv)
{
  (void)argv;
#ifndef Q_WS_WIN
  return ((int*)(&Q_WS_WIN))[argc];
#else
  (void)argc;
  return 0;
#endif
}

Determining if the Q_WS_QWS exist failed with the following output:
Change Dir: /home/matthew/CSC232/Lab4/build/CMakeFiles/CMakeTmp

Run Build Command:/usr/bin/make "cmTryCompileExec2327212599/fast"
/usr/bin/make -f CMakeFiles/cmTryCompileExec2327212599.dir/build.make CMakeFiles/cmTryCompileExec2327212599.dir/build
make[1]: Entering directory `/home/matthew/CSC232/Lab4/build/CMakeFiles/CMakeTmp'
/usr/bin/cmake -E cmake_progress_report /home/matthew/CSC232/Lab4/build/CMakeFiles/CMakeTmp/CMakeFiles 1
Building CXX object CMakeFiles/cmTryCompileExec2327212599.dir/CheckSymbolExists.cxx.o
/usr/bin/c++    -I/usr/include/qt4    -o CMakeFiles/cmTryCompileExec2327212599.dir/CheckSymbolExists.cxx.o -c /home/matthew/CSC232/Lab4/build/CMakeFiles/CMakeTmp/CheckSymbolExists.cxx
/home/matthew/CSC232/Lab4/build/CMakeFiles/CMakeTmp/CheckSymbolExists.cxx: In function ‘int main(int, char**)’:
/home/matthew/CSC232/Lab4/build/CMakeFiles/CMakeTmp/CheckSymbolExists.cxx:8:19: error: ‘Q_WS_QWS’ was not declared in this scope
   return ((int*)(&Q_WS_QWS))[argc];
                   ^
make[1]: *** [CMakeFiles/cmTryCompileExec2327212599.dir/CheckSymbolExists.cxx.o] Error 1
make[1]: Leaving directory `/home/matthew/CSC232/Lab4/build/CMakeFiles/CMakeTmp'
make: *** [cmTryCompileExec2327212599/fast] Error 2

File /home/matthew/CSC232/Lab4/build/CMakeFiles/CMakeTmp/CheckSymbolExists.cxx:
/* */
#include <QtCore/qglobal.h>

int main(int argc, char** argv)
{
  (void)argv;
#ifndef Q_WS_QWS
  return ((int*)(&Q_WS_QWS))[argc];
#else
  (void)argc;
  return 0;
#endif
}

Determining if the Q_WS_MAC exist failed with the following output:
Change Dir: /home/matthew/CSC232/Lab4/build/CMakeFiles/CMakeTmp

Run Build Command:/usr/bin/make "cmTryCompileExec130399159/fast"
/usr/bin/make -f CMakeFiles/cmTryCompileExec130399159.dir/build.make CMakeFiles/cmTryCompileExec130399159.dir/build
make[1]: Entering directory `/home/matthew/CSC232/Lab4/build/CMakeFiles/CMakeTmp'
/usr/bin/cmake -E cmake_progress_report /home/matthew/CSC232/Lab4/build/CMakeFiles/CMakeTmp/CMakeFiles 1
Building CXX object CMakeFiles/cmTryCompileExec130399159.dir/CheckSymbolExists.cxx.o
/usr/bin/c++    -I/usr/include/qt4    -o CMakeFiles/cmTryCompileExec130399159.dir/CheckSymbolExists.cxx.o -c /home/matthew/CSC232/Lab4/build/CMakeFiles/CMakeTmp/CheckSymbolExists.cxx
/home/matthew/CSC232/Lab4/build/CMakeFiles/CMakeTmp/CheckSymbolExists.cxx: In function ‘int main(int, char**)’:
/home/matthew/CSC232/Lab4/build/CMakeFiles/CMakeTmp/CheckSymbolExists.cxx:8:19: error: ‘Q_WS_MAC’ was not declared in this scope
   return ((int*)(&Q_WS_MAC))[argc];
                   ^
make[1]: *** [CMakeFiles/cmTryCompileExec130399159.dir/CheckSymbolExists.cxx.o] Error 1
make[1]: Leaving directory `/home/matthew/CSC232/Lab4/build/CMakeFiles/CMakeTmp'
make: *** [cmTryCompileExec130399159/fast] Error 2

File /home/matthew/CSC232/Lab4/build/CMakeFiles/CMakeTmp/CheckSymbolExists.cxx:
/* */
#include <QtCore/qglobal.h>

int main(int argc, char** argv)
{
  (void)argv;
#ifndef Q_WS_MAC
  return ((int*)(&Q_WS_MAC))[argc];
#else
  (void)argc;
  return 0;
#endif
}

Determining if the Q_WS_WIN exist failed with the following output:
Change Dir: /home/matthew/CSC232/Lab4/build/CMakeFiles/CMakeTmp

Run Build Command:/usr/bin/make "cmTryCompileExec/fast"
/usr/bin/make -f CMakeFiles/cmTryCompileExec.dir/build.make CMakeFiles/cmTryCompileExec.dir/build
make[1]: Entering directory `/home/matthew/CSC232/Lab4/build/CMakeFiles/CMakeTmp'
/usr/bin/cmake -E cmake_progress_report /home/matthew/CSC232/Lab4/build/CMakeFiles/CMakeTmp/CMakeFiles 1
Building CXX object CMakeFiles/cmTryCompileExec.dir/CheckSymbolExists.cxx.o
/usr/bin/c++    -I/usr/include/qt4    -o CMakeFiles/cmTryCompileExec.dir/CheckSymbolExists.cxx.o -c /home/matthew/CSC232/Lab4/build/CMakeFiles/CMakeTmp/CheckSymbolExists.cxx
/home/matthew/CSC232/Lab4/build/CMakeFiles/CMakeTmp/CheckSymbolExists.cxx: In function 'int main()':
/home/matthew/CSC232/Lab4/build/CMakeFiles/CMakeTmp/CheckSymbolExists.cxx:8:25: error: 'Q_WS_WIN' was not declared in this scope
make[1]: *** [CMakeFiles/cmTryCompileExec.dir/CheckSymbolExists.cxx.o] Error 1
make[1]: Leaving directory `/home/matthew/CSC232/Lab4/build/CMakeFiles/CMakeTmp'
make: *** [cmTryCompileExec/fast] Error 2

File /home/matthew/CSC232/Lab4/build/CMakeFiles/CMakeTmp/CheckSymbolExists.cxx:
/* */
#include <QtCore/qglobal.h>

void cmakeRequireSymbol(int dummy,...){(void)dummy;}
int main()
{
#ifndef Q_WS_WIN
  cmakeRequireSymbol(0,&Q_WS_WIN);
#endif
  return 0;
}

Determining if the Q_WS_QWS exist failed with the following output:
Change Dir: /home/matthew/CSC232/Lab4/build/CMakeFiles/CMakeTmp

Run Build Command:/usr/bin/make "cmTryCompileExec/fast"
/usr/bin/make -f CMakeFiles/cmTryCompileExec.dir/build.make CMakeFiles/cmTryCompileExec.dir/build
make[1]: Entering directory `/home/matthew/CSC232/Lab4/build/CMakeFiles/CMakeTmp'
/usr/bin/cmake -E cmake_progress_report /home/matthew/CSC232/Lab4/build/CMakeFiles/CMakeTmp/CMakeFiles 1
Building CXX object CMakeFiles/cmTryCompileExec.dir/CheckSymbolExists.cxx.o
/usr/bin/c++    -I/usr/include/qt4    -o CMakeFiles/cmTryCompileExec.dir/CheckSymbolExists.cxx.o -c /home/matthew/CSC232/Lab4/build/CMakeFiles/CMakeTmp/CheckSymbolExists.cxx
/home/matthew/CSC232/Lab4/build/CMakeFiles/CMakeTmp/CheckSymbolExists.cxx: In function 'int main()':
/home/matthew/CSC232/Lab4/build/CMakeFiles/CMakeTmp/CheckSymbolExists.cxx:8:25: error: 'Q_WS_QWS' was not declared in this scope
make[1]: Leaving directory `/home/matthew/CSC232/Lab4/build/CMakeFiles/CMakeTmp'
make[1]: *** [CMakeFiles/cmTryCompileExec.dir/CheckSymbolExists.cxx.o] Error 1
make: *** [cmTryCompileExec/fast] Error 2

File /home/matthew/CSC232/Lab4/build/CMakeFiles/CMakeTmp/CheckSymbolExists.cxx:
/* */
#include <QtCore/qglobal.h>

void cmakeRequireSymbol(int dummy,...){(void)dummy;}
int main()
{
#ifndef Q_WS_QWS
  cmakeRequireSymbol(0,&Q_WS_QWS);
#endif
  return 0;
}

Determining if the Q_WS_MAC exist failed with the following output:
Change Dir: /home/matthew/CSC232/Lab4/build/CMakeFiles/CMakeTmp

Run Build Command:/usr/bin/make "cmTryCompileExec/fast"
/usr/bin/make -f CMakeFiles/cmTryCompileExec.dir/build.make CMakeFiles/cmTryCompileExec.dir/build
make[1]: Entering directory `/home/matthew/CSC232/Lab4/build/CMakeFiles/CMakeTmp'
/usr/bin/cmake -E cmake_progress_report /home/matthew/CSC232/Lab4/build/CMakeFiles/CMakeTmp/CMakeFiles 1
Building CXX object CMakeFiles/cmTryCompileExec.dir/CheckSymbolExists.cxx.o
/usr/bin/c++    -I/usr/include/qt4    -o CMakeFiles/cmTryCompileExec.dir/CheckSymbolExists.cxx.o -c /home/matthew/CSC232/Lab4/build/CMakeFiles/CMakeTmp/CheckSymbolExists.cxx
/home/matthew/CSC232/Lab4/build/CMakeFiles/CMakeTmp/CheckSymbolExists.cxx: In function 'int main()':
/home/matthew/CSC232/Lab4/build/CMakeFiles/CMakeTmp/CheckSymbolExists.cxx:8:25: error: 'Q_WS_MAC' was not declared in this scope
make[1]: *** [CMakeFiles/cmTryCompileExec.dir/CheckSymbolExists.cxx.o] Error 1
make[1]: Leaving directory `/home/matthew/CSC232/Lab4/build/CMakeFiles/CMakeTmp'
make: *** [cmTryCompileExec/fast] Error 2

File /home/matthew/CSC232/Lab4/build/CMakeFiles/CMakeTmp/CheckSymbolExists.cxx:
/* */
#include <QtCore/qglobal.h>

void cmakeRequireSymbol(int dummy,...){(void)dummy;}
int main()
{
#ifndef Q_WS_MAC
  cmakeRequireSymbol(0,&Q_WS_MAC);
#endif
  return 0;
}

Determining if the Q_WS_WIN exist failed with the following output:
Change Dir: /home/matthew/CSC232/Lab4/build/CMakeFiles/CMakeTmp

Run Build Command:/usr/bin/make "cmTryCompileExec/fast"
/usr/bin/make -f CMakeFiles/cmTryCompileExec.dir/build.make CMakeFiles/cmTryCompileExec.dir/build
make[1]: Entering directory `/home/matthew/CSC232/Lab4/build/CMakeFiles/CMakeTmp'
/usr/bin/cmake -E cmake_progress_report /home/matthew/CSC232/Lab4/build/CMakeFiles/CMakeTmp/CMakeFiles 1
Building CXX object CMakeFiles/cmTryCompileExec.dir/CheckSymbolExists.cxx.o
/usr/bin/c++    -I/usr/include/qt4    -o CMakeFiles/cmTryCompileExec.dir/CheckSymbolExists.cxx.o -c /home/matthew/CSC232/Lab4/build/CMakeFiles/CMakeTmp/CheckSymbolExists.cxx
/home/matthew/CSC232/Lab4/build/CMakeFiles/CMakeTmp/CheckSymbolExists.cxx: In function 'int main()':
/home/matthew/CSC232/Lab4/build/CMakeFiles/CMakeTmp/CheckSymbolExists.cxx:8:25: error: 'Q_WS_WIN' was not declared in this scope
make[1]: *** [CMakeFiles/cmTryCompileExec.dir/CheckSymbolExists.cxx.o] Error 1
make[1]: Leaving directory `/home/matthew/CSC232/Lab4/build/CMakeFiles/CMakeTmp'
make: *** [cmTryCompileExec/fast] Error 2

File /home/matthew/CSC232/Lab4/build/CMakeFiles/CMakeTmp/CheckSymbolExists.cxx:
/* */
#include <QtCore/qglobal.h>

void cmakeRequireSymbol(int dummy,...){(void)dummy;}
int main()
{
#ifndef Q_WS_WIN
  cmakeRequireSymbol(0,&Q_WS_WIN);
#endif
  return 0;
}

Determining if the Q_WS_QWS exist failed with the following output:
Change Dir: /home/matthew/CSC232/Lab4/build/CMakeFiles/CMakeTmp

Run Build Command:/usr/bin/make "cmTryCompileExec/fast"
/usr/bin/make -f CMakeFiles/cmTryCompileExec.dir/build.make CMakeFiles/cmTryCompileExec.dir/build
make[1]: Entering directory `/home/matthew/CSC232/Lab4/build/CMakeFiles/CMakeTmp'
/usr/bin/cmake -E cmake_progress_report /home/matthew/CSC232/Lab4/build/CMakeFiles/CMakeTmp/CMakeFiles 1
Building CXX object CMakeFiles/cmTryCompileExec.dir/CheckSymbolExists.cxx.o
/usr/bin/c++    -I/usr/include/qt4    -o CMakeFiles/cmTryCompileExec.dir/CheckSymbolExists.cxx.o -c /home/matthew/CSC232/Lab4/build/CMakeFiles/CMakeTmp/CheckSymbolExists.cxx
/home/matthew/CSC232/Lab4/build/CMakeFiles/CMakeTmp/CheckSymbolExists.cxx: In function 'int main()':
/home/matthew/CSC232/Lab4/build/CMakeFiles/CMakeTmp/CheckSymbolExists.cxx:8:25: error: 'Q_WS_QWS' was not declared in this scope
make[1]: *** [CMakeFiles/cmTryCompileExec.dir/CheckSymbolExists.cxx.o] Error 1
make[1]: Leaving directory `/home/matthew/CSC232/Lab4/build/CMakeFiles/CMakeTmp'
make: *** [cmTryCompileExec/fast] Error 2

File /home/matthew/CSC232/Lab4/build/CMakeFiles/CMakeTmp/CheckSymbolExists.cxx:
/* */
#include <QtCore/qglobal.h>

void cmakeRequireSymbol(int dummy,...){(void)dummy;}
int main()
{
#ifndef Q_WS_QWS
  cmakeRequireSymbol(0,&Q_WS_QWS);
#endif
  return 0;
}

Determining if the Q_WS_MAC exist failed with the following output:
Change Dir: /home/matthew/CSC232/Lab4/build/CMakeFiles/CMakeTmp

Run Build Command:/usr/bin/make "cmTryCompileExec/fast"
/usr/bin/make -f CMakeFiles/cmTryCompileExec.dir/build.make CMakeFiles/cmTryCompileExec.dir/build
make[1]: Entering directory `/home/matthew/CSC232/Lab4/build/CMakeFiles/CMakeTmp'
/usr/bin/cmake -E cmake_progress_report /home/matthew/CSC232/Lab4/build/CMakeFiles/CMakeTmp/CMakeFiles 1
Building CXX object CMakeFiles/cmTryCompileExec.dir/CheckSymbolExists.cxx.o
/usr/bin/c++    -I/usr/include/qt4    -o CMakeFiles/cmTryCompileExec.dir/CheckSymbolExists.cxx.o -c /home/matthew/CSC232/Lab4/build/CMakeFiles/CMakeTmp/CheckSymbolExists.cxx
/home/matthew/CSC232/Lab4/build/CMakeFiles/CMakeTmp/CheckSymbolExists.cxx: In function 'int main()':
/home/matthew/CSC232/Lab4/build/CMakeFiles/CMakeTmp/CheckSymbolExists.cxx:8:25: error: 'Q_WS_MAC' was not declared in this scope
make[1]: *** [CMakeFiles/cmTryCompileExec.dir/CheckSymbolExists.cxx.o] Error 1
make[1]: Leaving directory `/home/matthew/CSC232/Lab4/build/CMakeFiles/CMakeTmp'
make: *** [cmTryCompileExec/fast] Error 2

File /home/matthew/CSC232/Lab4/build/CMakeFiles/CMakeTmp/CheckSymbolExists.cxx:
/* */
#include <QtCore/qglobal.h>

void cmakeRequireSymbol(int dummy,...){(void)dummy;}
int main()
{
#ifndef Q_WS_MAC
  cmakeRequireSymbol(0,&Q_WS_MAC);
#endif
  return 0;
}

Determining if the Q_WS_WIN exist failed with the following output:
Change Dir: /home/matthew/CSC232/Lab4/build/CMakeFiles/CMakeTmp

Run Build Command:/usr/bin/make "cmTryCompileExec/fast"
/usr/bin/make -f CMakeFiles/cmTryCompileExec.dir/build.make CMakeFiles/cmTryCompileExec.dir/build
make[1]: Entering directory `/home/matthew/CSC232/Lab4/build/CMakeFiles/CMakeTmp'
/usr/bin/cmake -E cmake_progress_report /home/matthew/CSC232/Lab4/build/CMakeFiles/CMakeTmp/CMakeFiles 1
Building CXX object CMakeFiles/cmTryCompileExec.dir/CheckSymbolExists.cxx.o
/usr/bin/c++    -I/usr/include/qt4    -o CMakeFiles/cmTryCompileExec.dir/CheckSymbolExists.cxx.o -c /home/matthew/CSC232/Lab4/build/CMakeFiles/CMakeTmp/CheckSymbolExists.cxx
/home/matthew/CSC232/Lab4/build/CMakeFiles/CMakeTmp/CheckSymbolExists.cxx: In function 'int main()':
/home/matthew/CSC232/Lab4/build/CMakeFiles/CMakeTmp/CheckSymbolExists.cxx:8:25: error: 'Q_WS_WIN' was not declared in this scope
make[1]: *** [CMakeFiles/cmTryCompileExec.dir/CheckSymbolExists.cxx.o] Error 1
make[1]: Leaving directory `/home/matthew/CSC232/Lab4/build/CMakeFiles/CMakeTmp'
make: *** [cmTryCompileExec/fast] Error 2

File /home/matthew/CSC232/Lab4/build/CMakeFiles/CMakeTmp/CheckSymbolExists.cxx:
/* */
#include <QtCore/qglobal.h>

void cmakeRequireSymbol(int dummy,...){(void)dummy;}
int main()
{
#ifndef Q_WS_WIN
  cmakeRequireSymbol(0,&Q_WS_WIN);
#endif
  return 0;
}

Determining if the Q_WS_QWS exist failed with the following output:
Change Dir: /home/matthew/CSC232/Lab4/build/CMakeFiles/CMakeTmp

Run Build Command:/usr/bin/make "cmTryCompileExec/fast"
/usr/bin/make -f CMakeFiles/cmTryCompileExec.dir/build.make CMakeFiles/cmTryCompileExec.dir/build
make[1]: Entering directory `/home/matthew/CSC232/Lab4/build/CMakeFiles/CMakeTmp'
/usr/bin/cmake -E cmake_progress_report /home/matthew/CSC232/Lab4/build/CMakeFiles/CMakeTmp/CMakeFiles 1
Building CXX object CMakeFiles/cmTryCompileExec.dir/CheckSymbolExists.cxx.o
/usr/bin/c++    -I/usr/include/qt4    -o CMakeFiles/cmTryCompileExec.dir/CheckSymbolExists.cxx.o -c /home/matthew/CSC232/Lab4/build/CMakeFiles/CMakeTmp/CheckSymbolExists.cxx
/home/matthew/CSC232/Lab4/build/CMakeFiles/CMakeTmp/CheckSymbolExists.cxx: In function 'int main()':
/home/matthew/CSC232/Lab4/build/CMakeFiles/CMakeTmp/CheckSymbolExists.cxx:8:25: error: 'Q_WS_QWS' was not declared in this scope
make[1]: *** [CMakeFiles/cmTryCompileExec.dir/CheckSymbolExists.cxx.o] Error 1
make[1]: Leaving directory `/home/matthew/CSC232/Lab4/build/CMakeFiles/CMakeTmp'
make: *** [cmTryCompileExec/fast] Error 2

File /home/matthew/CSC232/Lab4/build/CMakeFiles/CMakeTmp/CheckSymbolExists.cxx:
/* */
#include <QtCore/qglobal.h>

void cmakeRequireSymbol(int dummy,...){(void)dummy;}
int main()
{
#ifndef Q_WS_QWS
  cmakeRequireSymbol(0,&Q_WS_QWS);
#endif
  return 0;
}

Determining if the Q_WS_MAC exist failed with the following output:
Change Dir: /home/matthew/CSC232/Lab4/build/CMakeFiles/CMakeTmp

Run Build Command:/usr/bin/make "cmTryCompileExec/fast"
/usr/bin/make -f CMakeFiles/cmTryCompileExec.dir/build.make CMakeFiles/cmTryCompileExec.dir/build
make[1]: Entering directory `/home/matthew/CSC232/Lab4/build/CMakeFiles/CMakeTmp'
/usr/bin/cmake -E cmake_progress_report /home/matthew/CSC232/Lab4/build/CMakeFiles/CMakeTmp/CMakeFiles 1
Building CXX object CMakeFiles/cmTryCompileExec.dir/CheckSymbolExists.cxx.o
/usr/bin/c++    -I/usr/include/qt4    -o CMakeFiles/cmTryCompileExec.dir/CheckSymbolExists.cxx.o -c /home/matthew/CSC232/Lab4/build/CMakeFiles/CMakeTmp/CheckSymbolExists.cxx
/home/matthew/CSC232/Lab4/build/CMakeFiles/CMakeTmp/CheckSymbolExists.cxx: In function 'int main()':
/home/matthew/CSC232/Lab4/build/CMakeFiles/CMakeTmp/CheckSymbolExists.cxx:8:25: error: 'Q_WS_MAC' was not declared in this scope
make[1]: *** [CMakeFiles/cmTryCompileExec.dir/CheckSymbolExists.cxx.o] Error 1
make[1]: Leaving directory `/home/matthew/CSC232/Lab4/build/CMakeFiles/CMakeTmp'
make: *** [cmTryCompileExec/fast] Error 2

File /home/matthew/CSC232/Lab4/build/CMakeFiles/CMakeTmp/CheckSymbolExists.cxx:
/* */
#include <QtCore/qglobal.h>

void cmakeRequireSymbol(int dummy,...){(void)dummy;}
int main()
{
#ifndef Q_WS_MAC
  cmakeRequireSymbol(0,&Q_WS_MAC);
#endif
  return 0;
}

Determining if the Q_WS_WIN exist failed with the following output:
Change Dir: /home/matthew/CSC232/Lab4/build/CMakeFiles/CMakeTmp

Run Build Command:/usr/bin/make "cmTryCompileExec/fast"
/usr/bin/make -f CMakeFiles/cmTryCompileExec.dir/build.make CMakeFiles/cmTryCompileExec.dir/build
make[1]: Entering directory `/home/matthew/CSC232/Lab4/build/CMakeFiles/CMakeTmp'
/usr/bin/cmake -E cmake_progress_report /home/matthew/CSC232/Lab4/build/CMakeFiles/CMakeTmp/CMakeFiles 1
Building CXX object CMakeFiles/cmTryCompileExec.dir/CheckSymbolExists.cxx.o
/usr/bin/c++    -I/usr/include/qt4    -o CMakeFiles/cmTryCompileExec.dir/CheckSymbolExists.cxx.o -c /home/matthew/CSC232/Lab4/build/CMakeFiles/CMakeTmp/CheckSymbolExists.cxx
/home/matthew/CSC232/Lab4/build/CMakeFiles/CMakeTmp/CheckSymbolExists.cxx: In function 'int main()':
/home/matthew/CSC232/Lab4/build/CMakeFiles/CMakeTmp/CheckSymbolExists.cxx:8:25: error: 'Q_WS_WIN' was not declared in this scope
make[1]: *** [CMakeFiles/cmTryCompileExec.dir/CheckSymbolExists.cxx.o] Error 1
make[1]: Leaving directory `/home/matthew/CSC232/Lab4/build/CMakeFiles/CMakeTmp'
make: *** [cmTryCompileExec/fast] Error 2

File /home/matthew/CSC232/Lab4/build/CMakeFiles/CMakeTmp/CheckSymbolExists.cxx:
/* */
#include <QtCore/qglobal.h>

void cmakeRequireSymbol(int dummy,...){(void)dummy;}
int main()
{
#ifndef Q_WS_WIN
  cmakeRequireSymbol(0,&Q_WS_WIN);
#endif
  return 0;
}

Determining if the Q_WS_QWS exist failed with the following output:
Change Dir: /home/matthew/CSC232/Lab4/build/CMakeFiles/CMakeTmp

Run Build Command:/usr/bin/make "cmTryCompileExec/fast"
/usr/bin/make -f CMakeFiles/cmTryCompileExec.dir/build.make CMakeFiles/cmTryCompileExec.dir/build
make[1]: Entering directory `/home/matthew/CSC232/Lab4/build/CMakeFiles/CMakeTmp'
/usr/bin/cmake -E cmake_progress_report /home/matthew/CSC232/Lab4/build/CMakeFiles/CMakeTmp/CMakeFiles 1
Building CXX object CMakeFiles/cmTryCompileExec.dir/CheckSymbolExists.cxx.o
/usr/bin/c++    -I/usr/include/qt4    -o CMakeFiles/cmTryCompileExec.dir/CheckSymbolExists.cxx.o -c /home/matthew/CSC232/Lab4/build/CMakeFiles/CMakeTmp/CheckSymbolExists.cxx
/home/matthew/CSC232/Lab4/build/CMakeFiles/CMakeTmp/CheckSymbolExists.cxx: In function 'int main()':
/home/matthew/CSC232/Lab4/build/CMakeFiles/CMakeTmp/CheckSymbolExists.cxx:8:25: error: 'Q_WS_QWS' was not declared in this scope
make[1]: *** [CMakeFiles/cmTryCompileExec.dir/CheckSymbolExists.cxx.o] Error 1
make[1]: Leaving directory `/home/matthew/CSC232/Lab4/build/CMakeFiles/CMakeTmp'
make: *** [cmTryCompileExec/fast] Error 2

File /home/matthew/CSC232/Lab4/build/CMakeFiles/CMakeTmp/CheckSymbolExists.cxx:
/* */
#include <QtCore/qglobal.h>

void cmakeRequireSymbol(int dummy,...){(void)dummy;}
int main()
{
#ifndef Q_WS_QWS
  cmakeRequireSymbol(0,&Q_WS_QWS);
#endif
  return 0;
}

Determining if the Q_WS_MAC exist failed with the following output:
Change Dir: /home/matthew/CSC232/Lab4/build/CMakeFiles/CMakeTmp

Run Build Command:/usr/bin/make "cmTryCompileExec/fast"
/usr/bin/make -f CMakeFiles/cmTryCompileExec.dir/build.make CMakeFiles/cmTryCompileExec.dir/build
make[1]: Entering directory `/home/matthew/CSC232/Lab4/build/CMakeFiles/CMakeTmp'
/usr/bin/cmake -E cmake_progress_report /home/matthew/CSC232/Lab4/build/CMakeFiles/CMakeTmp/CMakeFiles 1
Building CXX object CMakeFiles/cmTryCompileExec.dir/CheckSymbolExists.cxx.o
/usr/bin/c++    -I/usr/include/qt4    -o CMakeFiles/cmTryCompileExec.dir/CheckSymbolExists.cxx.o -c /home/matthew/CSC232/Lab4/build/CMakeFiles/CMakeTmp/CheckSymbolExists.cxx
/home/matthew/CSC232/Lab4/build/CMakeFiles/CMakeTmp/CheckSymbolExists.cxx: In function 'int main()':
/home/matthew/CSC232/Lab4/build/CMakeFiles/CMakeTmp/CheckSymbolExists.cxx:8:25: error: 'Q_WS_MAC' was not declared in this scope
make[1]: *** [CMakeFiles/cmTryCompileExec.dir/CheckSymbolExists.cxx.o] Error 1
make[1]: Leaving directory `/home/matthew/CSC232/Lab4/build/CMakeFiles/CMakeTmp'
make: *** [cmTryCompileExec/fast] Error 2

File /home/matthew/CSC232/Lab4/build/CMakeFiles/CMakeTmp/CheckSymbolExists.cxx:
/* */
#include <QtCore/qglobal.h>

void cmakeRequireSymbol(int dummy,...){(void)dummy;}
int main()
{
#ifndef Q_WS_MAC
  cmakeRequireSymbol(0,&Q_WS_MAC);
#endif
  return 0;
}

Determining if the Q_WS_WIN exist failed with the following output:
Change Dir: /home/matthew/CSC232/Lab4/build/CMakeFiles/CMakeTmp

Run Build Command:/usr/bin/make "cmTryCompileExec2125843874/fast"
make[1]: Entering directory `/home/matthew/CSC232/Lab4/build/CMakeFiles/CMakeTmp'
/usr/bin/make -f CMakeFiles/cmTryCompileExec2125843874.dir/build.make CMakeFiles/cmTryCompileExec2125843874.dir/build
make[2]: Entering directory `/home/matthew/CSC232/Lab4/build/CMakeFiles/CMakeTmp'
/usr/bin/cmake -E cmake_progress_report /home/matthew/CSC232/Lab4/build/CMakeFiles/CMakeTmp/CMakeFiles 1
Building CXX object CMakeFiles/cmTryCompileExec2125843874.dir/CheckSymbolExists.cxx.o
/usr/bin/c++    -I/usr/include/qt4    -o CMakeFiles/cmTryCompileExec2125843874.dir/CheckSymbolExists.cxx.o -c /home/matthew/CSC232/Lab4/build/CMakeFiles/CMakeTmp/CheckSymbolExists.cxx
/home/matthew/CSC232/Lab4/build/CMakeFiles/CMakeTmp/CheckSymbolExists.cxx: In function ‘int main(int, char**)’:
/home/matthew/CSC232/Lab4/build/CMakeFiles/CMakeTmp/CheckSymbolExists.cxx:8:19: error: ‘Q_WS_WIN’ was not declared in this scope
   return ((int*)(&Q_WS_WIN))[argc];
                   ^
make[2]: *** [CMakeFiles/cmTryCompileExec2125843874.dir/CheckSymbolExists.cxx.o] Error 1
make[2]: Leaving directory `/home/matthew/CSC232/Lab4/build/CMakeFiles/CMakeTmp'
make[1]: *** [cmTryCompileExec2125843874/fast] Error 2
make[1]: Leaving directory `/home/matthew/CSC232/Lab4/build/CMakeFiles/CMakeTmp'

File /home/matthew/CSC232/Lab4/build/CMakeFiles/CMakeTmp/CheckSymbolExists.cxx:
/* */
#include <QtCore/qglobal.h>

int main(int argc, char** argv)
{
  (void)argv;
#ifndef Q_WS_WIN
  return ((int*)(&Q_WS_WIN))[argc];
#else
  (void)argc;
  return 0;
#endif
}

Determining if the Q_WS_QWS exist failed with the following output:
Change Dir: /home/matthew/CSC232/Lab4/build/CMakeFiles/CMakeTmp

Run Build Command:/usr/bin/make "cmTryCompileExec1503793162/fast"
make[1]: Entering directory `/home/matthew/CSC232/Lab4/build/CMakeFiles/CMakeTmp'
/usr/bin/make -f CMakeFiles/cmTryCompileExec1503793162.dir/build.make CMakeFiles/cmTryCompileExec1503793162.dir/build
make[2]: Entering directory `/home/matthew/CSC232/Lab4/build/CMakeFiles/CMakeTmp'
/usr/bin/cmake -E cmake_progress_report /home/matthew/CSC232/Lab4/build/CMakeFiles/CMakeTmp/CMakeFiles 1
Building CXX object CMakeFiles/cmTryCompileExec1503793162.dir/CheckSymbolExists.cxx.o
/usr/bin/c++    -I/usr/include/qt4    -o CMakeFiles/cmTryCompileExec1503793162.dir/CheckSymbolExists.cxx.o -c /home/matthew/CSC232/Lab4/build/CMakeFiles/CMakeTmp/CheckSymbolExists.cxx
/home/matthew/CSC232/Lab4/build/CMakeFiles/CMakeTmp/CheckSymbolExists.cxx: In function ‘int main(int, char**)’:
/home/matthew/CSC232/Lab4/build/CMakeFiles/CMakeTmp/CheckSymbolExists.cxx:8:19: error: ‘Q_WS_QWS’ was not declared in this scope
   return ((int*)(&Q_WS_QWS))[argc];
                   ^
make[2]: Leaving directory `/home/matthew/CSC232/Lab4/build/CMakeFiles/CMakeTmp'
make[2]: *** [CMakeFiles/cmTryCompileExec1503793162.dir/CheckSymbolExists.cxx.o] Error 1
make[1]: *** [cmTryCompileExec1503793162/fast] Error 2
make[1]: Leaving directory `/home/matthew/CSC232/Lab4/build/CMakeFiles/CMakeTmp'

File /home/matthew/CSC232/Lab4/build/CMakeFiles/CMakeTmp/CheckSymbolExists.cxx:
/* */
#include <QtCore/qglobal.h>

int main(int argc, char** argv)
{
  (void)argv;
#ifndef Q_WS_QWS
  return ((int*)(&Q_WS_QWS))[argc];
#else
  (void)argc;
  return 0;
#endif
}

Determining if the Q_WS_MAC exist failed with the following output:
Change Dir: /home/matthew/CSC232/Lab4/build/CMakeFiles/CMakeTmp

Run Build Command:/usr/bin/make "cmTryCompileExec1158417505/fast"
make[1]: Entering directory `/home/matthew/CSC232/Lab4/build/CMakeFiles/CMakeTmp'
/usr/bin/make -f CMakeFiles/cmTryCompileExec1158417505.dir/build.make CMakeFiles/cmTryCompileExec1158417505.dir/build
make[2]: Entering directory `/home/matthew/CSC232/Lab4/build/CMakeFiles/CMakeTmp'
/usr/bin/cmake -E cmake_progress_report /home/matthew/CSC232/Lab4/build/CMakeFiles/CMakeTmp/CMakeFiles 1
Building CXX object CMakeFiles/cmTryCompileExec1158417505.dir/CheckSymbolExists.cxx.o
/usr/bin/c++    -I/usr/include/qt4    -o CMakeFiles/cmTryCompileExec1158417505.dir/CheckSymbolExists.cxx.o -c /home/matthew/CSC232/Lab4/build/CMakeFiles/CMakeTmp/CheckSymbolExists.cxx
/home/matthew/CSC232/Lab4/build/CMakeFiles/CMakeTmp/CheckSymbolExists.cxx: In function ‘int main(int, char**)’:
/home/matthew/CSC232/Lab4/build/CMakeFiles/CMakeTmp/CheckSymbolExists.cxx:8:19: error: ‘Q_WS_MAC’ was not declared in this scope
   return ((int*)(&Q_WS_MAC))[argc];
                   ^
make[2]: *** [CMakeFiles/cmTryCompileExec1158417505.dir/CheckSymbolExists.cxx.o] Error 1
make[2]: Leaving directory `/home/matthew/CSC232/Lab4/build/CMakeFiles/CMakeTmp'
make[1]: *** [cmTryCompileExec1158417505/fast] Error 2
make[1]: Leaving directory `/home/matthew/CSC232/Lab4/build/CMakeFiles/CMakeTmp'

File /home/matthew/CSC232/Lab4/build/CMakeFiles/CMakeTmp/CheckSymbolExists.cxx:
/* */
#include <QtCore/qglobal.h>

int main(int argc, char** argv)
{
  (void)argv;
#ifndef Q_WS_MAC
  return ((int*)(&Q_WS_MAC))[argc];
#else
  (void)argc;
  return 0;
#endif
}

Determining if the Q_WS_WIN exist failed with the following output:
Change Dir: /home/matthew/CSC232/Lab4/build/CMakeFiles/CMakeTmp

Run Build Command:/usr/bin/make "cmTryCompileExec3386008086/fast"
make[1]: Entering directory `/home/matthew/CSC232/Lab4/build/CMakeFiles/CMakeTmp'
/usr/bin/make -f CMakeFiles/cmTryCompileExec3386008086.dir/build.make CMakeFiles/cmTryCompileExec3386008086.dir/build
make[2]: Entering directory `/home/matthew/CSC232/Lab4/build/CMakeFiles/CMakeTmp'
/usr/bin/cmake -E cmake_progress_report /home/matthew/CSC232/Lab4/build/CMakeFiles/CMakeTmp/CMakeFiles 1
Building CXX object CMakeFiles/cmTryCompileExec3386008086.dir/CheckSymbolExists.cxx.o
/usr/bin/c++    -I/usr/include/qt4    -o CMakeFiles/cmTryCompileExec3386008086.dir/CheckSymbolExists.cxx.o -c /home/matthew/CSC232/Lab4/build/CMakeFiles/CMakeTmp/CheckSymbolExists.cxx
/home/matthew/CSC232/Lab4/build/CMakeFiles/CMakeTmp/CheckSymbolExists.cxx: In function ‘int main(int, char**)’:
/home/matthew/CSC232/Lab4/build/CMakeFiles/CMakeTmp/CheckSymbolExists.cxx:8:19: error: ‘Q_WS_WIN’ was not declared in this scope
   return ((int*)(&Q_WS_WIN))[argc];
                   ^
make[2]: *** [CMakeFiles/cmTryCompileExec3386008086.dir/CheckSymbolExists.cxx.o] Error 1
make[2]: Leaving directory `/home/matthew/CSC232/Lab4/build/CMakeFiles/CMakeTmp'
make[1]: *** [cmTryCompileExec3386008086/fast] Error 2
make[1]: Leaving directory `/home/matthew/CSC232/Lab4/build/CMakeFiles/CMakeTmp'

File /home/matthew/CSC232/Lab4/build/CMakeFiles/CMakeTmp/CheckSymbolExists.cxx:
/* */
#include <QtCore/qglobal.h>

int main(int argc, char** argv)
{
  (void)argv;
#ifndef Q_WS_WIN
  return ((int*)(&Q_WS_WIN))[argc];
#else
  (void)argc;
  return 0;
#endif
}

Determining if the Q_WS_QWS exist failed with the following output:
Change Dir: /home/matthew/CSC232/Lab4/build/CMakeFiles/CMakeTmp

Run Build Command:/usr/bin/make "cmTryCompileExec445220126/fast"
make[1]: Entering directory `/home/matthew/CSC232/Lab4/build/CMakeFiles/CMakeTmp'
/usr/bin/make -f CMakeFiles/cmTryCompileExec445220126.dir/build.make CMakeFiles/cmTryCompileExec445220126.dir/build
make[2]: Entering directory `/home/matthew/CSC232/Lab4/build/CMakeFiles/CMakeTmp'
/usr/bin/cmake -E cmake_progress_report /home/matthew/CSC232/Lab4/build/CMakeFiles/CMakeTmp/CMakeFiles 1
Building CXX object CMakeFiles/cmTryCompileExec445220126.dir/CheckSymbolExists.cxx.o
/usr/bin/c++    -I/usr/include/qt4    -o CMakeFiles/cmTryCompileExec445220126.dir/CheckSymbolExists.cxx.o -c /home/matthew/CSC232/Lab4/build/CMakeFiles/CMakeTmp/CheckSymbolExists.cxx
/home/matthew/CSC232/Lab4/build/CMakeFiles/CMakeTmp/CheckSymbolExists.cxx: In function ‘int main(int, char**)’:
/home/matthew/CSC232/Lab4/build/CMakeFiles/CMakeTmp/CheckSymbolExists.cxx:8:19: error: ‘Q_WS_QWS’ was not declared in this scope
   return ((int*)(&Q_WS_QWS))[argc];
                   ^
make[2]: *** [CMakeFiles/cmTryCompileExec445220126.dir/CheckSymbolExists.cxx.o] Error 1
make[2]: Leaving directory `/home/matthew/CSC232/Lab4/build/CMakeFiles/CMakeTmp'
make[1]: *** [cmTryCompileExec445220126/fast] Error 2
make[1]: Leaving directory `/home/matthew/CSC232/Lab4/build/CMakeFiles/CMakeTmp'

File /home/matthew/CSC232/Lab4/build/CMakeFiles/CMakeTmp/CheckSymbolExists.cxx:
/* */
#include <QtCore/qglobal.h>

int main(int argc, char** argv)
{
  (void)argv;
#ifndef Q_WS_QWS
  return ((int*)(&Q_WS_QWS))[argc];
#else
  (void)argc;
  return 0;
#endif
}

Determining if the Q_WS_MAC exist failed with the following output:
Change Dir: /home/matthew/CSC232/Lab4/build/CMakeFiles/CMakeTmp

Run Build Command:/usr/bin/make "cmTryCompileExec3220534775/fast"
make[1]: Entering directory `/home/matthew/CSC232/Lab4/build/CMakeFiles/CMakeTmp'
/usr/bin/make -f CMakeFiles/cmTryCompileExec3220534775.dir/build.make CMakeFiles/cmTryCompileExec3220534775.dir/build
make[2]: Entering directory `/home/matthew/CSC232/Lab4/build/CMakeFiles/CMakeTmp'
/usr/bin/cmake -E cmake_progress_report /home/matthew/CSC232/Lab4/build/CMakeFiles/CMakeTmp/CMakeFiles 1
Building CXX object CMakeFiles/cmTryCompileExec3220534775.dir/CheckSymbolExists.cxx.o
/usr/bin/c++    -I/usr/include/qt4    -o CMakeFiles/cmTryCompileExec3220534775.dir/CheckSymbolExists.cxx.o -c /home/matthew/CSC232/Lab4/build/CMakeFiles/CMakeTmp/CheckSymbolExists.cxx
/home/matthew/CSC232/Lab4/build/CMakeFiles/CMakeTmp/CheckSymbolExists.cxx: In function ‘int main(int, char**)’:
/home/matthew/CSC232/Lab4/build/CMakeFiles/CMakeTmp/CheckSymbolExists.cxx:8:19: error: ‘Q_WS_MAC’ was not declared in this scope
   return ((int*)(&Q_WS_MAC))[argc];
                   ^
make[2]: *** [CMakeFiles/cmTryCompileExec3220534775.dir/CheckSymbolExists.cxx.o] Error 1
make[2]: Leaving directory `/home/matthew/CSC232/Lab4/build/CMakeFiles/CMakeTmp'
make[1]: *** [cmTryCompileExec3220534775/fast] Error 2
make[1]: Leaving directory `/home/matthew/CSC232/Lab4/build/CMakeFiles/CMakeTmp'

File /home/matthew/CSC232/Lab4/build/CMakeFiles/CMakeTmp/CheckSymbolExists.cxx:
/* */
#include <QtCore/qglobal.h>

int main(int argc, char** argv)
{
  (void)argv;
#ifndef Q_WS_MAC
  return ((int*)(&Q_WS_MAC))[argc];
#else
  (void)argc;
  return 0;
#endif
}

Determining if the Q_WS_WIN exist failed with the following output:
Change Dir: /home/matthew/CSC232/Lab4/build/CMakeFiles/CMakeTmp

Run Build Command:/usr/bin/make "cmTryCompileExec/fast"
make[1]: Entering directory `/home/matthew/CSC232/Lab4/build/CMakeFiles/CMakeTmp'
/usr/bin/make -f CMakeFiles/cmTryCompileExec.dir/build.make CMakeFiles/cmTryCompileExec.dir/build
make[2]: Entering directory `/home/matthew/CSC232/Lab4/build/CMakeFiles/CMakeTmp'
/usr/bin/cmake -E cmake_progress_report /home/matthew/CSC232/Lab4/build/CMakeFiles/CMakeTmp/CMakeFiles 1
Building CXX object CMakeFiles/cmTryCompileExec.dir/CheckSymbolExists.cxx.o
/usr/bin/c++    -I/usr/include/qt4    -o CMakeFiles/cmTryCompileExec.dir/CheckSymbolExists.cxx.o -c /home/matthew/CSC232/Lab4/build/CMakeFiles/CMakeTmp/CheckSymbolExists.cxx
/home/matthew/CSC232/Lab4/build/CMakeFiles/CMakeTmp/CheckSymbolExists.cxx: In function 'int main()':
/home/matthew/CSC232/Lab4/build/CMakeFiles/CMakeTmp/CheckSymbolExists.cxx:8:25: error: 'Q_WS_WIN' was not declared in this scope
make[2]: *** [CMakeFiles/cmTryCompileExec.dir/CheckSymbolExists.cxx.o] Error 1
make[2]: Leaving directory `/home/matthew/CSC232/Lab4/build/CMakeFiles/CMakeTmp'
make[1]: *** [cmTryCompileExec/fast] Error 2
make[1]: Leaving directory `/home/matthew/CSC232/Lab4/build/CMakeFiles/CMakeTmp'

File /home/matthew/CSC232/Lab4/build/CMakeFiles/CMakeTmp/CheckSymbolExists.cxx:
/* */
#include <QtCore/qglobal.h>

void cmakeRequireSymbol(int dummy,...){(void)dummy;}
int main()
{
#ifndef Q_WS_WIN
  cmakeRequireSymbol(0,&Q_WS_WIN);
#endif
  return 0;
}

Determining if the Q_WS_QWS exist failed with the following output:
Change Dir: /home/matthew/CSC232/Lab4/build/CMakeFiles/CMakeTmp

Run Build Command:/usr/bin/make "cmTryCompileExec/fast"
make[1]: Entering directory `/home/matthew/CSC232/Lab4/build/CMakeFiles/CMakeTmp'
/usr/bin/make -f CMakeFiles/cmTryCompileExec.dir/build.make CMakeFiles/cmTryCompileExec.dir/build
make[2]: Entering directory `/home/matthew/CSC232/Lab4/build/CMakeFiles/CMakeTmp'
/usr/bin/cmake -E cmake_progress_report /home/matthew/CSC232/Lab4/build/CMakeFiles/CMakeTmp/CMakeFiles 1
Building CXX object CMakeFiles/cmTryCompileExec.dir/CheckSymbolExists.cxx.o
/usr/bin/c++    -I/usr/include/qt4    -o CMakeFiles/cmTryCompileExec.dir/CheckSymbolExists.cxx.o -c /home/matthew/CSC232/Lab4/build/CMakeFiles/CMakeTmp/CheckSymbolExists.cxx
/home/matthew/CSC232/Lab4/build/CMakeFiles/CMakeTmp/CheckSymbolExists.cxx: In function 'int main()':
/home/matthew/CSC232/Lab4/build/CMakeFiles/CMakeTmp/CheckSymbolExists.cxx:8:25: error: 'Q_WS_QWS' was not declared in this scope
make[2]: *** [CMakeFiles/cmTryCompileExec.dir/CheckSymbolExists.cxx.o] Error 1
make[2]: Leaving directory `/home/matthew/CSC232/Lab4/build/CMakeFiles/CMakeTmp'
make[1]: *** [cmTryCompileExec/fast] Error 2
make[1]: Leaving directory `/home/matthew/CSC232/Lab4/build/CMakeFiles/CMakeTmp'

File /home/matthew/CSC232/Lab4/build/CMakeFiles/CMakeTmp/CheckSymbolExists.cxx:
/* */
#include <QtCore/qglobal.h>

void cmakeRequireSymbol(int dummy,...){(void)dummy;}
int main()
{
#ifndef Q_WS_QWS
  cmakeRequireSymbol(0,&Q_WS_QWS);
#endif
  return 0;
}

Determining if the Q_WS_MAC exist failed with the following output:
Change Dir: /home/matthew/CSC232/Lab4/build/CMakeFiles/CMakeTmp

Run Build Command:/usr/bin/make "cmTryCompileExec/fast"
make[1]: Entering directory `/home/matthew/CSC232/Lab4/build/CMakeFiles/CMakeTmp'
/usr/bin/make -f CMakeFiles/cmTryCompileExec.dir/build.make CMakeFiles/cmTryCompileExec.dir/build
make[2]: Entering directory `/home/matthew/CSC232/Lab4/build/CMakeFiles/CMakeTmp'
/usr/bin/cmake -E cmake_progress_report /home/matthew/CSC232/Lab4/build/CMakeFiles/CMakeTmp/CMakeFiles 1
Building CXX object CMakeFiles/cmTryCompileExec.dir/CheckSymbolExists.cxx.o
/usr/bin/c++    -I/usr/include/qt4    -o CMakeFiles/cmTryCompileExec.dir/CheckSymbolExists.cxx.o -c /home/matthew/CSC232/Lab4/build/CMakeFiles/CMakeTmp/CheckSymbolExists.cxx
/home/matthew/CSC232/Lab4/build/CMakeFiles/CMakeTmp/CheckSymbolExists.cxx: In function 'int main()':
/home/matthew/CSC232/Lab4/build/CMakeFiles/CMakeTmp/CheckSymbolExists.cxx:8:25: error: 'Q_WS_MAC' was not declared in this scope
make[2]: *** [CMakeFiles/cmTryCompileExec.dir/CheckSymbolExists.cxx.o] Error 1
make[2]: Leaving directory `/home/matthew/CSC232/Lab4/build/CMakeFiles/CMakeTmp'
make[1]: *** [cmTryCompileExec/fast] Error 2
make[1]: Leaving directory `/home/matthew/CSC232/Lab4/build/CMakeFiles/CMakeTmp'

File /home/matthew/CSC232/Lab4/build/CMakeFiles/CMakeTmp/CheckSymbolExists.cxx:
/* */
#include <QtCore/qglobal.h>

void cmakeRequireSymbol(int dummy,...){(void)dummy;}
int main()
{
#ifndef Q_WS_MAC
  cmakeRequireSymbol(0,&Q_WS_MAC);
#endif
  return 0;
}

Determining if the Q_WS_WIN exist failed with the following output:
Change Dir: /home/matthew/CSC232/Lab4/build/CMakeFiles/CMakeTmp

Run Build Command:/usr/bin/make "cmTryCompileExec/fast"
/usr/bin/make -f CMakeFiles/cmTryCompileExec.dir/build.make CMakeFiles/cmTryCompileExec.dir/build
make[1]: Entering directory `/home/matthew/CSC232/Lab4/build/CMakeFiles/CMakeTmp'
/usr/bin/cmake -E cmake_progress_report /home/matthew/CSC232/Lab4/build/CMakeFiles/CMakeTmp/CMakeFiles 1
Building CXX object CMakeFiles/cmTryCompileExec.dir/CheckSymbolExists.cxx.o
/usr/bin/c++    -I/usr/include/qt4    -o CMakeFiles/cmTryCompileExec.dir/CheckSymbolExists.cxx.o -c /home/matthew/CSC232/Lab4/build/CMakeFiles/CMakeTmp/CheckSymbolExists.cxx
/home/matthew/CSC232/Lab4/build/CMakeFiles/CMakeTmp/CheckSymbolExists.cxx: In function 'int main()':
/home/matthew/CSC232/Lab4/build/CMakeFiles/CMakeTmp/CheckSymbolExists.cxx:8:25: error: 'Q_WS_WIN' was not declared in this scope
make[1]: *** [CMakeFiles/cmTryCompileExec.dir/CheckSymbolExists.cxx.o] Error 1
make[1]: Leaving directory `/home/matthew/CSC232/Lab4/build/CMakeFiles/CMakeTmp'
make: *** [cmTryCompileExec/fast] Error 2

File /home/matthew/CSC232/Lab4/build/CMakeFiles/CMakeTmp/CheckSymbolExists.cxx:
/* */
#include <QtCore/qglobal.h>

void cmakeRequireSymbol(int dummy,...){(void)dummy;}
int main()
{
#ifndef Q_WS_WIN
  cmakeRequireSymbol(0,&Q_WS_WIN);
#endif
  return 0;
}

Determining if the Q_WS_QWS exist failed with the following output:
Change Dir: /home/matthew/CSC232/Lab4/build/CMakeFiles/CMakeTmp

Run Build Command:/usr/bin/make "cmTryCompileExec/fast"
/usr/bin/make -f CMakeFiles/cmTryCompileExec.dir/build.make CMakeFiles/cmTryCompileExec.dir/build
make[1]: Entering directory `/home/matthew/CSC232/Lab4/build/CMakeFiles/CMakeTmp'
/usr/bin/cmake -E cmake_progress_report /home/matthew/CSC232/Lab4/build/CMakeFiles/CMakeTmp/CMakeFiles 1
Building CXX object CMakeFiles/cmTryCompileExec.dir/CheckSymbolExists.cxx.o
/usr/bin/c++    -I/usr/include/qt4    -o CMakeFiles/cmTryCompileExec.dir/CheckSymbolExists.cxx.o -c /home/matthew/CSC232/Lab4/build/CMakeFiles/CMakeTmp/CheckSymbolExists.cxx
/home/matthew/CSC232/Lab4/build/CMakeFiles/CMakeTmp/CheckSymbolExists.cxx: In function 'int main()':
/home/matthew/CSC232/Lab4/build/CMakeFiles/CMakeTmp/CheckSymbolExists.cxx:8:25: error: 'Q_WS_QWS' was not declared in this scope
make[1]: *** [CMakeFiles/cmTryCompileExec.dir/CheckSymbolExists.cxx.o] Error 1
make[1]: Leaving directory `/home/matthew/CSC232/Lab4/build/CMakeFiles/CMakeTmp'
make: *** [cmTryCompileExec/fast] Error 2

File /home/matthew/CSC232/Lab4/build/CMakeFiles/CMakeTmp/CheckSymbolExists.cxx:
/* */
#include <QtCore/qglobal.h>

void cmakeRequireSymbol(int dummy,...){(void)dummy;}
int main()
{
#ifndef Q_WS_QWS
  cmakeRequireSymbol(0,&Q_WS_QWS);
#endif
  return 0;
}

Determining if the Q_WS_MAC exist failed with the following output:
Change Dir: /home/matthew/CSC232/Lab4/build/CMakeFiles/CMakeTmp

Run Build Command:/usr/bin/make "cmTryCompileExec/fast"
/usr/bin/make -f CMakeFiles/cmTryCompileExec.dir/build.make CMakeFiles/cmTryCompileExec.dir/build
make[1]: Entering directory `/home/matthew/CSC232/Lab4/build/CMakeFiles/CMakeTmp'
/usr/bin/cmake -E cmake_progress_report /home/matthew/CSC232/Lab4/build/CMakeFiles/CMakeTmp/CMakeFiles 1
Building CXX object CMakeFiles/cmTryCompileExec.dir/CheckSymbolExists.cxx.o
/usr/bin/c++    -I/usr/include/qt4    -o CMakeFiles/cmTryCompileExec.dir/CheckSymbolExists.cxx.o -c /home/matthew/CSC232/Lab4/build/CMakeFiles/CMakeTmp/CheckSymbolExists.cxx
/home/matthew/CSC232/Lab4/build/CMakeFiles/CMakeTmp/CheckSymbolExists.cxx: In function 'int main()':
/home/matthew/CSC232/Lab4/build/CMakeFiles/CMakeTmp/CheckSymbolExists.cxx:8:25: error: 'Q_WS_MAC' was not declared in this scope
make[1]: *** [CMakeFiles/cmTryCompileExec.dir/CheckSymbolExists.cxx.o] Error 1
make[1]: Leaving directory `/home/matthew/CSC232/Lab4/build/CMakeFiles/CMakeTmp'
make: *** [cmTryCompileExec/fast] Error 2

File /home/matthew/CSC232/Lab4/build/CMakeFiles/CMakeTmp/CheckSymbolExists.cxx:
/* */
#include <QtCore/qglobal.h>

void cmakeRequireSymbol(int dummy,...){(void)dummy;}
int main()
{
#ifndef Q_WS_MAC
  cmakeRequireSymbol(0,&Q_WS_MAC);
#endif
  return 0;
}

Determining if the Q_WS_WIN exist failed with the following output:
Change Dir: /home/matthew/CSC232/Lab4/build/CMakeFiles/CMakeTmp

Run Build Command:/usr/bin/make "cmTryCompileExec/fast"
/usr/bin/make -f CMakeFiles/cmTryCompileExec.dir/build.make CMakeFiles/cmTryCompileExec.dir/build
make[1]: Entering directory `/home/matthew/CSC232/Lab4/build/CMakeFiles/CMakeTmp'
/usr/bin/cmake -E cmake_progress_report /home/matthew/CSC232/Lab4/build/CMakeFiles/CMakeTmp/CMakeFiles 1
Building CXX object CMakeFiles/cmTryCompileExec.dir/CheckSymbolExists.cxx.o
/usr/bin/c++    -I/usr/include/qt4    -o CMakeFiles/cmTryCompileExec.dir/CheckSymbolExists.cxx.o -c /home/matthew/CSC232/Lab4/build/CMakeFiles/CMakeTmp/CheckSymbolExists.cxx
/home/matthew/CSC232/Lab4/build/CMakeFiles/CMakeTmp/CheckSymbolExists.cxx: In function 'int main()':
/home/matthew/CSC232/Lab4/build/CMakeFiles/CMakeTmp/CheckSymbolExists.cxx:8:25: error: 'Q_WS_WIN' was not declared in this scope
make[1]: *** [CMakeFiles/cmTryCompileExec.dir/CheckSymbolExists.cxx.o] Error 1
make[1]: Leaving directory `/home/matthew/CSC232/Lab4/build/CMakeFiles/CMakeTmp'
make: *** [cmTryCompileExec/fast] Error 2

File /home/matthew/CSC232/Lab4/build/CMakeFiles/CMakeTmp/CheckSymbolExists.cxx:
/* */
#include <QtCore/qglobal.h>

void cmakeRequireSymbol(int dummy,...){(void)dummy;}
int main()
{
#ifndef Q_WS_WIN
  cmakeRequireSymbol(0,&Q_WS_WIN);
#endif
  return 0;
}

Determining if the Q_WS_QWS exist failed with the following output:
Change Dir: /home/matthew/CSC232/Lab4/build/CMakeFiles/CMakeTmp

Run Build Command:/usr/bin/make "cmTryCompileExec/fast"
/usr/bin/make -f CMakeFiles/cmTryCompileExec.dir/build.make CMakeFiles/cmTryCompileExec.dir/build
make[1]: Entering directory `/home/matthew/CSC232/Lab4/build/CMakeFiles/CMakeTmp'
/usr/bin/cmake -E cmake_progress_report /home/matthew/CSC232/Lab4/build/CMakeFiles/CMakeTmp/CMakeFiles 1
Building CXX object CMakeFiles/cmTryCompileExec.dir/CheckSymbolExists.cxx.o
/usr/bin/c++    -I/usr/include/qt4    -o CMakeFiles/cmTryCompileExec.dir/CheckSymbolExists.cxx.o -c /home/matthew/CSC232/Lab4/build/CMakeFiles/CMakeTmp/CheckSymbolExists.cxx
/home/matthew/CSC232/Lab4/build/CMakeFiles/CMakeTmp/CheckSymbolExists.cxx: In function 'int main()':
/home/matthew/CSC232/Lab4/build/CMakeFiles/CMakeTmp/CheckSymbolExists.cxx:8:25: error: 'Q_WS_QWS' was not declared in this scope
make[1]: *** [CMakeFiles/cmTryCompileExec.dir/CheckSymbolExists.cxx.o] Error 1
make[1]: Leaving directory `/home/matthew/CSC232/Lab4/build/CMakeFiles/CMakeTmp'
make: *** [cmTryCompileExec/fast] Error 2

File /home/matthew/CSC232/Lab4/build/CMakeFiles/CMakeTmp/CheckSymbolExists.cxx:
/* */
#include <QtCore/qglobal.h>

void cmakeRequireSymbol(int dummy,...){(void)dummy;}
int main()
{
#ifndef Q_WS_QWS
  cmakeRequireSymbol(0,&Q_WS_QWS);
#endif
  return 0;
}

Determining if the Q_WS_MAC exist failed with the following output:
Change Dir: /home/matthew/CSC232/Lab4/build/CMakeFiles/CMakeTmp

Run Build Command:/usr/bin/make "cmTryCompileExec/fast"
/usr/bin/make -f CMakeFiles/cmTryCompileExec.dir/build.make CMakeFiles/cmTryCompileExec.dir/build
make[1]: Entering directory `/home/matthew/CSC232/Lab4/build/CMakeFiles/CMakeTmp'
/usr/bin/cmake -E cmake_progress_report /home/matthew/CSC232/Lab4/build/CMakeFiles/CMakeTmp/CMakeFiles 1
Building CXX object CMakeFiles/cmTryCompileExec.dir/CheckSymbolExists.cxx.o
/usr/bin/c++    -I/usr/include/qt4    -o CMakeFiles/cmTryCompileExec.dir/CheckSymbolExists.cxx.o -c /home/matthew/CSC232/Lab4/build/CMakeFiles/CMakeTmp/CheckSymbolExists.cxx
/home/matthew/CSC232/Lab4/build/CMakeFiles/CMakeTmp/CheckSymbolExists.cxx: In function 'int main()':
/home/matthew/CSC232/Lab4/build/CMakeFiles/CMakeTmp/CheckSymbolExists.cxx:8:25: error: 'Q_WS_MAC' was not declared in this scope
make[1]: *** [CMakeFiles/cmTryCompileExec.dir/CheckSymbolExists.cxx.o] Error 1
make[1]: Leaving directory `/home/matthew/CSC232/Lab4/build/CMakeFiles/CMakeTmp'
make: *** [cmTryCompileExec/fast] Error 2

File /home/matthew/CSC232/Lab4/build/CMakeFiles/CMakeTmp/CheckSymbolExists.cxx:
/* */
#include <QtCore/qglobal.h>

void cmakeRequireSymbol(int dummy,...){(void)dummy;}
int main()
{
#ifndef Q_WS_MAC
  cmakeRequireSymbol(0,&Q_WS_MAC);
#endif
  return 0;
}

Determining if the Q_WS_WIN exist failed with the following output:
Change Dir: /tmp/guest-cAui15/CSC232/Lab4/build/CMakeFiles/CMakeTmp

Run Build Command:/usr/bin/make "cmTryCompileExec3847575189/fast"
/usr/bin/make -f CMakeFiles/cmTryCompileExec3847575189.dir/build.make CMakeFiles/cmTryCompileExec3847575189.dir/build
make[1]: Entering directory `/tmp/guest-cAui15/CSC232/Lab4/build/CMakeFiles/CMakeTmp'
/usr/bin/cmake -E cmake_progress_report /tmp/guest-cAui15/CSC232/Lab4/build/CMakeFiles/CMakeTmp/CMakeFiles 1
Building CXX object CMakeFiles/cmTryCompileExec3847575189.dir/CheckSymbolExists.cxx.o
/usr/bin/c++    -I/usr/include/qt4    -o CMakeFiles/cmTryCompileExec3847575189.dir/CheckSymbolExists.cxx.o -c /tmp/guest-cAui15/CSC232/Lab4/build/CMakeFiles/CMakeTmp/CheckSymbolExists.cxx
/tmp/guest-cAui15/CSC232/Lab4/build/CMakeFiles/CMakeTmp/CheckSymbolExists.cxx: In function ‘int main(int, char**)’:
/tmp/guest-cAui15/CSC232/Lab4/build/CMakeFiles/CMakeTmp/CheckSymbolExists.cxx:8:19: error: ‘Q_WS_WIN’ was not declared in this scope
   return ((int*)(&Q_WS_WIN))[argc];
                   ^
make[1]: *** [CMakeFiles/cmTryCompileExec3847575189.dir/CheckSymbolExists.cxx.o] Error 1
make[1]: Leaving directory `/tmp/guest-cAui15/CSC232/Lab4/build/CMakeFiles/CMakeTmp'
make: *** [cmTryCompileExec3847575189/fast] Error 2

File /tmp/guest-cAui15/CSC232/Lab4/build/CMakeFiles/CMakeTmp/CheckSymbolExists.cxx:
/* */
#include <QtCore/qglobal.h>

int main(int argc, char** argv)
{
  (void)argv;
#ifndef Q_WS_WIN
  return ((int*)(&Q_WS_WIN))[argc];
#else
  (void)argc;
  return 0;
#endif
}

Determining if the Q_WS_QWS exist failed with the following output:
Change Dir: /tmp/guest-cAui15/CSC232/Lab4/build/CMakeFiles/CMakeTmp

Run Build Command:/usr/bin/make "cmTryCompileExec76270253/fast"
/usr/bin/make -f CMakeFiles/cmTryCompileExec76270253.dir/build.make CMakeFiles/cmTryCompileExec76270253.dir/build
make[1]: Entering directory `/tmp/guest-cAui15/CSC232/Lab4/build/CMakeFiles/CMakeTmp'
/usr/bin/cmake -E cmake_progress_report /tmp/guest-cAui15/CSC232/Lab4/build/CMakeFiles/CMakeTmp/CMakeFiles 1
Building CXX object CMakeFiles/cmTryCompileExec76270253.dir/CheckSymbolExists.cxx.o
/usr/bin/c++    -I/usr/include/qt4    -o CMakeFiles/cmTryCompileExec76270253.dir/CheckSymbolExists.cxx.o -c /tmp/guest-cAui15/CSC232/Lab4/build/CMakeFiles/CMakeTmp/CheckSymbolExists.cxx
/tmp/guest-cAui15/CSC232/Lab4/build/CMakeFiles/CMakeTmp/CheckSymbolExists.cxx: In function ‘int main(int, char**)’:
/tmp/guest-cAui15/CSC232/Lab4/build/CMakeFiles/CMakeTmp/CheckSymbolExists.cxx:8:19: error: ‘Q_WS_QWS’ was not declared in this scope
   return ((int*)(&Q_WS_QWS))[argc];
                   ^
make[1]: *** [CMakeFiles/cmTryCompileExec76270253.dir/CheckSymbolExists.cxx.o] Error 1
make[1]: Leaving directory `/tmp/guest-cAui15/CSC232/Lab4/build/CMakeFiles/CMakeTmp'
make: *** [cmTryCompileExec76270253/fast] Error 2

File /tmp/guest-cAui15/CSC232/Lab4/build/CMakeFiles/CMakeTmp/CheckSymbolExists.cxx:
/* */
#include <QtCore/qglobal.h>

int main(int argc, char** argv)
{
  (void)argv;
#ifndef Q_WS_QWS
  return ((int*)(&Q_WS_QWS))[argc];
#else
  (void)argc;
  return 0;
#endif
}

Determining if the Q_WS_MAC exist failed with the following output:
Change Dir: /tmp/guest-cAui15/CSC232/Lab4/build/CMakeFiles/CMakeTmp

Run Build Command:/usr/bin/make "cmTryCompileExec900058430/fast"
/usr/bin/make -f CMakeFiles/cmTryCompileExec900058430.dir/build.make CMakeFiles/cmTryCompileExec900058430.dir/build
make[1]: Entering directory `/tmp/guest-cAui15/CSC232/Lab4/build/CMakeFiles/CMakeTmp'
/usr/bin/cmake -E cmake_progress_report /tmp/guest-cAui15/CSC232/Lab4/build/CMakeFiles/CMakeTmp/CMakeFiles 1
Building CXX object CMakeFiles/cmTryCompileExec900058430.dir/CheckSymbolExists.cxx.o
/usr/bin/c++    -I/usr/include/qt4    -o CMakeFiles/cmTryCompileExec900058430.dir/CheckSymbolExists.cxx.o -c /tmp/guest-cAui15/CSC232/Lab4/build/CMakeFiles/CMakeTmp/CheckSymbolExists.cxx
/tmp/guest-cAui15/CSC232/Lab4/build/CMakeFiles/CMakeTmp/CheckSymbolExists.cxx: In function ‘int main(int, char**)’:
/tmp/guest-cAui15/CSC232/Lab4/build/CMakeFiles/CMakeTmp/CheckSymbolExists.cxx:8:19: error: ‘Q_WS_MAC’ was not declared in this scope
   return ((int*)(&Q_WS_MAC))[argc];
                   ^
make[1]: Leaving directory `/tmp/guest-cAui15/CSC232/Lab4/build/CMakeFiles/CMakeTmp'
make[1]: *** [CMakeFiles/cmTryCompileExec900058430.dir/CheckSymbolExists.cxx.o] Error 1
make: *** [cmTryCompileExec900058430/fast] Error 2

File /tmp/guest-cAui15/CSC232/Lab4/build/CMakeFiles/CMakeTmp/CheckSymbolExists.cxx:
/* */
#include <QtCore/qglobal.h>

int main(int argc, char** argv)
{
  (void)argv;
#ifndef Q_WS_MAC
  return ((int*)(&Q_WS_MAC))[argc];
#else
  (void)argc;
  return 0;
#endif
}

Determining if the Q_WS_WIN exist failed with the following output:
Change Dir: /home/matthew/CSC232/Lab4/build/CMakeFiles/CMakeTmp

Run Build Command:/usr/bin/make "cmTryCompileExec/fast"
/usr/bin/make -f CMakeFiles/cmTryCompileExec.dir/build.make CMakeFiles/cmTryCompileExec.dir/build
make[1]: Entering directory `/home/matthew/CSC232/Lab4/build/CMakeFiles/CMakeTmp'
/usr/bin/cmake -E cmake_progress_report /home/matthew/CSC232/Lab4/build/CMakeFiles/CMakeTmp/CMakeFiles 1
Building CXX object CMakeFiles/cmTryCompileExec.dir/CheckSymbolExists.cxx.o
/usr/bin/c++    -I/usr/include/qt4    -o CMakeFiles/cmTryCompileExec.dir/CheckSymbolExists.cxx.o -c /home/matthew/CSC232/Lab4/build/CMakeFiles/CMakeTmp/CheckSymbolExists.cxx
/home/matthew/CSC232/Lab4/build/CMakeFiles/CMakeTmp/CheckSymbolExists.cxx: In function 'int main()':
/home/matthew/CSC232/Lab4/build/CMakeFiles/CMakeTmp/CheckSymbolExists.cxx:8:25: error: 'Q_WS_WIN' was not declared in this scope
make[1]: *** [CMakeFiles/cmTryCompileExec.dir/CheckSymbolExists.cxx.o] Error 1
make[1]: Leaving directory `/home/matthew/CSC232/Lab4/build/CMakeFiles/CMakeTmp'
make: *** [cmTryCompileExec/fast] Error 2

File /home/matthew/CSC232/Lab4/build/CMakeFiles/CMakeTmp/CheckSymbolExists.cxx:
/* */
#include <QtCore/qglobal.h>

void cmakeRequireSymbol(int dummy,...){(void)dummy;}
int main()
{
#ifndef Q_WS_WIN
  cmakeRequireSymbol(0,&Q_WS_WIN);
#endif
  return 0;
}

Determining if the Q_WS_QWS exist failed with the following output:
Change Dir: /home/matthew/CSC232/Lab4/build/CMakeFiles/CMakeTmp

Run Build Command:/usr/bin/make "cmTryCompileExec/fast"
/usr/bin/make -f CMakeFiles/cmTryCompileExec.dir/build.make CMakeFiles/cmTryCompileExec.dir/build
make[1]: Entering directory `/home/matthew/CSC232/Lab4/build/CMakeFiles/CMakeTmp'
/usr/bin/cmake -E cmake_progress_report /home/matthew/CSC232/Lab4/build/CMakeFiles/CMakeTmp/CMakeFiles 1
Building CXX object CMakeFiles/cmTryCompileExec.dir/CheckSymbolExists.cxx.o
/usr/bin/c++    -I/usr/include/qt4    -o CMakeFiles/cmTryCompileExec.dir/CheckSymbolExists.cxx.o -c /home/matthew/CSC232/Lab4/build/CMakeFiles/CMakeTmp/CheckSymbolExists.cxx
/home/matthew/CSC232/Lab4/build/CMakeFiles/CMakeTmp/CheckSymbolExists.cxx: In function 'int main()':
/home/matthew/CSC232/Lab4/build/CMakeFiles/CMakeTmp/CheckSymbolExists.cxx:8:25: error: 'Q_WS_QWS' was not declared in this scope
make[1]: *** [CMakeFiles/cmTryCompileExec.dir/CheckSymbolExists.cxx.o] Error 1
make[1]: Leaving directory `/home/matthew/CSC232/Lab4/build/CMakeFiles/CMakeTmp'
make: *** [cmTryCompileExec/fast] Error 2

File /home/matthew/CSC232/Lab4/build/CMakeFiles/CMakeTmp/CheckSymbolExists.cxx:
/* */
#include <QtCore/qglobal.h>

void cmakeRequireSymbol(int dummy,...){(void)dummy;}
int main()
{
#ifndef Q_WS_QWS
  cmakeRequireSymbol(0,&Q_WS_QWS);
#endif
  return 0;
}

Determining if the Q_WS_MAC exist failed with the following output:
Change Dir: /home/matthew/CSC232/Lab4/build/CMakeFiles/CMakeTmp

Run Build Command:/usr/bin/make "cmTryCompileExec/fast"
/usr/bin/make -f CMakeFiles/cmTryCompileExec.dir/build.make CMakeFiles/cmTryCompileExec.dir/build
make[1]: Entering directory `/home/matthew/CSC232/Lab4/build/CMakeFiles/CMakeTmp'
/usr/bin/cmake -E cmake_progress_report /home/matthew/CSC232/Lab4/build/CMakeFiles/CMakeTmp/CMakeFiles 1
Building CXX object CMakeFiles/cmTryCompileExec.dir/CheckSymbolExists.cxx.o
/usr/bin/c++    -I/usr/include/qt4    -o CMakeFiles/cmTryCompileExec.dir/CheckSymbolExists.cxx.o -c /home/matthew/CSC232/Lab4/build/CMakeFiles/CMakeTmp/CheckSymbolExists.cxx
/home/matthew/CSC232/Lab4/build/CMakeFiles/CMakeTmp/CheckSymbolExists.cxx: In function 'int main()':
/home/matthew/CSC232/Lab4/build/CMakeFiles/CMakeTmp/CheckSymbolExists.cxx:8:25: error: 'Q_WS_MAC' was not declared in this scope
make[1]: *** [CMakeFiles/cmTryCompileExec.dir/CheckSymbolExists.cxx.o] Error 1
make[1]: Leaving directory `/home/matthew/CSC232/Lab4/build/CMakeFiles/CMakeTmp'
make: *** [cmTryCompileExec/fast] Error 2

File /home/matthew/CSC232/Lab4/build/CMakeFiles/CMakeTmp/CheckSymbolExists.cxx:
/* */
#include <QtCore/qglobal.h>

void cmakeRequireSymbol(int dummy,...){(void)dummy;}
int main()
{
#ifndef Q_WS_MAC
  cmakeRequireSymbol(0,&Q_WS_MAC);
#endif
  return 0;
}

Determining if the Q_WS_WIN exist failed with the following output:
Change Dir: /home/matthew/CSC232/Lab4/build/CMakeFiles/CMakeTmp

Run Build Command:/usr/bin/make "cmTryCompileExec/fast"
/usr/bin/make -f CMakeFiles/cmTryCompileExec.dir/build.make CMakeFiles/cmTryCompileExec.dir/build
make[1]: Entering directory `/home/matthew/CSC232/Lab4/build/CMakeFiles/CMakeTmp'
/usr/bin/cmake -E cmake_progress_report /home/matthew/CSC232/Lab4/build/CMakeFiles/CMakeTmp/CMakeFiles 1
Building CXX object CMakeFiles/cmTryCompileExec.dir/CheckSymbolExists.cxx.o
/usr/bin/c++    -I/usr/include/qt4    -o CMakeFiles/cmTryCompileExec.dir/CheckSymbolExists.cxx.o -c /home/matthew/CSC232/Lab4/build/CMakeFiles/CMakeTmp/CheckSymbolExists.cxx
/home/matthew/CSC232/Lab4/build/CMakeFiles/CMakeTmp/CheckSymbolExists.cxx: In function 'int main()':
/home/matthew/CSC232/Lab4/build/CMakeFiles/CMakeTmp/CheckSymbolExists.cxx:8:25: error: 'Q_WS_WIN' was not declared in this scope
make[1]: *** [CMakeFiles/cmTryCompileExec.dir/CheckSymbolExists.cxx.o] Error 1
make[1]: Leaving directory `/home/matthew/CSC232/Lab4/build/CMakeFiles/CMakeTmp'
make: *** [cmTryCompileExec/fast] Error 2

File /home/matthew/CSC232/Lab4/build/CMakeFiles/CMakeTmp/CheckSymbolExists.cxx:
/* */
#include <QtCore/qglobal.h>

void cmakeRequireSymbol(int dummy,...){(void)dummy;}
int main()
{
#ifndef Q_WS_WIN
  cmakeRequireSymbol(0,&Q_WS_WIN);
#endif
  return 0;
}

Determining if the Q_WS_QWS exist failed with the following output:
Change Dir: /home/matthew/CSC232/Lab4/build/CMakeFiles/CMakeTmp

Run Build Command:/usr/bin/make "cmTryCompileExec/fast"
/usr/bin/make -f CMakeFiles/cmTryCompileExec.dir/build.make CMakeFiles/cmTryCompileExec.dir/build
make[1]: Entering directory `/home/matthew/CSC232/Lab4/build/CMakeFiles/CMakeTmp'
/usr/bin/cmake -E cmake_progress_report /home/matthew/CSC232/Lab4/build/CMakeFiles/CMakeTmp/CMakeFiles 1
Building CXX object CMakeFiles/cmTryCompileExec.dir/CheckSymbolExists.cxx.o
/usr/bin/c++    -I/usr/include/qt4    -o CMakeFiles/cmTryCompileExec.dir/CheckSymbolExists.cxx.o -c /home/matthew/CSC232/Lab4/build/CMakeFiles/CMakeTmp/CheckSymbolExists.cxx
/home/matthew/CSC232/Lab4/build/CMakeFiles/CMakeTmp/CheckSymbolExists.cxx: In function 'int main()':
/home/matthew/CSC232/Lab4/build/CMakeFiles/CMakeTmp/CheckSymbolExists.cxx:8:25: error: 'Q_WS_QWS' was not declared in this scope
make[1]: *** [CMakeFiles/cmTryCompileExec.dir/CheckSymbolExists.cxx.o] Error 1
make[1]: Leaving directory `/home/matthew/CSC232/Lab4/build/CMakeFiles/CMakeTmp'
make: *** [cmTryCompileExec/fast] Error 2

File /home/matthew/CSC232/Lab4/build/CMakeFiles/CMakeTmp/CheckSymbolExists.cxx:
/* */
#include <QtCore/qglobal.h>

void cmakeRequireSymbol(int dummy,...){(void)dummy;}
int main()
{
#ifndef Q_WS_QWS
  cmakeRequireSymbol(0,&Q_WS_QWS);
#endif
  return 0;
}

Determining if the Q_WS_MAC exist failed with the following output:
Change Dir: /home/matthew/CSC232/Lab4/build/CMakeFiles/CMakeTmp

Run Build Command:/usr/bin/make "cmTryCompileExec/fast"
/usr/bin/make -f CMakeFiles/cmTryCompileExec.dir/build.make CMakeFiles/cmTryCompileExec.dir/build
make[1]: Entering directory `/home/matthew/CSC232/Lab4/build/CMakeFiles/CMakeTmp'
/usr/bin/cmake -E cmake_progress_report /home/matthew/CSC232/Lab4/build/CMakeFiles/CMakeTmp/CMakeFiles 1
Building CXX object CMakeFiles/cmTryCompileExec.dir/CheckSymbolExists.cxx.o
/usr/bin/c++    -I/usr/include/qt4    -o CMakeFiles/cmTryCompileExec.dir/CheckSymbolExists.cxx.o -c /home/matthew/CSC232/Lab4/build/CMakeFiles/CMakeTmp/CheckSymbolExists.cxx
/home/matthew/CSC232/Lab4/build/CMakeFiles/CMakeTmp/CheckSymbolExists.cxx: In function 'int main()':
/home/matthew/CSC232/Lab4/build/CMakeFiles/CMakeTmp/CheckSymbolExists.cxx:8:25: error: 'Q_WS_MAC' was not declared in this scope
make[1]: *** [CMakeFiles/cmTryCompileExec.dir/CheckSymbolExists.cxx.o] Error 1
make[1]: Leaving directory `/home/matthew/CSC232/Lab4/build/CMakeFiles/CMakeTmp'
make: *** [cmTryCompileExec/fast] Error 2

File /home/matthew/CSC232/Lab4/build/CMakeFiles/CMakeTmp/CheckSymbolExists.cxx:
/* */
#include <QtCore/qglobal.h>

void cmakeRequireSymbol(int dummy,...){(void)dummy;}
int main()
{
#ifndef Q_WS_MAC
  cmakeRequireSymbol(0,&Q_WS_MAC);
#endif
  return 0;
}

Determining if the Q_WS_WIN exist failed with the following output:
Change Dir: /home/matthew/CSC232/Lab4/build/CMakeFiles/CMakeTmp

Run Build Command:/usr/bin/make "cmTryCompileExec/fast"
/usr/bin/make -f CMakeFiles/cmTryCompileExec.dir/build.make CMakeFiles/cmTryCompileExec.dir/build
make[1]: Entering directory `/home/matthew/CSC232/Lab4/build/CMakeFiles/CMakeTmp'
/usr/bin/cmake -E cmake_progress_report /home/matthew/CSC232/Lab4/build/CMakeFiles/CMakeTmp/CMakeFiles 1
Building CXX object CMakeFiles/cmTryCompileExec.dir/CheckSymbolExists.cxx.o
/usr/bin/c++    -I/usr/include/qt4    -o CMakeFiles/cmTryCompileExec.dir/CheckSymbolExists.cxx.o -c /home/matthew/CSC232/Lab4/build/CMakeFiles/CMakeTmp/CheckSymbolExists.cxx
/home/matthew/CSC232/Lab4/build/CMakeFiles/CMakeTmp/CheckSymbolExists.cxx: In function 'int main()':
/home/matthew/CSC232/Lab4/build/CMakeFiles/CMakeTmp/CheckSymbolExists.cxx:8:25: error: 'Q_WS_WIN' was not declared in this scope
make[1]: *** [CMakeFiles/cmTryCompileExec.dir/CheckSymbolExists.cxx.o] Error 1
make[1]: Leaving directory `/home/matthew/CSC232/Lab4/build/CMakeFiles/CMakeTmp'
make: *** [cmTryCompileExec/fast] Error 2

File /home/matthew/CSC232/Lab4/build/CMakeFiles/CMakeTmp/CheckSymbolExists.cxx:
/* */
#include <QtCore/qglobal.h>

void cmakeRequireSymbol(int dummy,...){(void)dummy;}
int main()
{
#ifndef Q_WS_WIN
  cmakeRequireSymbol(0,&Q_WS_WIN);
#endif
  return 0;
}

Determining if the Q_WS_QWS exist failed with the following output:
Change Dir: /home/matthew/CSC232/Lab4/build/CMakeFiles/CMakeTmp

Run Build Command:/usr/bin/make "cmTryCompileExec/fast"
/usr/bin/make -f CMakeFiles/cmTryCompileExec.dir/build.make CMakeFiles/cmTryCompileExec.dir/build
make[1]: Entering directory `/home/matthew/CSC232/Lab4/build/CMakeFiles/CMakeTmp'
/usr/bin/cmake -E cmake_progress_report /home/matthew/CSC232/Lab4/build/CMakeFiles/CMakeTmp/CMakeFiles 1
Building CXX object CMakeFiles/cmTryCompileExec.dir/CheckSymbolExists.cxx.o
/usr/bin/c++    -I/usr/include/qt4    -o CMakeFiles/cmTryCompileExec.dir/CheckSymbolExists.cxx.o -c /home/matthew/CSC232/Lab4/build/CMakeFiles/CMakeTmp/CheckSymbolExists.cxx
/home/matthew/CSC232/Lab4/build/CMakeFiles/CMakeTmp/CheckSymbolExists.cxx: In function 'int main()':
/home/matthew/CSC232/Lab4/build/CMakeFiles/CMakeTmp/CheckSymbolExists.cxx:8:25: error: 'Q_WS_QWS' was not declared in this scope
make[1]: *** [CMakeFiles/cmTryCompileExec.dir/CheckSymbolExists.cxx.o] Error 1
make[1]: Leaving directory `/home/matthew/CSC232/Lab4/build/CMakeFiles/CMakeTmp'
make: *** [cmTryCompileExec/fast] Error 2

File /home/matthew/CSC232/Lab4/build/CMakeFiles/CMakeTmp/CheckSymbolExists.cxx:
/* */
#include <QtCore/qglobal.h>

void cmakeRequireSymbol(int dummy,...){(void)dummy;}
int main()
{
#ifndef Q_WS_QWS
  cmakeRequireSymbol(0,&Q_WS_QWS);
#endif
  return 0;
}

Determining if the Q_WS_MAC exist failed with the following output:
Change Dir: /home/matthew/CSC232/Lab4/build/CMakeFiles/CMakeTmp

Run Build Command:/usr/bin/make "cmTryCompileExec/fast"
/usr/bin/make -f CMakeFiles/cmTryCompileExec.dir/build.make CMakeFiles/cmTryCompileExec.dir/build
make[1]: Entering directory `/home/matthew/CSC232/Lab4/build/CMakeFiles/CMakeTmp'
/usr/bin/cmake -E cmake_progress_report /home/matthew/CSC232/Lab4/build/CMakeFiles/CMakeTmp/CMakeFiles 1
Building CXX object CMakeFiles/cmTryCompileExec.dir/CheckSymbolExists.cxx.o
/usr/bin/c++    -I/usr/include/qt4    -o CMakeFiles/cmTryCompileExec.dir/CheckSymbolExists.cxx.o -c /home/matthew/CSC232/Lab4/build/CMakeFiles/CMakeTmp/CheckSymbolExists.cxx
/home/matthew/CSC232/Lab4/build/CMakeFiles/CMakeTmp/CheckSymbolExists.cxx: In function 'int main()':
/home/matthew/CSC232/Lab4/build/CMakeFiles/CMakeTmp/CheckSymbolExists.cxx:8:25: error: 'Q_WS_MAC' was not declared in this scope
make[1]: *** [CMakeFiles/cmTryCompileExec.dir/CheckSymbolExists.cxx.o] Error 1
make[1]: Leaving directory `/home/matthew/CSC232/Lab4/build/CMakeFiles/CMakeTmp'
make: *** [cmTryCompileExec/fast] Error 2

File /home/matthew/CSC232/Lab4/build/CMakeFiles/CMakeTmp/CheckSymbolExists.cxx:
/* */
#include <QtCore/qglobal.h>

void cmakeRequireSymbol(int dummy,...){(void)dummy;}
int main()
{
#ifndef Q_WS_MAC
  cmakeRequireSymbol(0,&Q_WS_MAC);
#endif
  return 0;
}

